#
# A fatal error has been detected by the Java Runtime Environment:
#
#  EXCEPTION_ACCESS_VIOLATION (0xc0000005) at pc=0x00000149de1a4c04, pid=9420, tid=4624
#
# JRE version: OpenJDK Runtime Environment (18.0.1.1+2) (build 18.0.1.1+2-6)
# Java VM: OpenJDK 64-Bit Server VM (18.0.1.1+2-6, mixed mode, emulated-client, sharing, tiered, compressed oops, compressed class ptrs, g1 gc, windows-amd64)
# Problematic frame:
# v  ~BufferBlob::MethodHandles adapters
#
# No core dump will be written. Minidumps are not enabled by default on client versions of Windows
#
# If you would like to submit a bug report, please visit:
#   https://bugreport.java.com/bugreport/crash.jsp
#

---------------  S U M M A R Y ------------

Command Line: -XX:+ShowCodeDetailsInExceptionMessages -agentlib:jdwp=transport=dt_socket,suspend=y,address=localhost:64363 -Dcom.sun.management.jmxremote -Dcom.sun.management.jmxremote.port=64362 -Dcom.sun.management.jmxremote.authenticate=false -Dcom.sun.management.jmxremote.ssl=false -Djava.rmi.server.hostname=localhost -Dspring.jmx.enabled=true -Dspring.application.admin.enabled=true -XX:TieredStopAtLevel=1 -Dspring.boot.project.name=test -javaagent:C:\pleiades\2022-03\eclipse\configuration\org.eclipse.osgi\225\0\.cp\lib\javaagent-shaded.jar -Dfile.encoding=MS932 com.test.managementsite.ManagementSiteApplication

Host: Intel(R) Core(TM) i7-7700 CPU @ 3.60GHz, 8 cores, 7G,  Windows 10 , 64 bit Build 19041 (10.0.19041.1645)
Time: Thu May 12 09:48:00 2022  Windows 10 , 64 bit Build 19041 (10.0.19041.1645) elapsed time: 838.083340 seconds (0d 0h 13m 58s)

---------------  T H R E A D  ---------------

Current thread (0x00000149ef57dff0):  JavaThread "http-nio-8080-exec-3" daemon [_thread_in_Java, id=4624, stack(0x0000002dda200000,0x0000002dda300000)]

Stack: [0x0000002dda200000,0x0000002dda300000],  sp=0x0000002dda2fd0f8,  free space=1012k
Native frames: (J=compiled Java code, j=interpreted, Vv=VM code, C=native code)
C  0x00000149de1a4c04


siginfo: EXCEPTION_ACCESS_VIOLATION (0xc0000005), reading address 0xffffffffffffffff


Register to memory mapping:

RIP=0x00000149de1a4c04 is at begin+45 in a stub
MethodHandle::interpreter_entry::_linkToVirtual [0x00000149de1a4bd7, 0x00000149de1a4c2a] (83 bytes)
RAX=0x00000149de15a304 is at code_begin+4516 in an Interpreter codelet
return entry points  [0x00000149de159160, 0x00000149de15b0a0]  8000 bytes
RBX=0x00000000850df1f8 is an oop: com.test.managementsite.data.SearchMemberForm 
{0x00000000850df1f8} - klass: 'com/test/managementsite/data/SearchMemberForm'
 - ---- fields (total size 3 words):
 - private final 'name' 'Ljava/lang/String;' @12  "123"{0x0000000085175c60} (85175c60)
 - private final 'sex' 'Ljava/lang/String;' @16  "7"{0x0000000085175f88} (85175f88)
 - private final 'age' 'Ljava/lang/String;' @20  ""{0x0000000081a878c8} (81a878c8)
RCX=0x0000002dda2fd110 is pointing into the stack for thread: 0x00000149ef57dff0
RDX=0x0000000000000004 is an unknown value
RSP=0x0000002dda2fd0f8 is pointing into the stack for thread: 0x00000149ef57dff0
RBP=0x0000002dda2fd158 is pointing into the stack for thread: 0x00000149ef57dff0
RSI=0x00000149efd259f8 points into unknown readable memory: 0x8800270049726ccc | cc 6c 72 49 00 27 00 88
RDI=0x00000149eee09820 points into unknown readable memory: 0x0000002800000080 | 80 00 00 00 28 00 00 00
R8 =0x0000000000000004 is an unknown value
R9 =0x0000000000000004 is an unknown value
R10=0x00000008ea0102be is an unknown value
R11=0x81a878c885175f88 is an unknown value
R12=0x0 is NULL
R13=0x0000002dda2fd0f8 is pointing into the stack for thread: 0x00000149ef57dff0
R14=0x0000002dda2fd188 is pointing into the stack for thread: 0x00000149ef57dff0
R15=0x00000149ef57dff0 is a thread


Registers:
RAX=0x00000149de15a304, RBX=0x00000000850df1f8, RCX=0x0000002dda2fd110, RDX=0x0000000000000004
RSP=0x0000002dda2fd0f8, RBP=0x0000002dda2fd158, RSI=0x00000149efd259f8, RDI=0x00000149eee09820
R8 =0x0000000000000004, R9 =0x0000000000000004, R10=0x00000008ea0102be, R11=0x81a878c885175f88
R12=0x0000000000000000, R13=0x0000002dda2fd0f8, R14=0x0000002dda2fd188, R15=0x00000149ef57dff0
RIP=0x00000149de1a4c04, EFLAGS=0x0000000000010206

Top of Stack: (sp=0x0000002dda2fd0f8)
0x0000002dda2fd0f8:   00000149de15a304 000000008618ba38
0x0000002dda2fd108:   00000000840790a8 0000002dda2fd110
0x0000002dda2fd118:   00000149ea0102be 0000002dda2fd188
0x0000002dda2fd128:   00000149ea0103f0 0000002dda2fd200
0x0000002dda2fd138:   0000000081e017e8 00000149ea0102d0
0x0000002dda2fd148:   0000002dda2fd0f8 0000002dda2fd190
0x0000002dda2fd158:   0000002dda2fd200 00000149de15a304
0x0000002dda2fd168:   0000000084f620b0 00000000850df1f8
0x0000002dda2fd178:   000000008618ba38 00000000840790a8
0x0000002dda2fd188:   0000000084f62258 00000149de15a304
0x0000002dda2fd198:   00000000850df1f8 000000008618ba38
0x0000002dda2fd1a8:   00000000840790a8 0000000084f62258
0x0000002dda2fd1b8:   0000002dda2fd1b8 00000149e9fec751
0x0000002dda2fd1c8:   0000002dda2fd260 00000149e93f48a0
0x0000002dda2fd1d8:   0000000000000000 0000000084f6d5c0
0x0000002dda2fd1e8:   00000149e9fec760 0000002dda2fd198 

Instructions: (pc=0x00000149de1a4c04)
0x00000149de1a4b04:   00 00 00 00 01 00 00 00 00 00 00 00 a8 27 b0 dd
0x00000149de1a4b14:   fd 7f 00 00 00 00 00 00 10 10 00 00 68 00 00 00
0x00000149de1a4b24:   ff ff ff ff 10 10 00 00 00 00 00 00 80 4b 1a de
0x00000149de1a4b34:   49 01 00 00 20 5b 1a de 49 01 00 00 80 4b 1a de
0x00000149de1a4b44:   49 01 00 00 20 5b 1a de 49 01 00 00 78 4b 1a de
0x00000149de1a4b54:   49 01 00 00 78 4b 1a de 49 01 00 00 00 00 00 00
0x00000149de1a4b64:   00 00 00 00 00 00 00 00 00 00 00 00 68 28 b0 dd
0x00000149de1a4b74:   fd 7f 00 00 00 00 00 00 00 00 00 00 f4 66 66 66
0x00000149de1a4b84:   0f 1f 84 00 00 00 00 00 66 66 66 90 66 66 66 0f
0x00000149de1a4b94:   1f 84 00 00 00 00 00 66 66 66 90 90 48 8b 53 08
0x00000149de1a4ba4:   0f b7 52 2c 48 8b 0c d4 8b 59 14 8b 5b 28 8b 5b
0x00000149de1a4bb4:   24 48 8b 5b 10 48 85 db 0f 84 10 00 00 00 41 80
0x00000149de1a4bc4:   bf 80 04 00 00 00 74 03 ff 63 38 ff 63 50 e9 a9
0x00000149de1a4bd4:   f6 ff ff 66 0f 1f 84 00 00 00 00 00 48 8b 53 08
0x00000149de1a4be4:   0f b7 52 2c 48 8b 0c d4 58 5b 50 44 8b 51 08 49
0x00000149de1a4bf4:   bb 00 00 00 00 08 00 00 00 4d 03 d3 4c 8b 5b 10
0x00000149de1a4c04:   4b 8b 9c da b8 01 00 00 48 85 db 0f 84 10 00 00
0x00000149de1a4c14:   00 41 80 bf 80 04 00 00 00 74 03 ff 63 38 ff 63
0x00000149de1a4c24:   50 e9 56 f6 ff ff 66 66 66 0f 1f 84 00 00 00 00
0x00000149de1a4c34:   00 66 66 66 90 0f 1f 80 00 00 00 00 58 5b 50 8b
0x00000149de1a4c44:   5b 24 48 8b 5b 10 48 85 db 0f 84 10 00 00 00 41
0x00000149de1a4c54:   80 bf 80 04 00 00 00 74 03 ff 63 38 ff 63 50 e9
0x00000149de1a4c64:   18 f6 ff ff 66 66 66 0f 1f 84 00 00 00 00 00 66
0x00000149de1a4c74:   66 66 90 66 0f 1f 84 00 00 00 00 00 48 8b 53 08
0x00000149de1a4c84:   0f b7 52 2c 48 8b 0c d4 58 5b 50 48 3b 01 8b 5b
0x00000149de1a4c94:   24 48 8b 5b 10 48 85 db 0f 84 10 00 00 00 41 80
0x00000149de1a4ca4:   bf 80 04 00 00 00 74 03 ff 63 38 ff 63 50 e9 c9
0x00000149de1a4cb4:   f5 ff ff 66 0f 1f 84 00 00 00 00 00 48 8b 53 08
0x00000149de1a4cc4:   0f b7 52 2c 48 8b 0c d4 58 5b 50 44 8b 51 08 49
0x00000149de1a4cd4:   bb 00 00 00 00 08 00 00 00 4d 03 d3 8b 43 18 48
0x00000149de1a4ce4:   8b 40 10 48 8b 5b 10 45 8b 9a a0 00 00 00 4f 8d
0x00000149de1a4cf4:   9c da b8 01 00 00 4d 8d 14 da 49 8b 1b 48 3b c3 


Stack slot to memory mapping:
stack at sp + 0 slots: 0x00000149de15a304 is at code_begin+4516 in an Interpreter codelet
return entry points  [0x00000149de159160, 0x00000149de15b0a0]  8000 bytes
stack at sp + 1 slots: 0x000000008618ba38 is an oop: org.springframework.validation.support.BindingAwareModelMap 
{0x000000008618ba38} - klass: 'org/springframework/validation/support/BindingAwareModelMap'
 - ---- fields (total size 7 words):
 - transient 'keySet' 'Ljava/util/Set;' @12  NULL (0)
 - transient 'values' 'Ljava/util/Collection;' @16  NULL (0)
 - transient 'size' 'I' @20  2
 - transient 'modCount' 'I' @24  2
 - 'threshold' 'I' @28  3
 - final 'loadFactor' 'F' @32  0.750000 (3f400000)
 - transient 'table' '[Ljava/util/HashMap$Node;' @36  a 'java/util/HashMap$Node'[4] {0x0000000084f61ed8} (84f61ed8)
 - transient 'entrySet' 'Ljava/util/Set;' @40  NULL (0)
 - final 'accessOrder' 'Z' @44  false
 - transient 'head' 'Ljava/util/LinkedHashMap$Entry;' @48  a 'java/util/LinkedHashMap$Entry'{0x0000000084f61ef8} (84f61ef8)
 - transient 'tail' 'Ljava/util/LinkedHashMap$Entry;' @52  a 'java/util/LinkedHashMap$Entry'{0x0000000084f61f20} (84f61f20)
stack at sp + 2 slots: 0x00000000840790a8 is an oop: com.test.managementsite.controller.membermanagement.SearchMember 
{0x00000000840790a8} - klass: 'com/test/managementsite/controller/membermanagement/SearchMember'
 - ---- fields (total size 2 words):
 - private final 'memberManager' 'Lcom/test/managementsite/service/IMemberManager;' @12  a 'com/test/managementsite/service/MemberManager'{0x0000000083f77178} (83f77178)
stack at sp + 3 slots: 0x0000002dda2fd110 is pointing into the stack for thread: 0x00000149ef57dff0
stack at sp + 4 slots: 0x00000149ea0102be is pointing into metadata
stack at sp + 5 slots: 0x0000002dda2fd188 is pointing into the stack for thread: 0x00000149ef57dff0
stack at sp + 6 slots: 0x00000149ea0103f0 is pointing into metadata
stack at sp + 7 slots: 0x0000002dda2fd200 is pointing into the stack for thread: 0x00000149ef57dff0

MethodHandle::interpreter_entry::_linkToVirtual [0x00000149de1a4bd7, 0x00000149de1a4c2a] (83 bytes)
[MachCode]
  0x00000149de1a4bd7: 660f 1f84 | 0000 0000 | 0048 8b53 | 080f b752 | 2c48 8b0c | d458 5b50 | 448b 5108 | 49bb 0000 
  0x00000149de1a4bf7: 0000 0800 | 0000 4d03 | d34c 8b5b | 104b 8b9c | dab8 0100 | 0048 85db | 0f84 1000 | 0000 4180 
  0x00000149de1a4c17: bf80 0400 | 0000 7403 | ff63 38ff | 6350 e956 | 
[/MachCode]

---------------  P R O C E S S  ---------------

Threads class SMR info:
_java_thread_list=0x00000149ef6ab4e0, length=36, elements={
0x00000149e8823ca0, 0x00000149e8825230, 0x00000149e883f010, 0x00000149e883f8c0,
0x00000149e8840170, 0x00000149e8845510, 0x00000149e88506d0, 0x00000149e885c150,
0x00000149e88cea60, 0x00000149eccdbbd0, 0x00000149eccfa890, 0x00000149eccfaf80,
0x00000149ed562680, 0x00000149ed624a90, 0x00000149ed6901a0, 0x00000149ed69bb40,
0x00000149ee605100, 0x00000149ee6038f0, 0x00000149ef57a630, 0x00000149ef577fb0,
0x00000149ef57d180, 0x00000149ef57e990, 0x00000149ef578480, 0x00000149ef579c90,
0x00000149ef57c7e0, 0x00000149ef5792f0, 0x00000149ef57dff0, 0x00000149ef57d650,
0x00000149ef578950, 0x00000149ef578e20, 0x00000149ef57b970, 0x00000149ef57c310,
0x00000149ef57ccb0, 0x00000149ef57be40, 0x00000149ef57ee60, 0x00000149ef57e4c0
}

Java Threads: ( => current thread )
  0x00000149e8823ca0 JavaThread "Reference Handler" daemon [_thread_blocked, id=14600, stack(0x0000002dd8000000,0x0000002dd8100000)]
  0x00000149e8825230 JavaThread "Finalizer" daemon [_thread_blocked, id=16088, stack(0x0000002dd8100000,0x0000002dd8200000)]
  0x00000149e883f010 JavaThread "Signal Dispatcher" daemon [_thread_blocked, id=12984, stack(0x0000002dd8200000,0x0000002dd8300000)]
  0x00000149e883f8c0 JavaThread "Attach Listener" daemon [_thread_blocked, id=5052, stack(0x0000002dd8300000,0x0000002dd8400000)]
  0x00000149e8840170 JavaThread "Service Thread" daemon [_thread_blocked, id=5148, stack(0x0000002dd8400000,0x0000002dd8500000)]
  0x00000149e8845510 JavaThread "Monitor Deflation Thread" daemon [_thread_blocked, id=15316, stack(0x0000002dd8500000,0x0000002dd8600000)]
  0x00000149e88506d0 JavaThread "C1 CompilerThread0" daemon [_thread_blocked, id=4564, stack(0x0000002dd8600000,0x0000002dd8700000)]
  0x00000149e885c150 JavaThread "Sweeper thread" daemon [_thread_blocked, id=1700, stack(0x0000002dd8700000,0x0000002dd8800000)]
  0x00000149e88cea60 JavaThread "Common-Cleaner" daemon [_thread_blocked, id=3180, stack(0x0000002dd8800000,0x0000002dd8900000)]
  0x00000149eccdbbd0 JavaThread "JDWP Transport Listener: dt_socket" daemon [_thread_blocked, id=16180, stack(0x0000002dd8c00000,0x0000002dd8d00000)]
  0x00000149eccfa890 JavaThread "JDWP Event Helper Thread" daemon [_thread_blocked, id=8628, stack(0x0000002dd8d00000,0x0000002dd8e00000)]
  0x00000149eccfaf80 JavaThread "JDWP Command Reader" daemon [_thread_blocked, id=5096, stack(0x0000002dd8e00000,0x0000002dd8f00000)]
  0x00000149ed562680 JavaThread "Notification Thread" daemon [_thread_blocked, id=8148, stack(0x0000002dd8f00000,0x0000002dd9000000)]
  0x00000149ed624a90 JavaThread "RMI TCP Accept-0" daemon [_thread_in_native, id=2744, stack(0x0000002dd9000000,0x0000002dd9100000)]
  0x00000149ed6901a0 JavaThread "RMI TCP Accept-64362" daemon [_thread_in_native, id=9592, stack(0x0000002dd9100000,0x0000002dd9200000)]
  0x00000149ed69bb40 JavaThread "RMI TCP Accept-0" daemon [_thread_in_native, id=8788, stack(0x0000002dd9200000,0x0000002dd9300000)]
  0x00000149ee605100 JavaThread "mysql-cj-abandoned-connection-cleanup" daemon [_thread_blocked, id=1376, stack(0x0000002dda300000,0x0000002dda400000)]
  0x00000149ee6038f0 JavaThread "Live Reload Server" daemon [_thread_in_native, id=1584, stack(0x0000002dda900000,0x0000002ddaa00000)]
  0x00000149ef57a630 JavaThread "DestroyJavaVM" [_thread_blocked, id=11408, stack(0x0000002dd7900000,0x0000002dd7a00000)]
  0x00000149ef577fb0 JavaThread "Catalina-utility-1" [_thread_blocked, id=8064, stack(0x0000002dd7800000,0x0000002dd7900000)]
  0x00000149ef57d180 JavaThread "Catalina-utility-2" [_thread_blocked, id=8240, stack(0x0000002dd8a00000,0x0000002dd8b00000)]
  0x00000149ef57e990 JavaThread "container-0" [_thread_blocked, id=6548, stack(0x0000002dd8b00000,0x0000002dd8c00000)]
  0x00000149ef578480 JavaThread "HikariPool-29 housekeeper" daemon [_thread_blocked, id=9364, stack(0x0000002dd9d00000,0x0000002dd9e00000)]
  0x00000149ef579c90 JavaThread "File Watcher" daemon [_thread_blocked, id=15260, stack(0x0000002dd9e00000,0x0000002dd9f00000)]
  0x00000149ef57c7e0 JavaThread "http-nio-8080-exec-1" daemon [_thread_blocked, id=12832, stack(0x0000002dd9f00000,0x0000002dda000000)]
  0x00000149ef5792f0 JavaThread "http-nio-8080-exec-2" daemon [_thread_blocked, id=8032, stack(0x0000002dda100000,0x0000002dda200000)]
=>0x00000149ef57dff0 JavaThread "http-nio-8080-exec-3" daemon [_thread_in_Java, id=4624, stack(0x0000002dda200000,0x0000002dda300000)]
  0x00000149ef57d650 JavaThread "http-nio-8080-exec-4" daemon [_thread_blocked, id=928, stack(0x0000002dda500000,0x0000002dda600000)]
  0x00000149ef578950 JavaThread "http-nio-8080-exec-5" daemon [_thread_blocked, id=9848, stack(0x0000002dda600000,0x0000002dda700000)]
  0x00000149ef578e20 JavaThread "http-nio-8080-exec-6" daemon [_thread_blocked, id=6972, stack(0x0000002dda700000,0x0000002dda800000)]
  0x00000149ef57b970 JavaThread "http-nio-8080-exec-7" daemon [_thread_blocked, id=15356, stack(0x0000002dda800000,0x0000002dda900000)]
  0x00000149ef57c310 JavaThread "http-nio-8080-exec-8" daemon [_thread_blocked, id=8780, stack(0x0000002ddaa00000,0x0000002ddab00000)]
  0x00000149ef57ccb0 JavaThread "http-nio-8080-exec-9" daemon [_thread_blocked, id=9900, stack(0x0000002ddab00000,0x0000002ddac00000)]
  0x00000149ef57be40 JavaThread "http-nio-8080-exec-10" daemon [_thread_blocked, id=6592, stack(0x0000002ddac00000,0x0000002ddad00000)]
  0x00000149ef57ee60 JavaThread "http-nio-8080-Poller" daemon [_thread_in_native, id=12976, stack(0x0000002ddad00000,0x0000002ddae00000)]
  0x00000149ef57e4c0 JavaThread "http-nio-8080-Acceptor" daemon [_thread_in_native, id=8844, stack(0x0000002ddae00000,0x0000002ddaf00000)]

Other Threads:
  0x00000149d68af440 VMThread "VM Thread" [stack: 0x0000002dd7f00000,0x0000002dd8000000] [id=3864] _threads_hazard_ptr=0x00000149ef6ab4e0
  0x00000149ed69c000 WatcherThread "VM Periodic Task Thread" [stack: 0x0000002dd9300000,0x0000002dd9400000] [id=10216]
  0x00000149d6881140 WorkerThread "GC Thread#0" [stack: 0x0000002dd7a00000,0x0000002dd7b00000] [id=2620]
  0x00000149ed7209c0 WorkerThread "GC Thread#1" [stack: 0x0000002dd9400000,0x0000002dd9500000] [id=7384]
  0x00000149ed714770 WorkerThread "GC Thread#2" [stack: 0x0000002dd9500000,0x0000002dd9600000] [id=8200]
  0x00000149ed7d6c00 WorkerThread "GC Thread#3" [stack: 0x0000002dd9600000,0x0000002dd9700000] [id=11136]
  0x00000149ed80ca30 WorkerThread "GC Thread#4" [stack: 0x0000002dd9700000,0x0000002dd9800000] [id=14396]
  0x00000149ed80ccd0 WorkerThread "GC Thread#5" [stack: 0x0000002dd9800000,0x0000002dd9900000] [id=9788]
  0x00000149ed80cf70 WorkerThread "GC Thread#6" [stack: 0x0000002dd9900000,0x0000002dd9a00000] [id=5056]
  0x00000149ed80da20 WorkerThread "GC Thread#7" [stack: 0x0000002dd9a00000,0x0000002dd9b00000] [id=10972]
  0x00000149d6891cc0 ConcurrentGCThread "G1 Main Marker" [stack: 0x0000002dd7b00000,0x0000002dd7c00000] [id=1088]
  0x00000149d6892d60 WorkerThread "G1 Conc#0" [stack: 0x0000002dd7c00000,0x0000002dd7d00000] [id=1140]
  0x00000149edbb5470 WorkerThread "G1 Conc#1" [stack: 0x0000002dda000000,0x0000002dda100000] [id=13188]
  0x00000149d68de1e0 ConcurrentGCThread "G1 Refine#0" [stack: 0x0000002dd7d00000,0x0000002dd7e00000] [id=1144]
  0x00000149ed714e20 ConcurrentGCThread "G1 Refine#1" [stack: 0x0000002dd9b00000,0x0000002dd9c00000] [id=5756]
  0x00000149ed73d400 ConcurrentGCThread "G1 Refine#2" [stack: 0x0000002dd9c00000,0x0000002dd9d00000] [id=6624]
  0x00000149d68dea00 ConcurrentGCThread "G1 Service" [stack: 0x0000002dd7e00000,0x0000002dd7f00000] [id=15704]

Threads with active compile tasks:

VM state: synchronizing (normal execution)

VM Mutex/Monitor currently owned by a thread:  ([mutex/lock_event])
[0x00000149d6821a10] Threads_lock - owner thread: 0x00000149d68af440

Heap address: 0x0000000081600000, size: 2026 MB, Compressed Oops mode: 32-bit

CDS archive(s) mapped at: [0x0000000800000000-0x0000000800b90000-0x0000000800b90000), size 12124160, SharedBaseAddress: 0x0000000800000000, ArchiveRelocationMode: 0.
Compressed class space mapped at: 0x0000000800c00000-0x0000000840c00000, reserved size: 1073741824
Narrow klass base: 0x0000000800000000, Narrow klass shift: 0, Narrow klass range: 0x100000000

GC Precious Log:
 CardTable entry size: 512
 Card Set container configuration: InlinePtr #cards 5 size 8 Array Of Cards #cards 12 size 40 Howl #buckets 4 coarsen threshold 1843 Howl Bitmap #cards 512 size 80 coarsen threshold 460 Card regions per heap region 1 cards per card region 2048
 CPUs: 8 total, 8 available
 Memory: 8099M
 Large Page Support: Disabled
 NUMA Support: Disabled
 Compressed Oops: Enabled (32-bit)
 Heap Region Size: 1M
 Heap Min Capacity: 8M
 Heap Initial Capacity: 128M
 Heap Max Capacity: 2026M
 Pre-touch: Disabled
 Parallel Workers: 8
 Concurrent Workers: 2
 Concurrent Refinement Workers: 8
 Periodic GC: Disabled

Heap:
 garbage-first heap   total 81920K, used 50005K [0x0000000081600000, 0x0000000100000000)
  region size 1024K, 27 young (27648K), 3 survivors (3072K)
 Metaspace       used 58687K, committed 59712K, reserved 1114112K
  class space    used 7818K, committed 8128K, reserved 1048576K

Heap Regions: E=young(eden), S=young(survivor), O=old, HS=humongous(starts), HC=humongous(continues), CS=collection set, F=free, OA=open archive, CA=closed archive, TAMS=top-at-mark-start (previous, next)
|   0|0x0000000081600000, 0x0000000081700000, 0x0000000081700000|100%|HS|  |TAMS 0x0000000081700000, 0x0000000081600000| Untracked 
|   1|0x0000000081700000, 0x0000000081800000, 0x0000000081800000|100%| O|  |TAMS 0x0000000081800000, 0x0000000081700000| Untracked 
|   2|0x0000000081800000, 0x00000000818fffd0, 0x0000000081900000| 99%| O|  |TAMS 0x00000000818fffd0, 0x0000000081800000| Untracked 
|   3|0x0000000081900000, 0x00000000819ff520, 0x0000000081a00000| 99%| O|  |TAMS 0x00000000819ff520, 0x0000000081900000| Untracked 
|   4|0x0000000081a00000, 0x0000000081b00000, 0x0000000081b00000|100%| O|  |TAMS 0x0000000081b00000, 0x0000000081a00000| Untracked 
|   5|0x0000000081b00000, 0x0000000081bfffe8, 0x0000000081c00000| 99%| O|  |TAMS 0x0000000081bfffe8, 0x0000000081b00000| Untracked 
|   6|0x0000000081c00000, 0x0000000081d00000, 0x0000000081d00000|100%| O|  |TAMS 0x0000000081d00000, 0x0000000081c00000| Untracked 
|   7|0x0000000081d00000, 0x0000000081dfffc0, 0x0000000081e00000| 99%| O|  |TAMS 0x0000000081dfffc0, 0x0000000081d00000| Untracked 
|   8|0x0000000081e00000, 0x0000000081effff8, 0x0000000081f00000| 99%| O|  |TAMS 0x0000000081effff8, 0x0000000081e00000| Untracked 
|   9|0x0000000081f00000, 0x0000000081ffffd0, 0x0000000082000000| 99%| O|  |TAMS 0x0000000081ffffd0, 0x0000000081f00000| Untracked 
|  10|0x0000000082000000, 0x00000000820ffff8, 0x0000000082100000| 99%| O|  |TAMS 0x00000000820ffff8, 0x0000000082000000| Untracked 
|  11|0x0000000082100000, 0x00000000821fffb8, 0x0000000082200000| 99%| O|  |TAMS 0x00000000821fffb8, 0x0000000082100000| Untracked 
|  12|0x0000000082200000, 0x00000000822ffff0, 0x0000000082300000| 99%| O|  |TAMS 0x00000000822ffff0, 0x0000000082200000| Untracked 
|  13|0x0000000082300000, 0x00000000823fffd0, 0x0000000082400000| 99%| O|  |TAMS 0x00000000823fffd0, 0x0000000082300000| Untracked 
|  14|0x0000000082400000, 0x00000000824fff80, 0x0000000082500000| 99%| O|  |TAMS 0x00000000824fff80, 0x0000000082400000| Untracked 
|  15|0x0000000082500000, 0x00000000825ffff8, 0x0000000082600000| 99%| O|  |TAMS 0x00000000825ffff8, 0x0000000082500000| Untracked 
|  16|0x0000000082600000, 0x00000000826fffe0, 0x0000000082700000| 99%| O|  |TAMS 0x00000000826fffe0, 0x0000000082600000| Untracked 
|  17|0x0000000082700000, 0x00000000827ffff8, 0x0000000082800000| 99%| O|  |TAMS 0x00000000827ffff8, 0x0000000082700000| Untracked 
|  18|0x0000000082800000, 0x00000000828fffd8, 0x0000000082900000| 99%| O|  |TAMS 0x0000000082800000, 0x0000000082800000| Untracked 
|  19|0x0000000082900000, 0x00000000829f7ed0, 0x0000000082a00000| 96%| O|  |TAMS 0x0000000082900000, 0x0000000082900000| Untracked 
|  20|0x0000000082a00000, 0x0000000082acb4e0, 0x0000000082b00000| 79%| O|  |TAMS 0x0000000082a00000, 0x0000000082a00000| Untracked 
|  21|0x0000000082b00000, 0x0000000082bfc3f8, 0x0000000082c00000| 98%| O|  |TAMS 0x0000000082b00000, 0x0000000082b00000| Untracked 
|  22|0x0000000082c00000, 0x0000000082d00000, 0x0000000082d00000|100%| O|  |TAMS 0x0000000082c00000, 0x0000000082c00000| Untracked 
|  23|0x0000000082d00000, 0x0000000082e00000, 0x0000000082e00000|100%| O|  |TAMS 0x0000000082d00000, 0x0000000082d00000| Untracked 
|  24|0x0000000082e00000, 0x0000000082e29c00, 0x0000000082f00000| 16%| O|  |TAMS 0x0000000082e00000, 0x0000000082e00000| Untracked 
|  25|0x0000000082f00000, 0x0000000082f00000, 0x0000000083000000|  0%| F|  |TAMS 0x0000000082f00000, 0x0000000082f00000| Untracked 
|  26|0x0000000083000000, 0x0000000083000000, 0x0000000083100000|  0%| F|  |TAMS 0x0000000083000000, 0x0000000083000000| Untracked 
|  27|0x0000000083100000, 0x0000000083100000, 0x0000000083200000|  0%| F|  |TAMS 0x0000000083100000, 0x0000000083100000| Untracked 
|  28|0x0000000083200000, 0x0000000083200000, 0x0000000083300000|  0%| F|  |TAMS 0x0000000083200000, 0x0000000083200000| Untracked 
|  29|0x0000000083300000, 0x0000000083300000, 0x0000000083400000|  0%| F|  |TAMS 0x0000000083300000, 0x0000000083300000| Untracked 
|  30|0x0000000083400000, 0x0000000083400000, 0x0000000083500000|  0%| F|  |TAMS 0x0000000083400000, 0x0000000083400000| Untracked 
|  31|0x0000000083500000, 0x0000000083500000, 0x0000000083600000|  0%| F|  |TAMS 0x0000000083500000, 0x0000000083500000| Untracked 
|  32|0x0000000083600000, 0x0000000083600000, 0x0000000083700000|  0%| F|  |TAMS 0x0000000083600000, 0x0000000083600000| Untracked 
|  33|0x0000000083700000, 0x0000000083700000, 0x0000000083800000|  0%| F|  |TAMS 0x0000000083700000, 0x0000000083700000| Untracked 
|  34|0x0000000083800000, 0x0000000083811538, 0x0000000083900000|  6%| S|CS|TAMS 0x0000000083800000, 0x0000000083800000| Complete 
|  35|0x0000000083900000, 0x0000000083900000, 0x0000000083a00000|  0%| F|  |TAMS 0x0000000083900000, 0x0000000083900000| Untracked 
|  36|0x0000000083a00000, 0x0000000083aa60f8, 0x0000000083b00000| 64%| O|  |TAMS 0x0000000083a00000, 0x0000000083a00000| Untracked 
|  37|0x0000000083b00000, 0x0000000083b0e720, 0x0000000083c00000|  5%| O|  |TAMS 0x0000000083b00000, 0x0000000083b00000| Untracked 
|  38|0x0000000083c00000, 0x0000000083c27278, 0x0000000083d00000| 15%| O|  |TAMS 0x0000000083c00000, 0x0000000083c00000| Untracked 
|  39|0x0000000083d00000, 0x0000000083d00000, 0x0000000083e00000|  0%| F|  |TAMS 0x0000000083d00000, 0x0000000083d00000| Untracked 
|  40|0x0000000083e00000, 0x0000000083e00000, 0x0000000083f00000|  0%| F|  |TAMS 0x0000000083e00000, 0x0000000083e00000| Untracked 
|  41|0x0000000083f00000, 0x0000000084000000, 0x0000000084000000|100%| S|CS|TAMS 0x0000000083f00000, 0x0000000083f00000| Complete 
|  42|0x0000000084000000, 0x0000000084100000, 0x0000000084100000|100%| S|CS|TAMS 0x0000000084000000, 0x0000000084000000| Complete 
|  43|0x0000000084100000, 0x0000000084100000, 0x0000000084200000|  0%| F|  |TAMS 0x0000000084100000, 0x0000000084100000| Untracked 
|  44|0x0000000084200000, 0x0000000084200000, 0x0000000084300000|  0%| F|  |TAMS 0x0000000084200000, 0x0000000084200000| Untracked 
|  45|0x0000000084300000, 0x0000000084300000, 0x0000000084400000|  0%| F|  |TAMS 0x0000000084300000, 0x0000000084300000| Untracked 
|  46|0x0000000084400000, 0x0000000084400000, 0x0000000084500000|  0%| F|  |TAMS 0x0000000084400000, 0x0000000084400000| Untracked 
|  47|0x0000000084500000, 0x0000000084500000, 0x0000000084600000|  0%| F|  |TAMS 0x0000000084500000, 0x0000000084500000| Untracked 
|  48|0x0000000084600000, 0x0000000084600000, 0x0000000084700000|  0%| F|  |TAMS 0x0000000084600000, 0x0000000084600000| Untracked 
|  49|0x0000000084700000, 0x0000000084700000, 0x0000000084800000|  0%| F|  |TAMS 0x0000000084700000, 0x0000000084700000| Untracked 
|  50|0x0000000084800000, 0x0000000084800000, 0x0000000084900000|  0%| F|  |TAMS 0x0000000084800000, 0x0000000084800000| Untracked 
|  51|0x0000000084900000, 0x0000000084900000, 0x0000000084a00000|  0%| F|  |TAMS 0x0000000084900000, 0x0000000084900000| Untracked 
|  52|0x0000000084a00000, 0x0000000084a00000, 0x0000000084b00000|  0%| F|  |TAMS 0x0000000084a00000, 0x0000000084a00000| Untracked 
|  53|0x0000000084b00000, 0x0000000084b00000, 0x0000000084c00000|  0%| F|  |TAMS 0x0000000084b00000, 0x0000000084b00000| Untracked 
|  54|0x0000000084c00000, 0x0000000084c00000, 0x0000000084d00000|  0%| F|  |TAMS 0x0000000084c00000, 0x0000000084c00000| Untracked 
|  55|0x0000000084d00000, 0x0000000084d00000, 0x0000000084e00000|  0%| F|  |TAMS 0x0000000084d00000, 0x0000000084d00000| Untracked 
|  56|0x0000000084e00000, 0x0000000084ec3108, 0x0000000084f00000| 76%| E|  |TAMS 0x0000000084e00000, 0x0000000084e00000| Complete 
|  57|0x0000000084f00000, 0x0000000085000000, 0x0000000085000000|100%| E|CS|TAMS 0x0000000084f00000, 0x0000000084f00000| Complete 
|  58|0x0000000085000000, 0x0000000085100000, 0x0000000085100000|100%| E|CS|TAMS 0x0000000085000000, 0x0000000085000000| Complete 
|  59|0x0000000085100000, 0x0000000085200000, 0x0000000085200000|100%| E|CS|TAMS 0x0000000085100000, 0x0000000085100000| Complete 
|  60|0x0000000085200000, 0x0000000085300000, 0x0000000085300000|100%| E|CS|TAMS 0x0000000085200000, 0x0000000085200000| Complete 
|  61|0x0000000085300000, 0x0000000085400000, 0x0000000085400000|100%| E|CS|TAMS 0x0000000085300000, 0x0000000085300000| Complete 
|  62|0x0000000085400000, 0x0000000085500000, 0x0000000085500000|100%| E|CS|TAMS 0x0000000085400000, 0x0000000085400000| Complete 
|  63|0x0000000085500000, 0x0000000085600000, 0x0000000085600000|100%| E|CS|TAMS 0x0000000085500000, 0x0000000085500000| Complete 
|  64|0x0000000085600000, 0x0000000085700000, 0x0000000085700000|100%| E|CS|TAMS 0x0000000085600000, 0x0000000085600000| Complete 
|  65|0x0000000085700000, 0x0000000085800000, 0x0000000085800000|100%| E|CS|TAMS 0x0000000085700000, 0x0000000085700000| Complete 
|  66|0x0000000085800000, 0x0000000085900000, 0x0000000085900000|100%| E|CS|TAMS 0x0000000085800000, 0x0000000085800000| Complete 
|  67|0x0000000085900000, 0x0000000085a00000, 0x0000000085a00000|100%| E|CS|TAMS 0x0000000085900000, 0x0000000085900000| Complete 
|  68|0x0000000085a00000, 0x0000000085b00000, 0x0000000085b00000|100%| E|CS|TAMS 0x0000000085a00000, 0x0000000085a00000| Complete 
|  69|0x0000000085b00000, 0x0000000085c00000, 0x0000000085c00000|100%| E|CS|TAMS 0x0000000085b00000, 0x0000000085b00000| Complete 
|  70|0x0000000085c00000, 0x0000000085d00000, 0x0000000085d00000|100%| E|CS|TAMS 0x0000000085c00000, 0x0000000085c00000| Complete 
|  71|0x0000000085d00000, 0x0000000085e00000, 0x0000000085e00000|100%| E|CS|TAMS 0x0000000085d00000, 0x0000000085d00000| Complete 
|  72|0x0000000085e00000, 0x0000000085f00000, 0x0000000085f00000|100%| E|CS|TAMS 0x0000000085e00000, 0x0000000085e00000| Complete 
|  73|0x0000000085f00000, 0x0000000086000000, 0x0000000086000000|100%| E|CS|TAMS 0x0000000085f00000, 0x0000000085f00000| Complete 
|  74|0x0000000086000000, 0x0000000086100000, 0x0000000086100000|100%| E|CS|TAMS 0x0000000086000000, 0x0000000086000000| Complete 
|  75|0x0000000086100000, 0x0000000086200000, 0x0000000086200000|100%| E|CS|TAMS 0x0000000086100000, 0x0000000086100000| Complete 
|  76|0x0000000086200000, 0x0000000086300000, 0x0000000086300000|100%| E|CS|TAMS 0x0000000086200000, 0x0000000086200000| Complete 
|  77|0x0000000086300000, 0x0000000086400000, 0x0000000086400000|100%| E|CS|TAMS 0x0000000086300000, 0x0000000086300000| Complete 
|  78|0x0000000086400000, 0x0000000086500000, 0x0000000086500000|100%| E|  |TAMS 0x0000000086400000, 0x0000000086400000| Complete 
|  79|0x0000000086500000, 0x0000000086600000, 0x0000000086600000|100%| E|CS|TAMS 0x0000000086500000, 0x0000000086500000| Complete 

Card table byte_map: [0x00000149e1660000,0x00000149e1a60000] _byte_map_base: 0x00000149e1255000

Marking Bits (Prev, Next): (CMBitMap*) 0x00000149d6881650, (CMBitMap*) 0x00000149d6881690
 Prev Bits: [0x00000149e1e60000, 0x00000149e3e08000)
 Next Bits: [0x00000149e3e10000, 0x00000149e5db8000)

Polling page: 0x00000149d5fe0000

Metaspace:

Usage:
  Non-class:     49.68 MB used.
      Class:      7.64 MB used.
       Both:     57.31 MB used.

Virtual space:
  Non-class space:       64.00 MB reserved,      50.38 MB ( 79%) committed,  1 nodes.
      Class space:        1.00 GB reserved,       7.94 MB ( <1%) committed,  1 nodes.
             Both:        1.06 GB reserved,      58.31 MB (  5%) committed. 

Chunk freelists:
   Non-Class:  1.34 MB
       Class:  4.05 MB
        Both:  5.39 MB

MaxMetaspaceSize: unlimited
CompressedClassSpaceSize: 1.00 GB
Initial GC threshold: 21.00 MB
Current GC threshold: 97.62 MB
CDS: on
MetaspaceReclaimPolicy: balanced
 - commit_granule_bytes: 65536.
 - commit_granule_words: 8192.
 - virtual_space_node_default_size: 8388608.
 - enlarge_chunks_in_place: 1.
 - new_chunks_are_fully_committed: 0.
 - uncommit_free_chunks: 1.
 - use_allocation_guard: 0.


Internal statistics:

num_allocs_failed_limit: 6.
num_arena_births: 878.
num_arena_deaths: 318.
num_vsnodes_births: 2.
num_vsnodes_deaths: 0.
num_space_committed: 939.
num_space_uncommitted: 6.
num_chunks_returned_to_freelist: 656.
num_chunks_taken_from_freelist: 3120.
num_chunk_merges: 83.
num_chunk_splits: 1943.
num_chunks_enlarged: 1565.
num_inconsistent_stats: 0.

CodeCache: size=49152Kb used=22672Kb max_used=24307Kb free=26479Kb
 bounds [0x00000149de150000, 0x00000149df980000, 0x00000149e1150000]
 total_blobs=12106 nmethods=11453 adapters=580
 compilation: enabled
              stopped_count=0, restarted_count=0
 full_count=0

Compilation events (20 events):
Event: 814.633 Thread 0x00000149e88506d0 11444       1       org.apache.tomcat.util.buf.ByteChunk::toStringInternal (62 bytes)
Event: 814.634 Thread 0x00000149e88506d0 nmethod 11444 0x00000149df754a10 code [0x00000149df754cc0, 0x00000149df755638]
Event: 814.634 Thread 0x00000149e88506d0 11445   !   1       java.nio.charset.Charset::decode (31 bytes)
Event: 814.634 Thread 0x00000149e88506d0 nmethod 11445 0x00000149df754210 code [0x00000149df754400, 0x00000149df754758]
Event: 814.634 Thread 0x00000149e88506d0 11446       1       sun.nio.cs.ThreadLocalCoders::decoderFor (18 bytes)
Event: 814.634 Thread 0x00000149e88506d0 nmethod 11446 0x00000149df753d90 code [0x00000149df753f40, 0x00000149df754098]
Event: 814.634 Thread 0x00000149e88506d0 11447       1       java.nio.CharBuffer::length (5 bytes)
Event: 814.634 Thread 0x00000149e88506d0 nmethod 11447 0x00000149df753a90 code [0x00000149df753c20, 0x00000149df753cf8]
Event: 814.639 Thread 0x00000149e88506d0 11448       1       java.lang.invoke.MethodHandles$Lookup::resolveOrNull (46 bytes)
Event: 814.639 Thread 0x00000149e88506d0 nmethod 11448 0x00000149df753210 code [0x00000149df753420, 0x00000149df753848]
Event: 814.644 Thread 0x00000149e88506d0 11449       1       java.beans.MethodDescriptor::<init> (7 bytes)
Event: 814.645 Thread 0x00000149e88506d0 nmethod 11449 0x00000149df752f10 code [0x00000149df7530a0, 0x00000149df7531a8]
Event: 814.645 Thread 0x00000149e88506d0 11452  s    1       java.beans.MethodDescriptor::setParams (74 bytes)
Event: 814.646 Thread 0x00000149e88506d0 nmethod 11452 0x00000149df752390 code [0x00000149df752580, 0x00000149df752ca8]
Event: 814.646 Thread 0x00000149e88506d0 11450       1       java.beans.MethodDescriptor::<init> (48 bytes)
Event: 814.646 Thread 0x00000149e88506d0 nmethod 11450 0x00000149df751d10 code [0x00000149df751ee0, 0x00000149df752218]
Event: 814.646 Thread 0x00000149e88506d0 11451  s    1       java.beans.MethodDescriptor::setMethod (41 bytes)
Event: 814.648 Thread 0x00000149e88506d0 nmethod 11451 0x00000149df750d90 code [0x00000149df751000, 0x00000149df7517d8]
Event: 814.648 Thread 0x00000149e88506d0 11453       1       java.util.Hashtable$Enumerator::hasMoreElements (53 bytes)
Event: 814.648 Thread 0x00000149e88506d0 nmethod 11453 0x00000149df750990 code [0x00000149df750b20, 0x00000149df750c98]

GC Heap History (20 events):
Event: 334.313 GC heap before
{Heap before GC invocations=63 (full 24):
 garbage-first heap   total 81920K, used 61250K [0x0000000081600000, 0x0000000100000000)
  region size 1024K, 37 young (37888K), 0 survivors (0K)
 Metaspace       used 58642K, committed 59712K, reserved 1114112K
  class space    used 7803K, committed 8128K, reserved 1048576K
}
Event: 334.315 GC heap after
{Heap after GC invocations=64 (full 24):
 garbage-first heap   total 81920K, used 26239K [0x0000000081600000, 0x0000000100000000)
  region size 1024K, 3 young (3072K), 3 survivors (3072K)
 Metaspace       used 58642K, committed 59712K, reserved 1114112K
  class space    used 7803K, committed 8128K, reserved 1048576K
}
Event: 337.934 GC heap before
{Heap before GC invocations=64 (full 24):
 garbage-first heap   total 81920K, used 56959K [0x0000000081600000, 0x0000000100000000)
  region size 1024K, 34 young (34816K), 3 survivors (3072K)
 Metaspace       used 58672K, committed 59712K, reserved 1114112K
  class space    used 7806K, committed 8128K, reserved 1048576K
}
Event: 337.963 GC heap after
{Heap after GC invocations=65 (full 25):
 garbage-first heap   total 81920K, used 23428K [0x0000000081600000, 0x0000000100000000)
  region size 1024K, 0 young (0K), 0 survivors (0K)
 Metaspace       used 58669K, committed 59712K, reserved 1114112K
  class space    used 7805K, committed 8128K, reserved 1048576K
}
Event: 338.423 GC heap before
{Heap before GC invocations=65 (full 25):
 garbage-first heap   total 81920K, used 61316K [0x0000000081600000, 0x0000000100000000)
  region size 1024K, 38 young (38912K), 0 survivors (0K)
 Metaspace       used 58747K, committed 59712K, reserved 1114112K
  class space    used 7817K, committed 8128K, reserved 1048576K
}
Event: 338.425 GC heap after
{Heap after GC invocations=66 (full 25):
 garbage-first heap   total 81920K, used 26408K [0x0000000081600000, 0x0000000100000000)
  region size 1024K, 3 young (3072K), 3 survivors (3072K)
 Metaspace       used 58747K, committed 59712K, reserved 1114112K
  class space    used 7817K, committed 8128K, reserved 1048576K
}
Event: 398.409 GC heap before
{Heap before GC invocations=66 (full 25):
 garbage-first heap   total 81920K, used 58152K [0x0000000081600000, 0x0000000100000000)
  region size 1024K, 36 young (36864K), 3 survivors (3072K)
 Metaspace       used 58780K, committed 59712K, reserved 1114112K
  class space    used 7821K, committed 8128K, reserved 1048576K
}
Event: 398.438 GC heap after
{Heap after GC invocations=67 (full 26):
 garbage-first heap   total 81920K, used 23536K [0x0000000081600000, 0x0000000100000000)
  region size 1024K, 0 young (0K), 0 survivors (0K)
 Metaspace       used 58777K, committed 59712K, reserved 1114112K
  class space    used 7821K, committed 8128K, reserved 1048576K
}
Event: 398.764 GC heap before
{Heap before GC invocations=67 (full 26):
 garbage-first heap   total 81920K, used 60400K [0x0000000081600000, 0x0000000100000000)
  region size 1024K, 37 young (37888K), 0 survivors (0K)
 Metaspace       used 58849K, committed 59712K, reserved 1114112K
  class space    used 7831K, committed 8128K, reserved 1048576K
}
Event: 398.766 GC heap after
{Heap after GC invocations=68 (full 26):
 garbage-first heap   total 81920K, used 26538K [0x0000000081600000, 0x0000000100000000)
  region size 1024K, 3 young (3072K), 3 survivors (3072K)
 Metaspace       used 58849K, committed 59712K, reserved 1114112K
  class space    used 7831K, committed 8128K, reserved 1048576K
}
Event: 400.352 GC heap before
{Heap before GC invocations=68 (full 26):
 garbage-first heap   total 81920K, used 56234K [0x0000000081600000, 0x0000000100000000)
  region size 1024K, 34 young (34816K), 3 survivors (3072K)
 Metaspace       used 58871K, committed 59712K, reserved 1114112K
  class space    used 7833K, committed 8128K, reserved 1048576K
}
Event: 400.383 GC heap after
{Heap after GC invocations=69 (full 27):
 garbage-first heap   total 81920K, used 23123K [0x0000000081600000, 0x0000000100000000)
  region size 1024K, 0 young (0K), 0 survivors (0K)
 Metaspace       used 58396K, committed 59712K, reserved 1114112K
  class space    used 7771K, committed 8128K, reserved 1048576K
}
Event: 400.720 GC heap before
{Heap before GC invocations=69 (full 27):
 garbage-first heap   total 81920K, used 62035K [0x0000000081600000, 0x0000000100000000)
  region size 1024K, 38 young (38912K), 0 survivors (0K)
 Metaspace       used 58468K, committed 59712K, reserved 1114112K
  class space    used 7781K, committed 8128K, reserved 1048576K
}
Event: 400.723 GC heap after
{Heap after GC invocations=70 (full 27):
 garbage-first heap   total 81920K, used 26262K [0x0000000081600000, 0x0000000100000000)
  region size 1024K, 4 young (4096K), 4 survivors (4096K)
 Metaspace       used 58468K, committed 59712K, reserved 1114112K
  class space    used 7781K, committed 8128K, reserved 1048576K
}
Event: 404.370 GC heap before
{Heap before GC invocations=70 (full 27):
 garbage-first heap   total 81920K, used 55958K [0x0000000081600000, 0x0000000100000000)
  region size 1024K, 34 young (34816K), 4 survivors (4096K)
 Metaspace       used 58493K, committed 59712K, reserved 1114112K
  class space    used 7785K, committed 8128K, reserved 1048576K
}
Event: 404.400 GC heap after
{Heap after GC invocations=71 (full 28):
 garbage-first heap   total 81920K, used 23145K [0x0000000081600000, 0x0000000100000000)
  region size 1024K, 0 young (0K), 0 survivors (0K)
 Metaspace       used 58397K, committed 59712K, reserved 1114112K
  class space    used 7771K, committed 8128K, reserved 1048576K
}
Event: 404.734 GC heap before
{Heap before GC invocations=71 (full 28):
 garbage-first heap   total 81920K, used 62057K [0x0000000081600000, 0x0000000100000000)
  region size 1024K, 39 young (39936K), 0 survivors (0K)
 Metaspace       used 58469K, committed 59712K, reserved 1114112K
  class space    used 7782K, committed 8128K, reserved 1048576K
}
Event: 404.737 GC heap after
{Heap after GC invocations=72 (full 28):
 garbage-first heap   total 81920K, used 26217K [0x0000000081600000, 0x0000000100000000)
  region size 1024K, 3 young (3072K), 3 survivors (3072K)
 Metaspace       used 58469K, committed 59712K, reserved 1114112K
  class space    used 7782K, committed 8128K, reserved 1048576K
}
Event: 543.588 GC heap before
{Heap before GC invocations=72 (full 28):
 garbage-first heap   total 81920K, used 64105K [0x0000000081600000, 0x0000000100000000)
  region size 1024K, 40 young (40960K), 3 survivors (3072K)
 Metaspace       used 58485K, committed 59712K, reserved 1114112K
  class space    used 7783K, committed 8128K, reserved 1048576K
}
Event: 543.591 GC heap after
{Heap after GC invocations=73 (full 28):
 garbage-first heap   total 81920K, used 27477K [0x0000000081600000, 0x0000000100000000)
  region size 1024K, 3 young (3072K), 3 survivors (3072K)
 Metaspace       used 58485K, committed 59712K, reserved 1114112K
  class space    used 7783K, committed 8128K, reserved 1048576K
}

Deoptimization events (20 events):
Event: 814.649 Thread 0x00000149ef57dff0 DEOPT PACKING pc=0x00000149de5fb2dc sp=0x0000002dda2fad30
Event: 814.649 Thread 0x00000149ef57dff0 DEOPT UNPACKING pc=0x00000149de1a2b43 sp=0x0000002dda2fa208 mode 1
Event: 814.649 Thread 0x00000149ef57dff0 DEOPT PACKING pc=0x00000149de61d57c sp=0x0000002dda2fae80
Event: 814.649 Thread 0x00000149ef57dff0 DEOPT UNPACKING pc=0x00000149de1a2b43 sp=0x0000002dda2fa338 mode 1
Event: 814.649 Thread 0x00000149ef57dff0 DEOPT PACKING pc=0x00000149de5fb5e4 sp=0x0000002dda2fb850
Event: 814.649 Thread 0x00000149ef57dff0 DEOPT UNPACKING pc=0x00000149de1a2b43 sp=0x0000002dda2fad18 mode 1
Event: 814.649 Thread 0x00000149ef57dff0 DEOPT PACKING pc=0x00000149de5fb2dc sp=0x0000002dda2fb8e0
Event: 814.649 Thread 0x00000149ef57dff0 DEOPT UNPACKING pc=0x00000149de1a2b43 sp=0x0000002dda2fadb8 mode 1
Event: 814.649 Thread 0x00000149ef57dff0 DEOPT PACKING pc=0x00000149df5aa5cc sp=0x0000002dda2fba70
Event: 814.649 Thread 0x00000149ef57dff0 DEOPT UNPACKING pc=0x00000149de1a2b43 sp=0x0000002dda2faf88 mode 1
Event: 814.649 Thread 0x00000149ef57dff0 DEOPT PACKING pc=0x00000149df5aaefc sp=0x0000002dda2fbb60
Event: 814.649 Thread 0x00000149ef57dff0 DEOPT UNPACKING pc=0x00000149de1a2b43 sp=0x0000002dda2fb018 mode 1
Event: 814.649 Thread 0x00000149ef57dff0 DEOPT PACKING pc=0x00000149de5fb5e4 sp=0x0000002dda2fc530
Event: 814.649 Thread 0x00000149ef57dff0 DEOPT UNPACKING pc=0x00000149de1a2b43 sp=0x0000002dda2fb9f8 mode 1
Event: 814.650 Thread 0x00000149ef57dff0 DEOPT PACKING pc=0x00000149de5fb2dc sp=0x0000002dda2fc5c0
Event: 814.650 Thread 0x00000149ef57dff0 DEOPT UNPACKING pc=0x00000149de1a2b43 sp=0x0000002dda2fba98 mode 1
Event: 814.650 Thread 0x00000149ef57dff0 DEOPT PACKING pc=0x00000149de7f6b9c sp=0x0000002dda2fc5c0
Event: 814.650 Thread 0x00000149ef57dff0 DEOPT UNPACKING pc=0x00000149de1a2b43 sp=0x0000002dda2fba48 mode 1
Event: 837.997 Thread 0x00000149ef57dff0 DEOPT PACKING pc=0x00000149df32e134 sp=0x0000002dda2fd110
Event: 837.997 Thread 0x00000149ef57dff0 DEOPT UNPACKING pc=0x00000149de1a2b43 sp=0x0000002dda2fc5b8 mode 0

Classes loaded (20 events):
Event: 138.619 Loading class sun/security/ssl/Alert$AlertConsumer
Event: 138.619 Loading class sun/security/ssl/Alert$AlertConsumer done
Event: 138.619 Loading class sun/security/ssl/Alert$Level
Event: 138.620 Loading class sun/security/ssl/Alert$Level done
Event: 138.620 Loading class sun/net/ConnectionResetException
Event: 138.620 Loading class sun/net/ConnectionResetException done
Event: 138.660 Loading class java/lang/ref/Finalizer$2
Event: 138.660 Loading class java/lang/ref/Finalizer$2 done
Event: 138.662 Loading class java/lang/ref/Finalizer$1
Event: 138.662 Loading class java/lang/ref/Finalizer$1 done
Event: 814.643 Loading class java/lang/ObjectCustomizer
Event: 814.643 Loading class java/lang/ObjectCustomizer done
Event: 814.644 Loading class java/lang/ObjectCustomizer
Event: 814.644 Loading class java/lang/ObjectCustomizer done
Event: 814.646 Loading class java/lang/RecordCustomizer
Event: 814.646 Loading class java/lang/RecordCustomizer done
Event: 814.648 Loading class java/lang/RecordCustomizer
Event: 814.648 Loading class java/lang/RecordCustomizer done
Event: 814.651 Loading class java/lang/invoke/WrongMethodTypeException
Event: 814.651 Loading class java/lang/invoke/WrongMethodTypeException done

Classes unloaded (20 events):
Event: 404.378 Thread 0x00000149d68af440 Unloading class 0x00000008013faae8 'com/test/managementsite/data/Member'
Event: 404.378 Thread 0x00000149d68af440 Unloading class 0x00000008013fa8d8 'jdk/proxy29/$Proxy191'
Event: 404.378 Thread 0x00000149d68af440 Unloading class 0x00000008013fa6e0 'com/test/managementsite/data/MemberForm'
Event: 404.378 Thread 0x00000149d68af440 Unloading class 0x00000008013fa4e8 'com/test/managementsite/data/SearchMemberForm'
Event: 404.378 Thread 0x00000149d68af440 Unloading class 0x00000008013fa000 'jdk/proxy29/$Proxy190'
Event: 404.378 Thread 0x00000149d68af440 Unloading class 0x00000008013f1c08 'jdk/proxy29/$Proxy189'
Event: 404.378 Thread 0x00000149d68af440 Unloading class 0x00000008013f19e8 'com/test/managementsite/ManagementSiteApplication$$EnhancerBySpringCGLIB$$623e9a1e'
Event: 404.378 Thread 0x00000149d68af440 Unloading class 0x00000008013f1800 'com/test/managementsite/mapper/member/SelectMemberByName'
Event: 404.378 Thread 0x00000149d68af440 Unloading class 0x00000008013f1618 'com/test/managementsite/mapper/member/InsertMember'
Event: 404.378 Thread 0x00000149d68af440 Unloading class 0x00000008013f13e0 'com/test/managementsite/service/MemberManager'
Event: 404.378 Thread 0x00000149d68af440 Unloading class 0x00000008013f11f8 'com/test/managementsite/service/IMemberManager'
Event: 404.378 Thread 0x00000149d68af440 Unloading class 0x00000008013f1000 'com/test/managementsite/controller/recordmanagement/RecordManagementController'
Event: 404.378 Thread 0x00000149d68af440 Unloading class 0x0000000800f70600 'com/test/managementsite/controller/newrecord/NewRecordController'
Event: 404.378 Thread 0x00000149d68af440 Unloading class 0x0000000800f70408 'com/test/managementsite/controller/newmember/NewMemberController'
Event: 404.378 Thread 0x00000149d68af440 Unloading class 0x0000000800f70200 'com/test/managementsite/controller/newmember/AddNewMember'
Event: 404.378 Thread 0x00000149d68af440 Unloading class 0x0000000800f70000 'com/test/managementsite/controller/membermanagement/UpdateMember'
Event: 404.378 Thread 0x00000149d68af440 Unloading class 0x0000000800f80de0 'com/test/managementsite/controller/membermanagement/SearchMember'
Event: 404.378 Thread 0x00000149d68af440 Unloading class 0x0000000800f80be8 'com/test/managementsite/controller/membermanagement/MemberManagementController'
Event: 404.378 Thread 0x00000149d68af440 Unloading class 0x0000000800f809f0 'com/test/managementsite/controller/IndexController'
Event: 404.378 Thread 0x00000149d68af440 Unloading class 0x0000000800f80800 'com/test/managementsite/ManagementSiteApplication'

Classes redefined (20 events):
Event: 396.989 Thread 0x00000149d68af440 redefined class name=com.test.managementsite.controller.membermanagement.SearchMember, count=1
Event: 399.453 Thread 0x00000149d68af440 redefined class name=com.test.managementsite.controller.membermanagement.SearchMember, count=3
Event: 399.453 Thread 0x00000149d68af440 redefined class name=com.test.managementsite.controller.membermanagement.SearchMember, count=4
Event: 399.453 Thread 0x00000149d68af440 redefined class name=com.test.managementsite.controller.membermanagement.SearchMember, count=8
Event: 399.453 Thread 0x00000149d68af440 redefined class name=com.test.managementsite.controller.membermanagement.SearchMember, count=6
Event: 399.453 Thread 0x00000149d68af440 redefined class name=com.test.managementsite.controller.membermanagement.SearchMember, count=7
Event: 399.453 Thread 0x00000149d68af440 redefined class name=com.test.managementsite.controller.membermanagement.SearchMember, count=28
Event: 399.453 Thread 0x00000149d68af440 redefined class name=com.test.managementsite.controller.membermanagement.SearchMember, count=5
Event: 399.453 Thread 0x00000149d68af440 redefined class name=com.test.managementsite.controller.membermanagement.SearchMember, count=1
Event: 399.453 Thread 0x00000149d68af440 redefined class name=com.test.managementsite.controller.membermanagement.SearchMember, count=2
Event: 403.140 Thread 0x00000149d68af440 redefined class name=com.test.managementsite.controller.membermanagement.SearchMember, count=8
Event: 403.140 Thread 0x00000149d68af440 redefined class name=com.test.managementsite.controller.membermanagement.SearchMember, count=29
Event: 403.140 Thread 0x00000149d68af440 redefined class name=com.test.managementsite.controller.membermanagement.SearchMember, count=1
Event: 403.140 Thread 0x00000149d68af440 redefined class name=com.test.managementsite.controller.membermanagement.SearchMember, count=2
Event: 403.140 Thread 0x00000149d68af440 redefined class name=com.test.managementsite.controller.membermanagement.SearchMember, count=3
Event: 838.032 Thread 0x00000149d68af440 redefined class name=com.test.managementsite.controller.membermanagement.SearchMember, count=1
Event: 838.032 Thread 0x00000149d68af440 redefined class name=com.test.managementsite.controller.membermanagement.SearchMember, count=9
Event: 838.032 Thread 0x00000149d68af440 redefined class name=com.test.managementsite.controller.membermanagement.SearchMember, count=30
Event: 838.032 Thread 0x00000149d68af440 redefined class name=com.test.managementsite.controller.membermanagement.SearchMember, count=2
Event: 838.032 Thread 0x00000149d68af440 redefined class name=com.test.managementsite.controller.membermanagement.SearchMember, count=3

Internal exceptions (20 events):
Event: 404.368 Thread 0x00000149ef57e4c0 Exception <a 'java/io/IOException'{0x0000000084628cc0}> (0x0000000084628cc0) 
thrown [s\open\src\hotspot\share\prims\jni.cpp, line 516]
Event: 404.368 Thread 0x00000149ef57e4c0 Exception <a 'java/net/SocketException'{0x000000008462afa0}: Connection reset by peer: shutdown> (0x000000008462afa0) 
thrown [s\open\src\hotspot\share\prims\jni.cpp, line 535]
Event: 404.369 Thread 0x00000149ef57e4c0 Exception <a 'java/net/SocketException'{0x000000008462c958}: Connection reset by peer: shutdown> (0x000000008462c958) 
thrown [s\open\src\hotspot\share\prims\jni.cpp, line 535]
Event: 404.369 Thread 0x00000149ef57e4c0 Exception <a 'java/net/SocketException'{0x000000008462e310}: Connection reset by peer: shutdown> (0x000000008462e310) 
thrown [s\open\src\hotspot\share\prims\jni.cpp, line 535]
Event: 404.369 Thread 0x00000149ef57e4c0 Exception <a 'java/net/SocketException'{0x000000008462fcc8}: Connection reset by peer: shutdown> (0x000000008462fcc8) 
thrown [s\open\src\hotspot\share\prims\jni.cpp, line 535]
Event: 404.415 Thread 0x00000149ef57b4a0 Exception <a 'sun/nio/fs/WindowsException'{0x00000000865a6b68}> (0x00000000865a6b68) 
thrown [s\open\src\hotspot\share\prims\jni.cpp, line 516]
Event: 404.620 Thread 0x00000149ef57b4a0 Exception <a 'java/lang/NoClassDefFoundError'{0x00000000850fd610}: org/flywaydb/core/Flyway> (0x00000000850fd610) 
thrown [s\open\src\hotspot\share\oops\constantPool.cpp, line 836]
Event: 404.621 Thread 0x00000149ef57b4a0 Exception <a 'java/lang/NoClassDefFoundError'{0x00000000850fdc60}: liquibase/integration/spring/SpringLiquibase> (0x00000000850fdc60) 
thrown [s\open\src\hotspot\share\oops\constantPool.cpp, line 836]
Event: 404.624 Thread 0x00000149ef57b4a0 Exception <a 'java/lang/NoClassDefFoundError'{0x0000000084f551b8}: org/jooq/DSLContext> (0x0000000084f551b8) 
thrown [s\open\src\hotspot\share\oops\constantPool.cpp, line 836]
Event: 404.625 Thread 0x00000149ef57b4a0 Exception <a 'java/lang/NoClassDefFoundError'{0x0000000084f5f530}: org/springframework/batch/core/repository/JobRepository> (0x0000000084f5f530) 
thrown [s\open\src\hotspot\share\oops\constantPool.cpp, line 836]
Event: 404.626 Thread 0x00000149ef57b4a0 Exception <a 'java/lang/NoClassDefFoundError'{0x0000000084f5fb78}: org/quartz/Scheduler> (0x0000000084f5fb78) 
thrown [s\open\src\hotspot\share\oops\constantPool.cpp, line 836]
Event: 404.626 Thread 0x00000149ef57b4a0 Exception <a 'java/lang/NoClassDefFoundError'{0x0000000084f601e8}: org/springframework/session/jdbc/JdbcIndexedSessionRepository> (0x0000000084f601e8) 
thrown [s\open\src\hotspot\share\oops\constantPool.cpp, line 836]
Event: 404.654 Thread 0x00000149ef57b4a0 Exception <a 'sun/nio/fs/WindowsException'{0x0000000084947eb0}> (0x0000000084947eb0) 
thrown [s\open\src\hotspot\share\prims\jni.cpp, line 516]
Event: 404.655 Thread 0x00000149ef57b4a0 Exception <a 'sun/nio/fs/WindowsException'{0x00000000849484b8}> (0x00000000849484b8) 
thrown [s\open\src\hotspot\share\prims\jni.cpp, line 516]
Event: 404.655 Thread 0x00000149ef57b4a0 Exception <a 'sun/nio/fs/WindowsException'{0x0000000084948b90}> (0x0000000084948b90) 
thrown [s\open\src\hotspot\share\prims\jni.cpp, line 516]
Event: 404.663 Thread 0x00000149ef57b4a0 Exception <a 'java/io/FileNotFoundException'{0x0000000084981460}> (0x0000000084981460) 
thrown [s\open\src\hotspot\share\prims\jni.cpp, line 516]
Event: 404.675 Thread 0x00000149ef57b4a0 Exception <a 'java/io/FileNotFoundException'{0x0000000084708708}> (0x0000000084708708) 
thrown [s\open\src\hotspot\share\prims\jni.cpp, line 516]
Event: 814.644 Thread 0x00000149ef57dff0 Exception <a 'java/lang/ClassNotFoundException'{0x0000000084f3a9e0}: java/lang/ObjectCustomizer> (0x0000000084f3a9e0) 
thrown [s\open\src\hotspot\share\classfile\systemDictionary.cpp, line 255]
Event: 814.648 Thread 0x00000149ef57dff0 Exception <a 'java/lang/ClassNotFoundException'{0x0000000084f42780}: java/lang/RecordCustomizer> (0x0000000084f42780) 
thrown [s\open\src\hotspot\share\classfile\systemDictionary.cpp, line 255]
Event: 814.650 Thread 0x00000149ef57dff0 Exception <a 'java/lang/ClassNotFoundException'{0x0000000084f4cca0}: com/test/managementsite/data/SearchMemberFormCustomizer> (0x0000000084f4cca0) 
thrown [s\open\src\hotspot\share\classfile\systemDictionary.cpp, line 255]

VM Operations (20 events):
Event: 831.860 Executing VM operation: get/set locals
Event: 831.860 Executing VM operation: get/set locals done
Event: 831.862 Executing VM operation: get/set locals
Event: 831.862 Executing VM operation: get/set locals done
Event: 831.863 Executing VM operation: get/set locals
Event: 831.863 Executing VM operation: get/set locals done
Event: 831.932 Executing VM operation: get/set locals
Event: 831.932 Executing VM operation: get/set locals done
Event: 831.933 Executing VM operation: get/set locals
Event: 831.933 Executing VM operation: get/set locals done
Event: 831.935 Executing VM operation: get/set locals
Event: 831.935 Executing VM operation: get/set locals done
Event: 837.997 Executing VM operation: ChangeSingleStep
Event: 837.997 Executing VM operation: ChangeSingleStep done
Event: 837.998 Executing VM operation: ChangeSingleStep
Event: 837.998 Executing VM operation: ChangeSingleStep done
Event: 838.012 Executing VM operation: RedefineClasses
Event: 838.054 Executing VM operation: RedefineClasses done
Event: 838.056 Executing VM operation: ChangeSingleStep
Event: 838.056 Executing VM operation: ChangeSingleStep done

Events (20 events):
Event: 404.817 Thread 0x00000149ef578950 Thread added: 0x00000149ef578950
Event: 404.817 Thread 0x00000149ef578e20 Thread added: 0x00000149ef578e20
Event: 404.817 Thread 0x00000149ef57b970 Thread added: 0x00000149ef57b970
Event: 404.817 Thread 0x00000149ef57c310 Thread added: 0x00000149ef57c310
Event: 404.817 Thread 0x00000149ef57ccb0 Thread added: 0x00000149ef57ccb0
Event: 404.817 Thread 0x00000149ef57be40 Thread added: 0x00000149ef57be40
Event: 404.818 Thread 0x00000149ef57ee60 Thread added: 0x00000149ef57ee60
Event: 404.818 Thread 0x00000149ef57e4c0 Thread added: 0x00000149ef57e4c0
Event: 404.819 Thread 0x00000149ef57a160 Thread added: 0x00000149ef57a160
Event: 404.823 Thread 0x00000149ef57b4a0 Thread exited: 0x00000149ef57b4a0
Event: 404.823 Thread 0x00000149ef5797c0 Thread exited: 0x00000149ef5797c0
Event: 409.938 Thread 0x00000149ef57a160 Thread exited: 0x00000149ef57a160
Event: 545.726 Thread 0x00000149ef9c61e0 Thread added: 0x00000149ef9c61e0
Event: 550.847 Thread 0x00000149ef9c61e0 Thread exited: 0x00000149ef9c61e0
Event: 625.390 Thread 0x00000149ef9c52b0 Thread added: 0x00000149ef9c52b0
Event: 625.390 Thread 0x00000149ef9c7110 Thread added: 0x00000149ef9c7110
Event: 625.390 Thread 0x00000149ef9c7b30 Thread added: 0x00000149ef9c7b30
Event: 630.562 Thread 0x00000149ef9c7b30 Thread exited: 0x00000149ef9c7b30
Event: 635.575 Thread 0x00000149ef9c7110 Thread exited: 0x00000149ef9c7110
Event: 640.588 Thread 0x00000149ef9c52b0 Thread exited: 0x00000149ef9c52b0


Dynamic libraries:
0x00007ff604f50000 - 0x00007ff604f5e000 	C:\jdk\jdk-18.0.1.1\bin\javaw.exe
0x00007ffe3e7d0000 - 0x00007ffe3e9c5000 	C:\Windows\SYSTEM32\ntdll.dll
0x00007ffe3ce80000 - 0x00007ffe3cf3e000 	C:\Windows\System32\KERNEL32.DLL
0x00007ffe3c450000 - 0x00007ffe3c718000 	C:\Windows\System32\KERNELBASE.dll
0x00007ffe3c2a0000 - 0x00007ffe3c3a0000 	C:\Windows\System32\ucrtbase.dll
0x00007ffe2ad00000 - 0x00007ffe2ad17000 	C:\jdk\jdk-18.0.1.1\bin\jli.dll
0x00007ffe20c60000 - 0x00007ffe20c7a000 	C:\jdk\jdk-18.0.1.1\bin\VCRUNTIME140.dll
0x00007ffe3c830000 - 0x00007ffe3c9d0000 	C:\Windows\System32\USER32.dll
0x00007ffe3c080000 - 0x00007ffe3c0a2000 	C:\Windows\System32\win32u.dll
0x00007ffe33350000 - 0x00007ffe335ea000 	C:\Windows\WinSxS\amd64_microsoft.windows.common-controls_6595b64144ccf1df_6.0.19041.1110_none_60b5254171f9507e\COMCTL32.dll
0x00007ffe3dd90000 - 0x00007ffe3ddba000 	C:\Windows\System32\GDI32.dll
0x00007ffe3c9d0000 - 0x00007ffe3ca6e000 	C:\Windows\System32\msvcrt.dll
0x00007ffe3c720000 - 0x00007ffe3c82b000 	C:\Windows\System32\gdi32full.dll
0x00007ffe3bfe0000 - 0x00007ffe3c07d000 	C:\Windows\System32\msvcp_win.dll
0x00007ffe3d260000 - 0x00007ffe3d290000 	C:\Windows\System32\IMM32.DLL
0x00007ffe30250000 - 0x00007ffe3025c000 	C:\jdk\jdk-18.0.1.1\bin\vcruntime140_1.dll
0x00007ffe1cc80000 - 0x00007ffe1cd0d000 	C:\jdk\jdk-18.0.1.1\bin\msvcp140.dll
0x00007ffddd200000 - 0x00007ffddde10000 	C:\jdk\jdk-18.0.1.1\bin\server\jvm.dll
0x00007ffe3d5f0000 - 0x00007ffe3d69e000 	C:\Windows\System32\ADVAPI32.dll
0x00007ffe3cfa0000 - 0x00007ffe3d03c000 	C:\Windows\System32\sechost.dll
0x00007ffe3d050000 - 0x00007ffe3d175000 	C:\Windows\System32\RPCRT4.dll
0x00007ffe3d040000 - 0x00007ffe3d048000 	C:\Windows\System32\PSAPI.DLL
0x00007ffe301e0000 - 0x00007ffe301e9000 	C:\Windows\SYSTEM32\WSOCK32.dll
0x00007ffe30100000 - 0x00007ffe30127000 	C:\Windows\SYSTEM32\WINMM.dll
0x00007ffe3d180000 - 0x00007ffe3d1eb000 	C:\Windows\System32\WS2_32.dll
0x00007ffe361f0000 - 0x00007ffe361fa000 	C:\Windows\SYSTEM32\VERSION.dll
0x00007ffe39e20000 - 0x00007ffe39e32000 	C:\Windows\SYSTEM32\kernel.appcore.dll
0x00007ffe301f0000 - 0x00007ffe301fa000 	C:\jdk\jdk-18.0.1.1\bin\jimage.dll
0x00007ffe31240000 - 0x00007ffe31424000 	C:\Windows\SYSTEM32\DBGHELP.DLL
0x00007ffe31580000 - 0x00007ffe315ac000 	C:\Windows\SYSTEM32\dbgcore.DLL
0x00007ffe3c0b0000 - 0x00007ffe3c132000 	C:\Windows\System32\bcryptPrimitives.dll
0x00007ffe1fd60000 - 0x00007ffe1fd9b000 	C:\jdk\jdk-18.0.1.1\bin\jdwp.dll
0x00007ffe2fdc0000 - 0x00007ffe2fdce000 	C:\jdk\jdk-18.0.1.1\bin\instrument.dll
0x00007ffe1c860000 - 0x00007ffe1c885000 	C:\jdk\jdk-18.0.1.1\bin\java.dll
0x00007ffe1c6f0000 - 0x00007ffe1c7c6000 	C:\jdk\jdk-18.0.1.1\bin\jsvml.dll
0x00007ffe3df40000 - 0x00007ffe3e684000 	C:\Windows\System32\SHELL32.dll
0x00007ffe3a020000 - 0x00007ffe3a7b4000 	C:\Windows\SYSTEM32\windows.storage.dll
0x00007ffe3d290000 - 0x00007ffe3d5e4000 	C:\Windows\System32\combase.dll
0x00007ffe3b8e0000 - 0x00007ffe3b90c000 	C:\Windows\SYSTEM32\Wldp.dll
0x00007ffe3cd10000 - 0x00007ffe3cdbd000 	C:\Windows\System32\SHCORE.dll
0x00007ffe3dee0000 - 0x00007ffe3df35000 	C:\Windows\System32\shlwapi.dll
0x00007ffe3be30000 - 0x00007ffe3be4f000 	C:\Windows\SYSTEM32\profapi.dll
0x00007ffe2fd80000 - 0x00007ffe2fd8c000 	C:\jdk\jdk-18.0.1.1\bin\dt_socket.dll
0x00007ffe3b340000 - 0x00007ffe3b37b000 	C:\Windows\SYSTEM32\IPHLPAPI.DLL
0x00007ffe3b650000 - 0x00007ffe3b6ba000 	C:\Windows\system32\mswsock.dll
0x00007ffe3b380000 - 0x00007ffe3b44b000 	C:\Windows\SYSTEM32\DNSAPI.dll
0x00007ffe3d1f0000 - 0x00007ffe3d1f8000 	C:\Windows\System32\NSI.dll
0x00007ffe33cd0000 - 0x00007ffe33cda000 	C:\Windows\System32\rasadhlp.dll
0x00007ffe33cf0000 - 0x00007ffe33d6f000 	C:\Windows\System32\fwpuclnt.dll
0x00007ffe3bfb0000 - 0x00007ffe3bfd7000 	C:\Windows\System32\bcrypt.dll
0x00007ffe20a00000 - 0x00007ffe20a18000 	C:\jdk\jdk-18.0.1.1\bin\zip.dll
0x00007ffe20950000 - 0x00007ffe20963000 	C:\jdk\jdk-18.0.1.1\bin\net.dll
0x00007ffe33ed0000 - 0x00007ffe33fda000 	C:\Windows\SYSTEM32\WINHTTP.dll
0x00007ffe1cc60000 - 0x00007ffe1cc76000 	C:\jdk\jdk-18.0.1.1\bin\nio.dll
0x00007ffe2e670000 - 0x00007ffe2e679000 	C:\jdk\jdk-18.0.1.1\bin\management.dll
0x00007ffe2e600000 - 0x00007ffe2e60b000 	C:\jdk\jdk-18.0.1.1\bin\management_ext.dll
0x00007ffe2b8e0000 - 0x00007ffe2b8f7000 	C:\Windows\system32\napinsp.dll
0x00007ffe29fd0000 - 0x00007ffe29feb000 	C:\Windows\system32\pnrpnsp.dll
0x00007ffe29fb0000 - 0x00007ffe29fc5000 	C:\Windows\system32\wshbth.dll
0x00007ffe37900000 - 0x00007ffe3791d000 	C:\Windows\system32\NLAapi.dll
0x00007ffe29f90000 - 0x00007ffe29fa2000 	C:\Windows\System32\winrnr.dll
0x00007ffe3b840000 - 0x00007ffe3b858000 	C:\Windows\SYSTEM32\CRYPTSP.dll
0x00007ffe3afd0000 - 0x00007ffe3b004000 	C:\Windows\system32\rsaenh.dll
0x00007ffe3bdb0000 - 0x00007ffe3bdde000 	C:\Windows\SYSTEM32\USERENV.dll
0x00007ffe3bc20000 - 0x00007ffe3bc2c000 	C:\Windows\SYSTEM32\CRYPTBASE.dll
0x00007ffe36000000 - 0x00007ffe36017000 	C:\Windows\SYSTEM32\dhcpcsvc6.DLL
0x00007ffe36210000 - 0x00007ffe3622d000 	C:\Windows\SYSTEM32\dhcpcsvc.DLL
0x00007ffe2c6f0000 - 0x00007ffe2c700000 	C:\jdk\jdk-18.0.1.1\bin\verify.dll
0x00007ffe29ab0000 - 0x00007ffe29abe000 	C:\jdk\jdk-18.0.1.1\bin\sunmscapi.dll
0x00007ffe3c140000 - 0x00007ffe3c296000 	C:\Windows\System32\CRYPT32.dll
0x00007ffe3b950000 - 0x00007ffe3b977000 	C:\Windows\SYSTEM32\ncrypt.dll
0x00007ffe3b910000 - 0x00007ffe3b94b000 	C:\Windows\SYSTEM32\NTASN1.dll

dbghelp: loaded successfully - version: 4.0.5 - missing functions: none
symbol engine: initialized successfully - sym options: 0x614 - pdb path: .;C:\jdk\jdk-18.0.1.1\bin;C:\Windows\SYSTEM32;C:\Windows\WinSxS\amd64_microsoft.windows.common-controls_6595b64144ccf1df_6.0.19041.1110_none_60b5254171f9507e;C:\jdk\jdk-18.0.1.1\bin\server

VM Arguments:
jvm_args: -XX:+ShowCodeDetailsInExceptionMessages -agentlib:jdwp=transport=dt_socket,suspend=y,address=localhost:64363 -Dcom.sun.management.jmxremote -Dcom.sun.management.jmxremote.port=64362 -Dcom.sun.management.jmxremote.authenticate=false -Dcom.sun.management.jmxremote.ssl=false -Djava.rmi.server.hostname=localhost -Dspring.jmx.enabled=true -Dspring.application.admin.enabled=true -XX:TieredStopAtLevel=1 -Dspring.boot.project.name=test -javaagent:C:\pleiades\2022-03\eclipse\configuration\org.eclipse.osgi\225\0\.cp\lib\javaagent-shaded.jar -Dfile.encoding=MS932 
java_command: com.test.managementsite.ManagementSiteApplication
java_class_path (initial): C:\Users\user\Desktop\yang\test\managementsite\target\classes;C:\Users\user\.m2\repository\org\springframework\boot\spring-boot-starter-data-jpa\2.6.7\spring-boot-starter-data-jpa-2.6.7.jar;C:\Users\user\.m2\repository\org\springframework\boot\spring-boot-starter-aop\2.6.7\spring-boot-starter-aop-2.6.7.jar;C:\Users\user\.m2\repository\org\springframework\spring-aop\5.3.19\spring-aop-5.3.19.jar;C:\Users\user\.m2\repository\org\aspectj\aspectjweaver\1.9.7\aspectjweaver-1.9.7.jar;C:\Users\user\.m2\repository\org\springframework\boot\spring-boot-starter-jdbc\2.6.7\spring-boot-starter-jdbc-2.6.7.jar;C:\Users\user\.m2\repository\com\zaxxer\HikariCP\4.0.3\HikariCP-4.0.3.jar;C:\Users\user\.m2\repository\org\springframework\spring-jdbc\5.3.19\spring-jdbc-5.3.19.jar;C:\Users\user\.m2\repository\jakarta\transaction\jakarta.transaction-api\1.3.3\jakarta.transaction-api-1.3.3.jar;C:\Users\user\.m2\repository\jakarta\persistence\jakarta.persistence-api\2.2.3\jakarta.persistence-api-2.2.3.jar;C:\Users\user\.m2\repository\org\hibernate\hibernate-core\5.6.8.Final\hibernate-core-5.6.8.Final.jar;C:\Users\user\.m2\repository\org\jboss\logging\jboss-logging\3.4.3.Final\jboss-logging-3.4.3.Final.jar;C:\Users\user\.m2\repository\net\bytebuddy\byte-buddy\1.11.22\byte-buddy-1.11.22.jar;C:\Users\user\.m2\repository\antlr\antlr\2.7.7\antlr-2.7.7.jar;C:\Users\user\.m2\repository\org\jboss\jandex\2.4.2.Final\jandex-2.4.2.Final.jar;C:\Users\user\.m2\repository\com\fasterxml\classmate\1.5.1\classmate-1.5.1.jar;C:\Users\user\.m2\repository\org\hibernate\common\hibernate-commons-annotations\5.1.2.Final\hibernate-commons-annotations-5.1.2.Final.jar;C:\Users\user\.m2\repository\org\glassfish\jaxb\jaxb-runtime\2.3.6\jaxb-runtime-2.3.6.jar;C:\Users\user\.m2\repository\org\glassfish\jaxb\txw2\2.3.6\txw2-2.3.6.jar;C:\Users\user\.m2\repository\com\sun\istack\istack-commons-runtime\3.0.12\istack-commons-runtime-3.0.12.jar;C:\Users\user\.m2\repository\com\sun\activation\jakarta.activation\1.2.2\jakarta.activation-1.2.2.jar;C:\Users\user\.m2\repository\org\springframework\data\spring-data-jpa\2.6.4\spring-data-jpa-2.6.4.jar;C:\Users\user\.m2\repository\org\springframework\data\spring-data-commons\2.6.4\spring-data-commons-2.6.4.jar;C:\Users\user\.m2\repository\org\springframework\spring-orm\5.3.19\spring-orm-5.3.19.jar;C:\Users\user\.m2\repository\org\springframework\spring-context\5.3.19\spring-context-5.3.19.jar;C:\Users\user\.m2\repository\org\springframework\spring-tx\5.3.19\spring-tx-5.3.19.jar;C:\Users\user\.m2\repository\org\springframework\spring-beans\5.3.19\spring-beans-5.3.19.jar;C:\Users\user\.m2\repository\org\slf4j\slf4j-api\1.7.36\slf4j-api-1.7.36.jar;C:\Users\user\.m2\repository\org\springframework\spring-aspects\5.3.19\spring-aspects-5.3.19.jar;C:\Users\user\.m2\repository\org\springframework\boot\spring-boot-starter-thymeleaf\2.6.7\spring-boot-starter-thymeleaf-2.6.7.jar;C:\Users\user\.m2\repository\org\springframework\boot\spring-boot-starter\2.6.7\spring-boot-starter-2.6.7.jar;C:\Users\user\.m2\repository\org\springframework\boot\spring-boot-starter-logging\2.6.7\spring-boot-starter-logging-2.6.7.jar;C:\Users\user\.m2\repository\ch\qos\logback\logback-classic\1.2.11\logback-classic-1.2.11.jar;C:\Users\user\.m2\repository\ch\qos\logback\logback-core\1.2.11\logback-core-1.2.11.jar;C:\Users\user\.m2\repository\org\apache\logging\log4j\log4j-to-slf4j\2.17.2\log4j-to-slf4j-2.17.2.jar;C:\Users\user\.m2\repository\org\apache\logging\log4j\log4j-api\2.17.2\log4j-api-2.17.2.jar;C:\Users\user\.m2\repository\org\slf4j\jul-to-slf4j\1.7.36\jul-to-slf4j-1.7.36.jar;C:\Users\user\.m2\repository\jakarta\annotation\jakarta.annotation-api\1.3.5\jakarta.annotation-api-1.3.5.jar;C:\Users\user\.m2\repository\org\yaml\snakeyaml\1.29\snakeyaml-1.29.jar;C:\Users\user\.m2\repository\org\thymeleaf\thymeleaf-spring5\3.0.15.RELEASE\thymeleaf-spring5-3.0.15.RELEASE.jar;C:\Users\user\.m2\repository\org\thymeleaf\thymeleaf\3.0.15.RELEASE\thymeleaf-3.0.15.RELEASE.jar;C:\Users\user\.m2\repository\org\attoparser\attoparser\2.0.5.RELEASE\attoparser-2.0.5.RELEASE.jar;C:\Users\user\.m2\repository\org\unbescape\unbescape\1.1.6.RELEASE\unbescape-1.1.6.RELEASE.jar;C:\Users\user\.m2\repository\org\thymeleaf\extras\thymeleaf-extras-java8time\3.0.4.RELEASE\thymeleaf-extras-java8time-3.0.4.RELEASE.jar;C:\Users\user\.m2\repository\org\springframework\boot\spring-boot-starter-web\2.6.7\spring-boot-starter-web-2.6.7.jar;C:\Users\user\.m2\repository\org\springframework\boot\spring-boot-starter-json\2.6.7\spring-boot-starter-json-2.6.7.jar;C:\Users\user\.m2\repository\com\fasterxml\jackson\core\jackson-databind\2.13.2.1\jackson-databind-2.13.2.1.jar;C:\Users\user\.m2\repository\com\fasterxml\jackson\core\jackson-annotations\2.13.2\jackson-annotations-2.13.2.jar;C:\Users\user\.m2\repository\com\fasterxml\jackson\core\jackson-core\2.13.2\jackson-core-2.13.2.jar;C:\Users\user\.m2\repository\com\fasterxml\jackson\datatype\jackson-datatype-jdk8\2.13.2\jackson-datatype-jdk8-2.13.2.jar;C:\Users\user\.m2\repository\com\fasterxml\jackson\datatype\jackson-datatype-jsr310\2.13.2\jackson-datatype-jsr310-2.13.2.jar;C:\Users\user\.m2\repository\com\fasterxml\jackson\module\jackson-module-parameter-names\2.13.2\jackson-module-parameter-names-2.13.2.jar;C:\Users\user\.m2\repository\org\springframework\boot\spring-boot-starter-tomcat\2.6.7\spring-boot-starter-tomcat-2.6.7.jar;C:\Users\user\.m2\repository\org\apache\tomcat\embed\tomcat-embed-core\9.0.62\tomcat-embed-core-9.0.62.jar;C:\Users\user\.m2\repository\org\apache\tomcat\embed\tomcat-embed-websocket\9.0.62\tomcat-embed-websocket-9.0.62.jar;C:\Users\user\.m2\repository\org\springframework\spring-web\5.3.19\spring-web-5.3.19.jar;C:\Users\user\.m2\repository\org\springframework\spring-webmvc\5.3.19\spring-webmvc-5.3.19.jar;C:\Users\user\.m2\repository\org\springframework\spring-expression\5.3.19\spring-expression-5.3.19.jar;C:\Users\user\.m2\repository\org\mybatis\spring\boot\mybatis-spring-boot-starter\2.2.2\mybatis-spring-boot-starter-2.2.2.jar;C:\Users\user\.m2\repository\org\mybatis\spring\boot\mybatis-spring-boot-autoconfigure\2.2.2\mybatis-spring-boot-autoconfigure-2.2.2.jar;C:\Users\user\.m2\repository\org\mybatis\mybatis\3.5.9\mybatis-3.5.9.jar;C:\Users\user\.m2\repository\org\mybatis\mybatis-spring\2.0.7\mybatis-spring-2.0.7.jar;C:\Users\user\.m2\repository\org\springframework\boot\spring-boot-devtools\2.6.7\spring-boot-devtools-2.6.7.jar;C:\Users\user\.m2\repository\org\springframework\boot\spring-boot\2.6.7\spring-boot-2.6.7.jar;C:\Users\user\.m2\repository\org\springframework\boot\spring-boot-autoconfigure\2.6.7\spring-boot-autoconfigure-2.6.7.jar;C:\Users\user\.m2\repository\mysql\mysql-connector-java\8.0.28\mysql-connector-java-8.0.28.jar;C:\Users\user\.m2\repository\org\projectlombok\lombok\1.18.24\lombok-1.18.24.jar;C:\Users\user\.m2\repository\jakarta\xml\bind\jakarta.xml.bind-api\2.3.3\jakarta.xml.bind-api-2.3.3.jar;C:\Users\user\.m2\repository\jakarta\activation\jakarta.activation-api\1.2.2\jakarta.activation-api-1.2.2.jar;C:\Users\user\.m2\repository\org\springframework\spring-core\5.3.19\spring-core-5.3.19.jar;C:\Users\user\.m2\repository\org\springframework\spring-jcl\5.3.19\spring-jcl-5.3.19.jar;C:\Users\user\.m2\repository\javax\validation\validation-api\2.0.1.Final\validation-api-2.0.1.Final.jar;C:\Users\user\.m2\repository\org\jetbrains\annotations\23.0.0\annotations-23.0.0.jar;C:\Users\user\.m2\repository\org\springframework\boot\spring-boot-starter-validation\2.6.7\spring-boot-starter-validation-2.6.7.jar;C:\Users\user\.m2\repository\org\apache\tomcat\embed\tomcat-embed-el\9.0.62\tomcat-embed-el-9.0.62.jar;C:\Users\user\.m2\repository\org\hibernate\validator\hibernate-validator\6.2.3.Final\hibernate-validator-6.2.3.Final.jar;C:\Users\user\.m2\repository\jakarta\validation\jakarta.validation-api\2.0.2\jakarta.validation-api-2.0.2.jar
Launcher Type: SUN_STANDARD

[Global flags]
     intx CICompilerCount                          = 4                                         {product} {ergonomic}
     uint ConcGCThreads                            = 2                                         {product} {ergonomic}
     uint G1ConcRefinementThreads                  = 8                                         {product} {ergonomic}
   size_t G1HeapRegionSize                         = 1048576                                   {product} {ergonomic}
    uintx GCDrainStackTargetSize                   = 64                                        {product} {ergonomic}
   size_t InitialHeapSize                          = 134217728                                 {product} {ergonomic}
     bool ManagementServer                         = true                                      {product} {command line}
   size_t MarkStackSize                            = 4194304                                   {product} {ergonomic}
   size_t MaxHeapSize                              = 2124414976                                {product} {ergonomic}
   size_t MaxNewSize                               = 1274019840                                {product} {ergonomic}
   size_t MinHeapDeltaBytes                        = 1048576                                   {product} {ergonomic}
   size_t MinHeapSize                              = 8388608                                   {product} {ergonomic}
    uintx NonProfiledCodeHeapSize                  = 0                                      {pd product} {ergonomic}
     bool ProfileInterpreter                       = false                                  {pd product} {command line}
    uintx ProfiledCodeHeapSize                     = 0                                      {pd product} {ergonomic}
     bool ShowCodeDetailsInExceptionMessages       = true                                   {manageable} {command line}
   size_t SoftMaxHeapSize                          = 2124414976                             {manageable} {ergonomic}
     intx TieredStopAtLevel                        = 1                                         {product} {command line}
     bool UseCompressedClassPointers               = true                           {product lp64_product} {ergonomic}
     bool UseCompressedOops                        = true                           {product lp64_product} {ergonomic}
     bool UseG1GC                                  = true                                      {product} {ergonomic}
     bool UseLargePagesIndividualAllocation        = false                                  {pd product} {ergonomic}

Logging:
Log output configuration:
 #0: stdout all=warning uptime,level,tags foldmultilines=false
 #1: stderr all=off uptime,level,tags foldmultilines=false

Environment Variables:
PATH=C:/pleiades/2022-03/java/17/bin/server;C:/pleiades/2022-03/java/17/bin;C:\Program Files\Common Files\Oracle\Java\javapath;C:\Windows\system32;C:\Windows;C:\Windows\System32\Wbem;C:\Windows\System32\WindowsPowerShell\v1.0\;C:\Windows\System32\OpenSSH\;C:\Program Files\Git\cmd;C:\Program Files\nodejs\;C:\Program Files (x86)\Yarn\bin\;C:\jdk\openjdk-14.0.1_windows-x64_bin\jdk-14.0.1\bin;C:\Program Files\Bandizip\;D:\apache-maven-3.8.5\bin;C:\Program Files\MySQL\MySQL Server 8.0\bin;C:\Users\user\AppData\Local\Programs\Python\Python310\Scripts\;C:\Users\user\AppData\Local\Programs\Python\Python310\;C:\Program Files\MySQL\MySQL Shell 8.0\bin\;C:\Users\user\AppData\Local\Microsoft\WindowsApps;C:\Users\user\AppData\Local\GitHubDesktop\bin;C:\Users\user\AppData\Roaming\npm;C:\Users\user\AppData\Local\Programs\Microsoft VS Code\bin;C:\Users\user\AppData\Local\Yarn\bin;C:\Program Files\JetBrains\IntelliJ IDEA Community Edition 2022.1\bin;;C:\Program Files\MySQL\MySQL Server 8.0\bin;;C:\pleiades\2022-03\eclipse;
USERNAME=user
OS=Windows_NT
PROCESSOR_IDENTIFIER=Intel64 Family 6 Model 158 Stepping 9, GenuineIntel



---------------  S Y S T E M  ---------------

OS:
 Windows 10 , 64 bit Build 19041 (10.0.19041.1645)
OS uptime: 0 days 20:27 hours

CPU: total 8 (initial active 8) (4 cores per cpu, 2 threads per core) family 6 model 158 stepping 9 microcode 0xb4, cx8, cmov, fxsr, ht, mmx, 3dnowpref, sse, sse2, sse3, ssse3, sse4.1, sse4.2, popcnt, lzcnt, tsc, tscinvbit, avx, avx2, aes, erms, clmul, bmi1, bmi2, rtm, adx, fma, vzeroupper, clflush, clflushopt

Memory: 4k page, system-wide physical 8099M (1244M free)
TotalPageFile size 13219M (AvailPageFile size 5062M)
current process WorkingSet (physical memory assigned to process): 237M, peak: 312M
current process commit charge ("private bytes"): 279M, peak: 372M

vm_info: OpenJDK 64-Bit Server VM (18.0.1.1+2-6) for windows-amd64 JRE (18.0.1.1+2-6), built on Apr 25 2022 21:50:56 by "mach5one" with MS VC++ 16.8 / 16.9 (VS2019)

END.
