#
# A fatal error has been detected by the Java Runtime Environment:
#
#  EXCEPTION_ACCESS_VIOLATION (0xc0000005) at pc=0x00007ffdd8d85bf4, pid=8512, tid=1396
#
# JRE version: OpenJDK Runtime Environment (18.0.1.1+2) (build 18.0.1.1+2-6)
# Java VM: OpenJDK 64-Bit Server VM (18.0.1.1+2-6, mixed mode, emulated-client, sharing, tiered, compressed oops, compressed class ptrs, g1 gc, windows-amd64)
# Problematic frame:
# V  [jvm.dll+0x335bf4]
#
# No core dump will be written. Minidumps are not enabled by default on client versions of Windows
#
# If you would like to submit a bug report, please visit:
#   https://bugreport.java.com/bugreport/crash.jsp
#

---------------  S U M M A R Y ------------

Command Line: -XX:+ShowCodeDetailsInExceptionMessages -agentlib:jdwp=transport=dt_socket,suspend=y,address=localhost:49538 -Dcom.sun.management.jmxremote -Dcom.sun.management.jmxremote.port=49536 -Dcom.sun.management.jmxremote.authenticate=false -Dcom.sun.management.jmxremote.ssl=false -Djava.rmi.server.hostname=localhost -Dspring.jmx.enabled=true -Dspring.application.admin.enabled=true -XX:TieredStopAtLevel=1 -Dspring.boot.project.name=test -javaagent:C:\pleiades\2022-03\eclipse\configuration\org.eclipse.osgi\225\0\.cp\lib\javaagent-shaded.jar -Dfile.encoding=MS932 com.test.managementsite.ManagementSiteApplication

Host: Intel(R) Core(TM) i7-7700 CPU @ 3.60GHz, 8 cores, 7G,  Windows 10 , 64 bit Build 19041 (10.0.19041.1645)
Time: Thu May 12 16:08:02 2022  Windows 10 , 64 bit Build 19041 (10.0.19041.1645) elapsed time: 3839.821281 seconds (0d 1h 3m 59s)

---------------  T H R E A D  ---------------

Current thread (0x0000028231151e00):  WorkerThread "GC Thread#5" [stack: 0x000000d41f300000,0x000000d41f400000] [id=1396]

Stack: [0x000000d41f300000,0x000000d41f400000],  sp=0x000000d41f3fdf10,  free space=1015k
Native frames: (J=compiled Java code, j=interpreted, Vv=VM code, C=native code)
V  [jvm.dll+0x335bf4]
V  [jvm.dll+0x2e602b]
V  [jvm.dll+0x2e5ac4]
V  [jvm.dll+0x2e5a55]
V  [jvm.dll+0x7a40e6]
V  [jvm.dll+0x7a3f79]
V  [jvm.dll+0x7a4550]
V  [jvm.dll+0x33624c]
V  [jvm.dll+0x3360e5]
V  [jvm.dll+0x33e704]
V  [jvm.dll+0x33e87b]
V  [jvm.dll+0x81fae4]
V  [jvm.dll+0x7a03ea]
V  [jvm.dll+0x697725]
C  [ucrtbase.dll+0x21bb2]
C  [KERNEL32.DLL+0x17034]
C  [ntdll.dll+0x52651]

JavaThread 0x00000282328fcc20 (nid = 12136) was being processed
Java frames: (J=compiled Java code, j=interpreted, Vv=VM code)
j  java.lang.invoke.DirectMethodHandle$Holder.newInvokeSpecial(Ljava/lang/Object;Ljava/lang/Object;)Ljava/lang/Object;+16 java.base@18.0.1.1
J 2325 c1 java.lang.invoke.LambdaForm$MH+0x0000000800c02000.invoke(Ljava/lang/Object;Ljava/lang/Object;)Ljava/lang/Object; java.base@18.0.1.1 (35 bytes) @ 0x00000282217c2934 [0x00000282217c2840+0x00000000000000f4]
J 1903 c1 jdk.internal.reflect.DirectConstructorHandleAccessor.newInstance([Ljava/lang/Object;)Ljava/lang/Object; java.base@18.0.1.1 (148 bytes) @ 0x000002822170190c [0x0000028221701460+0x00000000000004ac]
J 1902 c1 java.lang.reflect.Constructor.newInstanceWithCaller([Ljava/lang/Object;ZLjava/lang/Class;)Ljava/lang/Object; java.base@18.0.1.1 (51 bytes) @ 0x00000282216fe7fc [0x00000282216fe740+0x00000000000000bc]
J 3014 c1 org.springframework.beans.BeanUtils.instantiateClass(Ljava/lang/reflect/Constructor;[Ljava/lang/Object;)Ljava/lang/Object; (187 bytes) @ 0x000002822191564c [0x0000028221915240+0x000000000000040c]
j  org.springframework.beans.factory.support.SimpleInstantiationStrategy.instantiate(Lorg/springframework/beans/factory/support/RootBeanDefinition;Ljava/lang/String;Lorg/springframework/beans/factory/BeanFactory;Ljava/lang/reflect/Constructor;[Ljava/lang/Object;)Ljava/lang/Object;+28
j  org.springframework.beans.factory.support.ConstructorResolver.instantiate(Ljava/lang/String;Lorg/springframework/beans/factory/support/RootBeanDefinition;Ljava/lang/reflect/Constructor;[Ljava/lang/Object;)Ljava/lang/Object;+50
j  org.springframework.beans.factory.support.ConstructorResolver.autowireConstructor(Ljava/lang/String;Lorg/springframework/beans/factory/support/RootBeanDefinition;[Ljava/lang/reflect/Constructor;[Ljava/lang/Object;)Lorg/springframework/beans/BeanWrapper;+982
J 5648 c1 org.springframework.beans.factory.support.AbstractAutowireCapableBeanFactory.createBeanInstance(Ljava/lang/String;Lorg/springframework/beans/factory/support/RootBeanDefinition;[Ljava/lang/Object;)Lorg/springframework/beans/BeanWrapper; (254 bytes) @ 0x00000282213594cc [0x0000028221358da0+0x000000000000072c]
J 5654 c1 org.springframework.beans.factory.support.AbstractAutowireCapableBeanFactory.doCreateBean(Ljava/lang/String;Lorg/springframework/beans/factory/support/RootBeanDefinition;[Ljava/lang/Object;)Ljava/lang/Object; (507 bytes) @ 0x000002822134d6ec [0x000002822134d560+0x000000000000018c]
J 5653 c1 org.springframework.beans.factory.support.AbstractAutowireCapableBeanFactory.createBean(Ljava/lang/String;Lorg/springframework/beans/factory/support/RootBeanDefinition;[Ljava/lang/Object;)Ljava/lang/Object; (247 bytes) @ 0x0000028221357184 [0x0000028221356b20+0x0000000000000664]
J 6012 c1 org.springframework.beans.factory.support.AbstractBeanFactory$$Lambda$311+0x0000000800e1dd28.getObject()Ljava/lang/Object; (20 bytes) @ 0x0000028221d9ab1c [0x0000028221d9aaa0+0x000000000000007c]
J 5998 c1 org.springframework.beans.factory.support.DefaultSingletonBeanRegistry.getSingleton(Ljava/lang/String;Lorg/springframework/beans/factory/ObjectFactory;)Ljava/lang/Object; (297 bytes) @ 0x0000028221d92f8c [0x0000028221d92ae0+0x00000000000004ac]
J 3289 c1 org.springframework.beans.factory.support.AbstractBeanFactory.doGetBean(Ljava/lang/String;Ljava/lang/Class;[Ljava/lang/Object;Z)Ljava/lang/Object; (832 bytes) @ 0x000002822198a97c [0x000002822198a3a0+0x00000000000005dc]
J 4965 c1 org.springframework.beans.factory.support.AbstractBeanFactory.getBean(Ljava/lang/String;)Ljava/lang/Object; (9 bytes) @ 0x0000028221ca1584 [0x0000028221ca1520+0x0000000000000064]
j  org.springframework.beans.factory.support.DefaultListableBeanFactory.preInstantiateSingletons()V+248
j  org.springframework.context.support.AbstractApplicationContext.finishBeanFactoryInitialization(Lorg/springframework/beans/factory/config/ConfigurableListableBeanFactory;)V+124
j  org.springframework.context.support.AbstractApplicationContext.refresh()V+86
j  org.springframework.boot.web.servlet.context.ServletWebServerApplicationContext.refresh()V+1
j  org.springframework.boot.SpringApplication.refresh(Lorg/springframework/context/ConfigurableApplicationContext;)V+1
j  org.springframework.boot.SpringApplication.refreshContext(Lorg/springframework/context/ConfigurableApplicationContext;)V+16
j  org.springframework.boot.SpringApplication.run([Ljava/lang/String;)Lorg/springframework/context/ConfigurableApplicationContext;+107
j  org.springframework.boot.SpringApplication.run([Ljava/lang/Class;[Ljava/lang/String;)Lorg/springframework/context/ConfigurableApplicationContext;+9
j  org.springframework.boot.SpringApplication.run(Ljava/lang/Class;[Ljava/lang/String;)Lorg/springframework/context/ConfigurableApplicationContext;+9
j  com.test.managementsite.ManagementSiteApplication.main([Ljava/lang/String;)V+3
j  java.lang.invoke.LambdaForm$DMH+0x0000000800c06000.invokeStatic(Ljava/lang/Object;Ljava/lang/Object;)V+10 java.base@18.0.1.1
j  java.lang.invoke.LambdaForm$MH+0x0000000800d09000.invoke(Ljava/lang/Object;Ljava/lang/Object;Ljava/lang/Object;)Ljava/lang/Object;+33 java.base@18.0.1.1
J 2691 c1 java.lang.reflect.Method.invoke(Ljava/lang/Object;[Ljava/lang/Object;)Ljava/lang/Object; java.base@18.0.1.1 (108 bytes) @ 0x000002822186e99c [0x000002822186e080+0x000000000000091c]
j  org.springframework.boot.devtools.restart.RestartLauncher.run()V+42
v  ~StubRoutines::call_stub

siginfo: EXCEPTION_ACCESS_VIOLATION (0xc0000005), reading address 0x0000028218234a9c


Register to memory mapping:

RIP=0x00007ffdd8d85bf4 jvm.dll
RAX=0x000002821808c6d4 points into unknown readable memory: 00 00 00 00
RBX=0x0000028232a15428 points into unknown readable memory: 0x00007ffdd93758b8 | b8 58 37 d9 fd 7f 00 00
RCX=0x0000000000000014 is an unknown value
RDX=0x000000d41e4fdb78 is pointing into the stack for thread: 0x00000282328fcc20
RSP=0x000000d41f3fdf10 points into unknown readable memory: 0x000000d41f3fdfe0 | e0 df 3f 1f d4 00 00 00
RBP=0x000000d41f3fe040 points into unknown readable memory: 0x000000080012df00 | 00 df 12 00 08 00 00 00
RSI=0x000000d41f3fe200 points into unknown readable memory: 0x000000d41e4fdb68 | 68 db 4f 1e d4 00 00 00
RDI=0x000000d41e4fdb78 is pointing into the stack for thread: 0x00000282328fcc20
R8 =0x00000000000d41e4 is an unknown value
R9 =0x0000028218044ee0 points into unknown readable memory: 0x00007ffdd936d460 | 60 d4 36 d9 fd 7f 00 00
R10=0x000000d41e4fdb78 is pointing into the stack for thread: 0x00000282328fcc20
R11=0x000000d41f3fe0b8 points into unknown readable memory: 0x00007ffdd8d35ac4 | c4 5a d3 d8 fd 7f 00 00
R12=0x0 is NULL
R13=0x0000028230f03320 points into unknown readable memory: 0x726f230000000002 | 02 00 00 00 00 23 6f 72
R14=0x0000000000000004 is an unknown value
R15=0x0000000000000004 is an unknown value


Registers:
RAX=0x000002821808c6d4, RBX=0x0000028232a15428, RCX=0x0000000000000014, RDX=0x000000d41e4fdb78
RSP=0x000000d41f3fdf10, RBP=0x000000d41f3fe040, RSI=0x000000d41f3fe200, RDI=0x000000d41e4fdb78
R8 =0x00000000000d41e4, R9 =0x0000028218044ee0, R10=0x000000d41e4fdb78, R11=0x000000d41f3fe0b8
R12=0x0000000000000000, R13=0x0000028230f03320, R14=0x0000000000000004, R15=0x0000000000000004
RIP=0x00007ffdd8d85bf4, EFLAGS=0x0000000000010207

Top of Stack: (sp=0x000000d41f3fdf10)
0x000000d41f3fdf10:   000000d41f3fdfe0 000000d41f3fe200
0x000000d41f3fdf20:   0000000800440068 0000000000000000
0x000000d41f3fdf30:   0000028232a15428 00007ffdd8d3602b
0x000000d41f3fdf40:   0000000000000002 00000008004f6100
0x000000d41f3fdf50:   0000028232a15428 000000d41f3fe200
0x000000d41f3fdf60:   0000000000000101 00000008000c84e0
0x000000d41f3fdf70:   0000028231151e00 0000000800000010
0x000000d41f3fdf80:   00000282304cba50 00000008004f6100
0x000000d41f3fdf90:   00000000000003d8 00000282304cba60
0x000000d41f3fdfa0:   00000282304cbe38 00000008006ddfd8
0x000000d41f3fdfb0:   00000000000000b8 00000008000c84e0
0x000000d41f3fdfc0:   00007ffdd936c010 000000d41f3fe200
0x000000d41f3fdfd0:   0000028232a15428 0000000100000001
0x000000d41f3fdfe0:   00000008004f6100 0000001300000001
0x000000d41f3fdff0:   0000000000000044 000000010000000c
0x000000d41f3fe000:   0000000800440068 0000000000000000 

Instructions: (pc=0x00007ffdd8d85bf4)
0x00007ffdd8d85af4:   00 00 49 d3 e8 42 0f b7 14 40 0f b7 c2 66 c1 e8
0x00007ffdd8d85b04:   08 84 c0 78 3a 4c 8b 07 41 0f b6 c0 24 03 3c 03
0x00007ffdd8d85b14:   75 06 49 83 e0 fc eb 12 48 8b 4b 10 4d 8b c8 4c
0x00007ffdd8d85b24:   8b c7 e8 55 e1 fe ff 4c 8b c0 4c 2b 05 63 8e 78
0x00007ffdd8d85b34:   00 8b 0d 65 8e 78 00 49 d3 e8 44 89 06 eb 64 3c
0x00007ffdd8d85b44:   fd 75 41 41 8b 89 48 02 00 00 48 8b d7 49 8b 81
0x00007ffdd8d85b54:   40 02 00 00 48 d3 e0 8b 0d 8f d9 7f 00 48 2b d0
0x00007ffdd8d85b64:   49 8b 81 f8 03 00 00 48 d3 ea 8b ca 80 3c 08 00
0x00007ffdd8d85b74:   74 22 c6 04 08 00 49 8b 81 00 06 00 00 c6 44 48
0x00007ffdd8d85b84:   01 ff eb 10 3c fc 75 0c 48 8b 4b 10 48 8b d6 e8
0x00007ffdd8d85b94:   48 f2 ff ff 8b 53 18 4c 8b c7 48 8b 4b 28 e8 19
0x00007ffdd8d85ba4:   0b fc ff 48 8b 4b 10 e8 50 bc fe ff 48 8b 7c 24
0x00007ffdd8d85bb4:   30 48 8b 5c 24 38 48 83 c4 20 5e c3 48 89 5c 24
0x00007ffdd8d85bc4:   08 57 48 83 ec 20 4c 8b 12 48 8b fa 48 8b d9 4d
0x00007ffdd8d85bd4:   85 d2 0f 84 b0 00 00 00 4c 8b 49 08 4d 8b c2 49
0x00007ffdd8d85be4:   8b 81 10 06 00 00 41 8b 89 20 06 00 00 49 d3 e8
0x00007ffdd8d85bf4:   42 0f b7 14 40 0f b7 c2 66 c1 e8 08 84 c0 78 2c
0x00007ffdd8d85c04:   49 8b 0a 0f b6 c1 24 03 3c 03 75 09 48 83 e1 fc
0x00007ffdd8d85c14:   48 89 0f eb 6a 4c 8b c9 4d 8b c2 48 8b 4b 10 e8
0x00007ffdd8d85c24:   58 e0 fe ff 48 8b c8 48 89 07 eb 53 3c fd 75 3f
0x00007ffdd8d85c34:   41 8b 89 48 02 00 00 49 8b 81 40 02 00 00 48 d3
0x00007ffdd8d85c44:   e0 8b 0d a5 d8 7f 00 4c 2b d0 49 8b 81 f8 03 00
0x00007ffdd8d85c54:   00 49 d3 ea 41 8b ca 80 3c 08 00 74 22 c6 04 08
0x00007ffdd8d85c64:   00 49 8b 81 00 06 00 00 c6 44 48 01 ff eb 10 3c
0x00007ffdd8d85c74:   fc 75 0c 48 8b 4b 10 48 8b d7 e8 1d f1 ff ff 48
0x00007ffdd8d85c84:   8b 4b 10 e8 74 bb fe ff 48 8b 5c 24 30 48 83 c4
0x00007ffdd8d85c94:   20 5f c3 cc cc cc cc cc cc cc cc cc 48 89 5c 24
0x00007ffdd8d85ca4:   08 57 48 83 ec 20 8b 02 48 8b fa 48 8b d9 85 c0
0x00007ffdd8d85cb4:   0f 84 d1 00 00 00 8b 0d e0 8c 78 00 44 8b d0 4c
0x00007ffdd8d85cc4:   8b 4b 08 49 d3 e2 4c 03 15 c7 8c 78 00 4d 8b c2
0x00007ffdd8d85cd4:   49 8b 81 10 06 00 00 41 8b 89 20 06 00 00 49 d3
0x00007ffdd8d85ce4:   e8 42 0f b7 14 40 0f b7 c2 66 c1 e8 08 84 c0 78 


Stack slot to memory mapping:
stack at sp + 0 slots: 0x000000d41f3fdfe0 points into unknown readable memory: 0x00000008004f6100 | 00 61 4f 00 08 00 00 00
stack at sp + 1 slots: 0x000000d41f3fe200 points into unknown readable memory: 0x000000d41e4fdb68 | 68 db 4f 1e d4 00 00 00
stack at sp + 2 slots: 0x0000000800440068 is pointing into metadata
stack at sp + 3 slots: 0x0 is NULL
stack at sp + 4 slots: 0x0000028232a15428 points into unknown readable memory: 0x00007ffdd93758b8 | b8 58 37 d9 fd 7f 00 00
stack at sp + 5 slots: 0x00007ffdd8d3602b jvm.dll
stack at sp + 6 slots: 0x0000000000000002 is an unknown value
stack at sp + 7 slots: 0x00000008004f6100 is pointing into metadata


---------------  P R O C E S S  ---------------

Threads class SMR info:
_java_thread_list=0x0000028232b7d8a0, length=26, elements={
0x000002822bdf45f0, 0x000002822bdf5160, 0x000002822be0e7c0, 0x000002822be0f070,
0x000002822be11a70, 0x000002822be17970, 0x000002822be38370, 0x000002822be41c80,
0x000002822bddeab0, 0x00000282305173e0, 0x000002823053a3d0, 0x000002823053aaa0,
0x0000028230dbd1b0, 0x0000028230e67440, 0x0000028230eb6930, 0x0000028230f48910,
0x0000028231e9e870, 0x00000282328f7f20, 0x00000282328f9260, 0x00000282328fcc20,
0x00000282328f88c0, 0x00000282328fbdb0, 0x00000282328f9730, 0x00000282328fda90,
0x00000282328f9c00, 0x00000282328fd0f0
}

Java Threads: ( => current thread )
  0x000002822bdf45f0 JavaThread "Reference Handler" daemon [_thread_blocked, id=14344, stack(0x000000d41db00000,0x000000d41dc00000)]
  0x000002822bdf5160 JavaThread "Finalizer" daemon [_thread_blocked, id=13988, stack(0x000000d41dc00000,0x000000d41dd00000)]
  0x000002822be0e7c0 JavaThread "Signal Dispatcher" daemon [_thread_blocked, id=13588, stack(0x000000d41dd00000,0x000000d41de00000)]
  0x000002822be0f070 JavaThread "Attach Listener" daemon [_thread_blocked, id=6976, stack(0x000000d41de00000,0x000000d41df00000)]
  0x000002822be11a70 JavaThread "Service Thread" daemon [_thread_blocked, id=3924, stack(0x000000d41df00000,0x000000d41e000000)]
  0x000002822be17970 JavaThread "Monitor Deflation Thread" daemon [_thread_blocked, id=8288, stack(0x000000d41e000000,0x000000d41e100000)]
  0x000002822be38370 JavaThread "C1 CompilerThread0" daemon [_thread_blocked, id=11052, stack(0x000000d41e100000,0x000000d41e200000)]
  0x000002822be41c80 JavaThread "Sweeper thread" daemon [_thread_blocked, id=7124, stack(0x000000d41e200000,0x000000d41e300000)]
  0x000002822bddeab0 JavaThread "Common-Cleaner" daemon [_thread_blocked, id=6236, stack(0x000000d41e300000,0x000000d41e400000)]
  0x00000282305173e0 JavaThread "JDWP Transport Listener: dt_socket" daemon [_thread_blocked, id=8860, stack(0x000000d41e700000,0x000000d41e800000)]
  0x000002823053a3d0 JavaThread "JDWP Event Helper Thread" daemon [_thread_blocked, id=4396, stack(0x000000d41e800000,0x000000d41e900000)]
  0x000002823053aaa0 JavaThread "JDWP Command Reader" daemon [_thread_blocked, id=2588, stack(0x000000d41e900000,0x000000d41ea00000)]
  0x0000028230dbd1b0 JavaThread "Notification Thread" daemon [_thread_blocked, id=3588, stack(0x000000d41ea00000,0x000000d41eb00000)]
  0x0000028230e67440 JavaThread "RMI TCP Accept-0" daemon [_thread_in_native, id=14764, stack(0x000000d41eb00000,0x000000d41ec00000)]
  0x0000028230eb6930 JavaThread "RMI TCP Accept-49536" daemon [_thread_in_native, id=6524, stack(0x000000d41ec00000,0x000000d41ed00000)]
  0x0000028230f48910 JavaThread "RMI TCP Accept-0" daemon [_thread_in_native, id=2660, stack(0x000000d41ed00000,0x000000d41ee00000)]
  0x0000028231e9e870 JavaThread "mysql-cj-abandoned-connection-cleanup" daemon [_thread_blocked, id=7592, stack(0x000000d41fd00000,0x000000d41fe00000)]
  0x00000282328f7f20 JavaThread "DestroyJavaVM" [_thread_blocked, id=12280, stack(0x000000d41d400000,0x000000d41d500000)]
  0x00000282328f9260 JavaThread "Thread-9" [_thread_blocked, id=2292, stack(0x000000d41d300000,0x000000d41d400000)]
  0x00000282328fcc20 JavaThread "restartedMain" [_thread_blocked, id=12136, stack(0x000000d41e400000,0x000000d41e500000)]
  0x00000282328f88c0 JavaThread "Catalina-utility-1" [_thread_blocked, id=10664, stack(0x000000d41e500000,0x000000d41e600000)]
  0x00000282328fbdb0 JavaThread "Catalina-utility-2" [_thread_blocked, id=9264, stack(0x000000d41e600000,0x000000d41e700000)]
  0x00000282328f9730 JavaThread "container-0" [_thread_blocked, id=1352, stack(0x000000d41f700000,0x000000d41f800000)]
  0x00000282328fda90 JavaThread "HikariPool-4 housekeeper" daemon [_thread_blocked, id=2320, stack(0x000000d41f800000,0x000000d41f900000)]
  0x00000282328f9c00 JavaThread "HikariPool-4 connection closer" daemon [_thread_blocked, id=2452, stack(0x000000d41d100000,0x000000d41d200000)]
  0x00000282328fd0f0 JavaThread "HikariPool-4 connection adder" daemon [_thread_blocked, id=10408, stack(0x000000d41d200000,0x000000d41d300000)]

Other Threads:
  0x000002822bdedab0 VMThread "VM Thread" [stack: 0x000000d41da00000,0x000000d41db00000] [id=10712]
  0x0000028230f495e0 WatcherThread "VM Periodic Task Thread" [stack: 0x000000d41ee00000,0x000000d41ef00000] [id=5856]
  0x000002821808ef70 WorkerThread "GC Thread#0" [stack: 0x000000d41d500000,0x000000d41d600000] [id=9928]
  0x0000028231134d80 WorkerThread "GC Thread#1" [stack: 0x000000d41ef00000,0x000000d41f000000] [id=9252]
  0x0000028231135020 WorkerThread "GC Thread#2" [stack: 0x000000d41f000000,0x000000d41f100000] [id=7440]
  0x0000028230f14e40 WorkerThread "GC Thread#3" [stack: 0x000000d41f100000,0x000000d41f200000] [id=9516]
  0x0000028230efc120 WorkerThread "GC Thread#4" [stack: 0x000000d41f200000,0x000000d41f300000] [id=14768]
=>0x0000028231151e00 WorkerThread "GC Thread#5" [stack: 0x000000d41f300000,0x000000d41f400000] [id=1396]
  0x00000282311520a0 WorkerThread "GC Thread#6" [stack: 0x000000d41f400000,0x000000d41f500000] [id=11564]
  0x0000028231152f60 WorkerThread "GC Thread#7" [stack: 0x000000d41f500000,0x000000d41f600000] [id=6616]
  0x000002821809faf0 ConcurrentGCThread "G1 Main Marker" [stack: 0x000000d41d600000,0x000000d41d700000] [id=14016]
  0x00000282180a0b90 WorkerThread "G1 Conc#0" [stack: 0x000000d41d700000,0x000000d41d800000] [id=10604]
  0x000002823186f360 WorkerThread "G1 Conc#1" [stack: 0x000000d41fa00000,0x000000d41fb00000] [id=7804]
  0x00000282180e26f0 ConcurrentGCThread "G1 Refine#0" [stack: 0x000000d41d800000,0x000000d41d900000] [id=1916]
  0x0000028230efad70 ConcurrentGCThread "G1 Refine#1" [stack: 0x000000d41f600000,0x000000d41f700000] [id=3104]
  0x00000282180e2f10 ConcurrentGCThread "G1 Service" [stack: 0x000000d41d900000,0x000000d41da00000] [id=2668]

Threads with active compile tasks:

VM state: at safepoint (normal execution)

VM Mutex/Monitor currently owned by a thread:  ([mutex/lock_event])
[0x000002821802ace0] Threads_lock - owner thread: 0x000002822bdedab0
[0x000002821802bb80] Heap_lock - owner thread: 0x00000282328fd0f0

Heap address: 0x0000000081600000, size: 2026 MB, Compressed Oops mode: 32-bit

CDS archive(s) mapped at: [0x0000000800000000-0x0000000800b90000-0x0000000800b90000), size 12124160, SharedBaseAddress: 0x0000000800000000, ArchiveRelocationMode: 0.
Compressed class space mapped at: 0x0000000800c00000-0x0000000840c00000, reserved size: 1073741824
Narrow klass base: 0x0000000800000000, Narrow klass shift: 0, Narrow klass range: 0x100000000

GC Precious Log:
 CardTable entry size: 512
 Card Set container configuration: InlinePtr #cards 5 size 8 Array Of Cards #cards 12 size 40 Howl #buckets 4 coarsen threshold 1843 Howl Bitmap #cards 512 size 80 coarsen threshold 460 Card regions per heap region 1 cards per card region 2048
 CPUs: 8 total, 8 available
 Memory: 8099M
 Large Page Support: Disabled
 NUMA Support: Disabled
 Compressed Oops: Enabled (32-bit)
 Heap Region Size: 1M
 Heap Min Capacity: 8M
 Heap Initial Capacity: 128M
 Heap Max Capacity: 2026M
 Pre-touch: Disabled
 Parallel Workers: 8
 Concurrent Workers: 2
 Concurrent Refinement Workers: 8
 Periodic GC: Disabled

Heap:
 garbage-first heap   total 86016K, used 65935K [0x0000000081600000, 0x0000000100000000)
  region size 1024K, 41 young (41984K), 4 survivors (4096K)
 Metaspace       used 58552K, committed 59008K, reserved 1114112K
  class space    used 7790K, committed 8000K, reserved 1048576K

Heap Regions: E=young(eden), S=young(survivor), O=old, HS=humongous(starts), HC=humongous(continues), CS=collection set, F=free, OA=open archive, CA=closed archive, TAMS=top-at-mark-start (previous, next)
|   0|0x0000000081600000, 0x0000000081700000, 0x0000000081700000|100%|HS|  |TAMS 0x0000000081700000, 0x0000000081600000| Untracked 
|   1|0x0000000081700000, 0x0000000081800000, 0x0000000081800000|100%| O|  |TAMS 0x0000000081800000, 0x0000000081700000| Untracked 
|   2|0x0000000081800000, 0x00000000818ffff8, 0x0000000081900000| 99%| O|  |TAMS 0x00000000818ffff8, 0x0000000081800000| Untracked 
|   3|0x0000000081900000, 0x00000000819fffd0, 0x0000000081a00000| 99%| O|  |TAMS 0x00000000819fffd0, 0x0000000081900000| Untracked 
|   4|0x0000000081a00000, 0x0000000081affff0, 0x0000000081b00000| 99%| O|  |TAMS 0x0000000081affff0, 0x0000000081a00000| Untracked 
|   5|0x0000000081b00000, 0x0000000081bfffd0, 0x0000000081c00000| 99%| O|  |TAMS 0x0000000081bfffd0, 0x0000000081b00000| Untracked 
|   6|0x0000000081c00000, 0x0000000081d00000, 0x0000000081d00000|100%| O|  |TAMS 0x0000000081d00000, 0x0000000081c00000| Untracked 
|   7|0x0000000081d00000, 0x0000000081e00000, 0x0000000081e00000|100%| O|  |TAMS 0x0000000081d00000, 0x0000000081d00000| Untracked 
|   8|0x0000000081e00000, 0x0000000081f00000, 0x0000000081f00000|100%| O|  |TAMS 0x0000000081f00000, 0x0000000081e00000| Untracked 
|   9|0x0000000081f00000, 0x0000000081ffffe8, 0x0000000082000000| 99%| O|  |TAMS 0x0000000081ffffe8, 0x0000000081f00000| Untracked 
|  10|0x0000000082000000, 0x00000000820f8fe0, 0x0000000082100000| 97%| O|  |TAMS 0x00000000820f8fe0, 0x0000000082000000| Untracked 
|  11|0x0000000082100000, 0x00000000821ffe40, 0x0000000082200000| 99%| O|  |TAMS 0x00000000821ffe40, 0x0000000082100000| Untracked 
|  12|0x0000000082200000, 0x0000000082300000, 0x0000000082300000|100%| O|  |TAMS 0x0000000082300000, 0x0000000082200000| Untracked 
|  13|0x0000000082300000, 0x0000000082400000, 0x0000000082400000|100%| O|  |TAMS 0x0000000082400000, 0x0000000082300000| Untracked 
|  14|0x0000000082400000, 0x00000000824fffc8, 0x0000000082500000| 99%| O|  |TAMS 0x00000000824fffc8, 0x0000000082400000| Untracked 
|  15|0x0000000082500000, 0x00000000825fffe0, 0x0000000082600000| 99%| O|  |TAMS 0x00000000825fffe0, 0x0000000082500000| Untracked 
|  16|0x0000000082600000, 0x00000000826ffff8, 0x0000000082700000| 99%| O|  |TAMS 0x00000000826ffff8, 0x0000000082600000| Untracked 
|  17|0x0000000082700000, 0x00000000827fffe8, 0x0000000082800000| 99%| O|  |TAMS 0x00000000827fffe8, 0x0000000082700000| Untracked 
|  18|0x0000000082800000, 0x00000000828ffe50, 0x0000000082900000| 99%| O|  |TAMS 0x0000000082800000, 0x0000000082800000| Untracked 
|  19|0x0000000082900000, 0x00000000829ff8d8, 0x0000000082a00000| 99%| O|  |TAMS 0x0000000082900000, 0x0000000082900000| Untracked 
|  20|0x0000000082a00000, 0x0000000082afffe8, 0x0000000082b00000| 99%| O|  |TAMS 0x0000000082a00000, 0x0000000082a00000| Untracked 
|  21|0x0000000082b00000, 0x0000000082bffd98, 0x0000000082c00000| 99%| O|  |TAMS 0x0000000082b00000, 0x0000000082b00000| Untracked 
|  22|0x0000000082c00000, 0x0000000082cb1898, 0x0000000082d00000| 69%| O|  |TAMS 0x0000000082c00000, 0x0000000082c00000| Untracked 
|  23|0x0000000082d00000, 0x0000000082d7a6c0, 0x0000000082e00000| 47%| O|  |TAMS 0x0000000082d00000, 0x0000000082d00000| Untracked 
|  24|0x0000000082e00000, 0x0000000082e00000, 0x0000000082f00000|  0%| F|  |TAMS 0x0000000082e00000, 0x0000000082e00000| Untracked 
|  25|0x0000000082f00000, 0x0000000082f00000, 0x0000000083000000|  0%| F|  |TAMS 0x0000000082f00000, 0x0000000082f00000| Untracked 
|  26|0x0000000083000000, 0x0000000083000000, 0x0000000083100000|  0%| F|  |TAMS 0x0000000083000000, 0x0000000083000000| Untracked 
|  27|0x0000000083100000, 0x0000000083100000, 0x0000000083200000|  0%| F|  |TAMS 0x0000000083100000, 0x0000000083100000| Untracked 
|  28|0x0000000083200000, 0x0000000083200000, 0x0000000083300000|  0%| F|  |TAMS 0x0000000083200000, 0x0000000083200000| Untracked 
|  29|0x0000000083300000, 0x0000000083300000, 0x0000000083400000|  0%| F|  |TAMS 0x0000000083300000, 0x0000000083300000| Untracked 
|  30|0x0000000083400000, 0x0000000083400000, 0x0000000083500000|  0%| F|  |TAMS 0x0000000083400000, 0x0000000083400000| Untracked 
|  31|0x0000000083500000, 0x0000000083500000, 0x0000000083600000|  0%| F|  |TAMS 0x0000000083500000, 0x0000000083500000| Untracked 
|  32|0x0000000083600000, 0x0000000083600000, 0x0000000083700000|  0%| F|  |TAMS 0x0000000083600000, 0x0000000083600000| Untracked 
|  33|0x0000000083700000, 0x0000000083700000, 0x0000000083800000|  0%| F|  |TAMS 0x0000000083700000, 0x0000000083700000| Untracked 
|  34|0x0000000083800000, 0x0000000083800000, 0x0000000083900000|  0%| F|  |TAMS 0x0000000083800000, 0x0000000083800000| Untracked 
|  35|0x0000000083900000, 0x0000000083900000, 0x0000000083a00000|  0%| F|  |TAMS 0x0000000083900000, 0x0000000083900000| Untracked 
|  36|0x0000000083a00000, 0x0000000083a23c70, 0x0000000083b00000| 13%| E|CS|TAMS 0x0000000083a00000, 0x0000000083a00000| Complete 
|  37|0x0000000083b00000, 0x0000000083c00000, 0x0000000083c00000|100%| E|CS|TAMS 0x0000000083b00000, 0x0000000083b00000| Complete 
|  38|0x0000000083c00000, 0x0000000083c726d8, 0x0000000083d00000| 44%| O|  |TAMS 0x0000000083c00000, 0x0000000083c00000| Untracked 
|  39|0x0000000083d00000, 0x0000000083e00000, 0x0000000083e00000|100%| E|CS|TAMS 0x0000000083d00000, 0x0000000083d00000| Complete 
|  40|0x0000000083e00000, 0x0000000083f00000, 0x0000000083f00000|100%| E|CS|TAMS 0x0000000083e00000, 0x0000000083e00000| Complete 
|  41|0x0000000083f00000, 0x0000000083f88ad0, 0x0000000084000000| 53%| O|  |TAMS 0x0000000083f00000, 0x0000000083f00000| Untracked 
|  42|0x0000000084000000, 0x00000000840fb3e0, 0x0000000084100000| 98%| S|  |TAMS 0x0000000084000000, 0x0000000084000000| Complete 
|  43|0x0000000084100000, 0x0000000084200000, 0x0000000084200000|100%| S|  |TAMS 0x0000000084100000, 0x0000000084100000| Complete 
|  44|0x0000000084200000, 0x0000000084300000, 0x0000000084300000|100%| S|  |TAMS 0x0000000084200000, 0x0000000084200000| Complete 
|  45|0x0000000084300000, 0x0000000084321068, 0x0000000084400000| 12%| O|  |TAMS 0x0000000084300000, 0x0000000084300000| Untracked 
|  46|0x0000000084400000, 0x0000000084500000, 0x0000000084500000|100%| S|  |TAMS 0x0000000084400000, 0x0000000084400000| Complete 
|  47|0x0000000084500000, 0x0000000084600000, 0x0000000084600000|100%| E|CS|TAMS 0x0000000084500000, 0x0000000084500000| Complete 
|  48|0x0000000084600000, 0x0000000084700000, 0x0000000084700000|100%| E|CS|TAMS 0x0000000084600000, 0x0000000084600000| Complete 
|  49|0x0000000084700000, 0x0000000084800000, 0x0000000084800000|100%| E|CS|TAMS 0x0000000084700000, 0x0000000084700000| Complete 
|  50|0x0000000084800000, 0x0000000084900000, 0x0000000084900000|100%| E|CS|TAMS 0x0000000084800000, 0x0000000084800000| Complete 
|  51|0x0000000084900000, 0x0000000084a00000, 0x0000000084a00000|100%| E|CS|TAMS 0x0000000084900000, 0x0000000084900000| Complete 
|  52|0x0000000084a00000, 0x0000000084b00000, 0x0000000084b00000|100%| E|CS|TAMS 0x0000000084a00000, 0x0000000084a00000| Complete 
|  53|0x0000000084b00000, 0x0000000084c00000, 0x0000000084c00000|100%| E|CS|TAMS 0x0000000084b00000, 0x0000000084b00000| Complete 
|  54|0x0000000084c00000, 0x0000000084d00000, 0x0000000084d00000|100%| E|CS|TAMS 0x0000000084c00000, 0x0000000084c00000| Complete 
|  55|0x0000000084d00000, 0x0000000084e00000, 0x0000000084e00000|100%| E|CS|TAMS 0x0000000084d00000, 0x0000000084d00000| Complete 
|  56|0x0000000084e00000, 0x0000000084f00000, 0x0000000084f00000|100%| E|CS|TAMS 0x0000000084e00000, 0x0000000084e00000| Complete 
|  57|0x0000000084f00000, 0x0000000085000000, 0x0000000085000000|100%| E|CS|TAMS 0x0000000084f00000, 0x0000000084f00000| Complete 
|  58|0x0000000085000000, 0x0000000085100000, 0x0000000085100000|100%| E|CS|TAMS 0x0000000085000000, 0x0000000085000000| Complete 
|  59|0x0000000085100000, 0x0000000085200000, 0x0000000085200000|100%| E|CS|TAMS 0x0000000085100000, 0x0000000085100000| Complete 
|  60|0x0000000085200000, 0x0000000085300000, 0x0000000085300000|100%| E|CS|TAMS 0x0000000085200000, 0x0000000085200000| Complete 
|  61|0x0000000085300000, 0x0000000085400000, 0x0000000085400000|100%| E|CS|TAMS 0x0000000085300000, 0x0000000085300000| Complete 
|  62|0x0000000085400000, 0x0000000085500000, 0x0000000085500000|100%| E|CS|TAMS 0x0000000085400000, 0x0000000085400000| Complete 
|  63|0x0000000085500000, 0x0000000085600000, 0x0000000085600000|100%| E|CS|TAMS 0x0000000085500000, 0x0000000085500000| Complete 
|  64|0x0000000085600000, 0x0000000085700000, 0x0000000085700000|100%| E|CS|TAMS 0x0000000085600000, 0x0000000085600000| Complete 
|  65|0x0000000085700000, 0x0000000085800000, 0x0000000085800000|100%| E|CS|TAMS 0x0000000085700000, 0x0000000085700000| Complete 
|  66|0x0000000085800000, 0x0000000085900000, 0x0000000085900000|100%| E|CS|TAMS 0x0000000085800000, 0x0000000085800000| Complete 
|  67|0x0000000085900000, 0x0000000085a00000, 0x0000000085a00000|100%| E|CS|TAMS 0x0000000085900000, 0x0000000085900000| Complete 
|  68|0x0000000085a00000, 0x0000000085b00000, 0x0000000085b00000|100%| E|CS|TAMS 0x0000000085a00000, 0x0000000085a00000| Complete 
|  69|0x0000000085b00000, 0x0000000085c00000, 0x0000000085c00000|100%| E|CS|TAMS 0x0000000085b00000, 0x0000000085b00000| Complete 
|  70|0x0000000085c00000, 0x0000000085d00000, 0x0000000085d00000|100%| E|CS|TAMS 0x0000000085c00000, 0x0000000085c00000| Complete 
|  71|0x0000000085d00000, 0x0000000085e00000, 0x0000000085e00000|100%| E|CS|TAMS 0x0000000085d00000, 0x0000000085d00000| Complete 
|  72|0x0000000085e00000, 0x0000000085f00000, 0x0000000085f00000|100%| E|CS|TAMS 0x0000000085e00000, 0x0000000085e00000| Complete 
|  73|0x0000000085f00000, 0x0000000086000000, 0x0000000086000000|100%| E|CS|TAMS 0x0000000085f00000, 0x0000000085f00000| Complete 
|  74|0x0000000086000000, 0x0000000086100000, 0x0000000086100000|100%| E|CS|TAMS 0x0000000086000000, 0x0000000086000000| Complete 
|  75|0x0000000086100000, 0x0000000086200000, 0x0000000086200000|100%| E|CS|TAMS 0x0000000086100000, 0x0000000086100000| Complete 
|  76|0x0000000086200000, 0x0000000086300000, 0x0000000086300000|100%| E|CS|TAMS 0x0000000086200000, 0x0000000086200000| Complete 
|  77|0x0000000086300000, 0x0000000086400000, 0x0000000086400000|100%| E|CS|TAMS 0x0000000086300000, 0x0000000086300000| Complete 
|  78|0x0000000086400000, 0x0000000086500000, 0x0000000086500000|100%| E|CS|TAMS 0x0000000086400000, 0x0000000086400000| Complete 
|  79|0x0000000086500000, 0x0000000086600000, 0x0000000086600000|100%| E|CS|TAMS 0x0000000086500000, 0x0000000086500000| Complete 
|  80|0x0000000086600000, 0x0000000086700000, 0x0000000086700000|100%| E|CS|TAMS 0x0000000086600000, 0x0000000086600000| Complete 
|  81|0x0000000086700000, 0x0000000086800000, 0x0000000086800000|100%| E|CS|TAMS 0x0000000086700000, 0x0000000086700000| Complete 
|  82|0x0000000086800000, 0x0000000086900000, 0x0000000086900000|100%| E|CS|TAMS 0x0000000086800000, 0x0000000086800000| Complete 
|  83|0x0000000086900000, 0x0000000086a00000, 0x0000000086a00000|100%| E|CS|TAMS 0x0000000086900000, 0x0000000086900000| Complete 

Card table byte_map: [0x0000028224e20000,0x0000028225220000] _byte_map_base: 0x0000028224a15000

Marking Bits (Prev, Next): (CMBitMap*) 0x000002821808f4c0, (CMBitMap*) 0x000002821808f480
 Prev Bits: [0x00000282275d0000, 0x0000028229578000)
 Next Bits: [0x0000028225620000, 0x00000282275c8000)

Polling page: 0x00000282180f0000

Metaspace:

Usage:
  Non-class:     49.57 MB used.
      Class:      7.61 MB used.
       Both:     57.18 MB used.

Virtual space:
  Non-class space:       64.00 MB reserved,      49.81 MB ( 78%) committed,  1 nodes.
      Class space:        1.00 GB reserved,       7.81 MB ( <1%) committed,  1 nodes.
             Both:        1.06 GB reserved,      57.62 MB (  5%) committed. 

Chunk freelists:
   Non-Class:  1.50 MB
       Class:  115.00 KB
        Both:  1.61 MB

MaxMetaspaceSize: unlimited
CompressedClassSpaceSize: 1.00 GB
Initial GC threshold: 21.00 MB
Current GC threshold: 95.62 MB
CDS: on
MetaspaceReclaimPolicy: balanced
 - commit_granule_bytes: 65536.
 - commit_granule_words: 8192.
 - virtual_space_node_default_size: 8388608.
 - enlarge_chunks_in_place: 1.
 - new_chunks_are_fully_committed: 0.
 - uncommit_free_chunks: 1.
 - use_allocation_guard: 0.


Internal statistics:

num_allocs_failed_limit: 6.
num_arena_births: 622.
num_arena_deaths: 186.
num_vsnodes_births: 2.
num_vsnodes_deaths: 0.
num_space_committed: 922.
num_space_uncommitted: 0.
num_chunks_returned_to_freelist: 200.
num_chunks_taken_from_freelist: 2544.
num_chunk_merges: 61.
num_chunk_splits: 1781.
num_chunks_enlarged: 1476.
num_inconsistent_stats: 0.

CodeCache: size=49152Kb used=14725Kb max_used=15020Kb free=34426Kb
 bounds [0x0000028221130000, 0x0000028221fe0000, 0x0000028224130000]
 total_blobs=8022 nmethods=7363 adapters=584
 compilation: enabled
              stopped_count=0, restarted_count=0
 full_count=0

Compilation events (20 events):
Event: 3830.581 Thread 0x000002822be38370 7354       1       java.io.IOException::<init> (6 bytes)
Event: 3830.581 Thread 0x000002822be38370 nmethod 7354 0x00000282213ce590 code [0x00000282213ce720, 0x00000282213ce808]
Event: 3830.590 Thread 0x000002822be38370 7355       1       sun.security.x509.AlgorithmId::getParameters (5 bytes)
Event: 3830.590 Thread 0x000002822be38370 nmethod 7355 0x00000282213ce290 code [0x00000282213ce420, 0x00000282213ce4f8]
Event: 3831.090 Thread 0x000002822be38370 7356       1       java.util.EnumMap::<init> (35 bytes)
Event: 3831.090 Thread 0x000002822be38370 nmethod 7356 0x00000282213cdb90 code [0x00000282213cdd40, 0x00000282213ce088]
Event: 3831.090 Thread 0x000002822be38370 7357       1       java.util.EnumMap::getKeyUniverse (10 bytes)
Event: 3831.090 Thread 0x000002822be38370 nmethod 7357 0x00000282213cd710 code [0x00000282213cd8c0, 0x00000282213cda28]
Event: 3831.097 Thread 0x000002822be38370 7358       1       sun.security.util.BitArray::<init> (106 bytes)
Event: 3831.097 Thread 0x000002822be38370 nmethod 7358 0x00000282213cce10 code [0x00000282213cd000, 0x00000282213cd488]
Event: 3831.336 Thread 0x000002822be38370 7359       1       sun.security.ssl.SignatureAlgorithmsExtension$SignatureSchemesSpec::<init> (77 bytes)
Event: 3831.336 Thread 0x000002822be38370 nmethod 7359 0x00000282213cc610 code [0x00000282213cc800, 0x00000282213ccc38]
Event: 3839.807 Thread 0x000002822be38370 7360       1       sun.nio.ch.SocketOptionRegistry$RegistryKey::<init> (15 bytes)
Event: 3839.807 Thread 0x000002822be38370 nmethod 7360 0x00000282213cc290 code [0x00000282213cc420, 0x00000282213cc578]
Event: 3839.807 Thread 0x000002822be38370 7361       1       sun.nio.ch.SocketOptionRegistry$RegistryKey::hashCode (20 bytes)
Event: 3839.808 Thread 0x000002822be38370 nmethod 7361 0x00000282213cbf10 code [0x00000282213cc0c0, 0x00000282213cc1f8]
Event: 3839.808 Thread 0x000002822be38370 7362       1       java.lang.System::getProperty (26 bytes)
Event: 3839.809 Thread 0x000002822be38370 nmethod 7362 0x00000282213cb890 code [0x00000282213cba60, 0x00000282213cbce8]
Event: 3839.809 Thread 0x000002822be38370 7363       1       java.net.SocketImpl::<init> (5 bytes)
Event: 3839.809 Thread 0x000002822be38370 nmethod 7363 0x00000282213cb590 code [0x00000282213cb720, 0x00000282213cb7d8]

GC Heap History (20 events):
Event: 3.286 GC heap after
{Heap after GC invocations=14 (full 0):
 garbage-first heap   total 71680K, used 21544K [0x0000000081600000, 0x0000000100000000)
  region size 1024K, 2 young (2048K), 2 survivors (2048K)
 Metaspace       used 45346K, committed 45824K, reserved 1114112K
  class space    used 6092K, committed 6336K, reserved 1048576K
}
Event: 3.513 GC heap before
{Heap before GC invocations=14 (full 0):
 garbage-first heap   total 71680K, used 57384K [0x0000000081600000, 0x0000000100000000)
  region size 1024K, 37 young (37888K), 2 survivors (2048K)
 Metaspace       used 49619K, committed 50048K, reserved 1114112K
  class space    used 6634K, committed 6848K, reserved 1048576K
}
Event: 3.515 GC heap after
{Heap after GC invocations=15 (full 0):
 garbage-first heap   total 71680K, used 22644K [0x0000000081600000, 0x0000000100000000)
  region size 1024K, 3 young (3072K), 3 survivors (3072K)
 Metaspace       used 49619K, committed 50048K, reserved 1114112K
  class space    used 6634K, committed 6848K, reserved 1048576K
}
Event: 3.783 GC heap before
{Heap before GC invocations=15 (full 0):
 garbage-first heap   total 71680K, used 58484K [0x0000000081600000, 0x0000000100000000)
  region size 1024K, 38 young (38912K), 3 survivors (3072K)
 Metaspace       used 52027K, committed 52480K, reserved 1114112K
  class space    used 6980K, committed 7168K, reserved 1048576K
}
Event: 3.786 GC heap after
{Heap after GC invocations=16 (full 0):
 garbage-first heap   total 71680K, used 24953K [0x0000000081600000, 0x0000000100000000)
  region size 1024K, 5 young (5120K), 5 survivors (5120K)
 Metaspace       used 52027K, committed 52480K, reserved 1114112K
  class space    used 6980K, committed 7168K, reserved 1048576K
}
Event: 4.138 GC heap before
{Heap before GC invocations=16 (full 0):
 garbage-first heap   total 71680K, used 56697K [0x0000000081600000, 0x0000000100000000)
  region size 1024K, 37 young (37888K), 5 survivors (5120K)
 Metaspace       used 55195K, committed 55680K, reserved 1114112K
  class space    used 7340K, committed 7552K, reserved 1048576K
}
Event: 4.143 GC heap after
{Heap after GC invocations=17 (full 0):
 garbage-first heap   total 142336K, used 26247K [0x0000000081600000, 0x0000000100000000)
  region size 1024K, 4 young (4096K), 4 survivors (4096K)
 Metaspace       used 55195K, committed 55680K, reserved 1114112K
  class space    used 7340K, committed 7552K, reserved 1048576K
}
Event: 149.697 GC heap before
{Heap before GC invocations=17 (full 0):
 garbage-first heap   total 142336K, used 70279K [0x0000000081600000, 0x0000000100000000)
  region size 1024K, 48 young (49152K), 4 survivors (4096K)
 Metaspace       used 58120K, committed 58560K, reserved 1114112K
  class space    used 7733K, committed 7936K, reserved 1048576K
}
Event: 149.726 GC heap after
{Heap after GC invocations=18 (full 1):
 garbage-first heap   total 96256K, used 25141K [0x0000000081600000, 0x0000000100000000)
  region size 1024K, 0 young (0K), 0 survivors (0K)
 Metaspace       used 58120K, committed 58560K, reserved 1114112K
  class space    used 7733K, committed 7936K, reserved 1048576K
}
Event: 150.239 GC heap before
{Heap before GC invocations=18 (full 1):
 garbage-first heap   total 96256K, used 73269K [0x0000000081600000, 0x0000000100000000)
  region size 1024K, 48 young (49152K), 0 survivors (0K)
 Metaspace       used 58225K, committed 58752K, reserved 1114112K
  class space    used 7749K, committed 8000K, reserved 1048576K
}
Event: 150.242 GC heap after
{Heap after GC invocations=19 (full 1):
 garbage-first heap   total 96256K, used 28717K [0x0000000081600000, 0x0000000100000000)
  region size 1024K, 4 young (4096K), 4 survivors (4096K)
 Metaspace       used 58225K, committed 58752K, reserved 1114112K
  class space    used 7749K, committed 8000K, reserved 1048576K
}
Event: 151.775 GC heap before
{Heap before GC invocations=19 (full 1):
 garbage-first heap   total 96256K, used 51245K [0x0000000081600000, 0x0000000100000000)
  region size 1024K, 27 young (27648K), 4 survivors (4096K)
 Metaspace       used 58239K, committed 58752K, reserved 1114112K
  class space    used 7753K, committed 8000K, reserved 1048576K
}
Event: 151.806 GC heap after
{Heap after GC invocations=20 (full 2):
 garbage-first heap   total 86016K, used 22958K [0x0000000081600000, 0x0000000100000000)
  region size 1024K, 0 young (0K), 0 survivors (0K)
 Metaspace       used 58061K, committed 58752K, reserved 1114112K
  class space    used 7708K, committed 8000K, reserved 1048576K
}
Event: 152.274 GC heap before
{Heap before GC invocations=20 (full 2):
 garbage-first heap   total 86016K, used 65966K [0x0000000081600000, 0x0000000100000000)
  region size 1024K, 43 young (44032K), 0 survivors (0K)
 Metaspace       used 58167K, committed 58752K, reserved 1114112K
  class space    used 7724K, committed 8000K, reserved 1048576K
}
Event: 152.276 GC heap after
{Heap after GC invocations=21 (full 2):
 garbage-first heap   total 86016K, used 26030K [0x0000000081600000, 0x0000000100000000)
  region size 1024K, 3 young (3072K), 3 survivors (3072K)
 Metaspace       used 58167K, committed 58752K, reserved 1114112K
  class space    used 7724K, committed 8000K, reserved 1048576K
}
Event: 265.586 GC heap before
{Heap before GC invocations=21 (full 2):
 garbage-first heap   total 86016K, used 65966K [0x0000000081600000, 0x0000000100000000)
  region size 1024K, 43 young (44032K), 3 survivors (3072K)
 Metaspace       used 58348K, committed 58880K, reserved 1114112K
  class space    used 7753K, committed 8000K, reserved 1048576K
}
Event: 265.615 GC heap after
{Heap after GC invocations=22 (full 3):
 garbage-first heap   total 86016K, used 24832K [0x0000000081600000, 0x0000000100000000)
  region size 1024K, 0 young (0K), 0 survivors (0K)
 Metaspace       used 58346K, committed 58880K, reserved 1114112K
  class space    used 7752K, committed 8000K, reserved 1048576K
}
Event: 266.026 GC heap before
{Heap before GC invocations=22 (full 3):
 garbage-first heap   total 86016K, used 65792K [0x0000000081600000, 0x0000000100000000)
  region size 1024K, 41 young (41984K), 0 survivors (0K)
 Metaspace       used 58427K, committed 58944K, reserved 1114112K
  class space    used 7764K, committed 8000K, reserved 1048576K
}
Event: 266.028 GC heap after
{Heap after GC invocations=23 (full 3):
 garbage-first heap   total 86016K, used 28047K [0x0000000081600000, 0x0000000100000000)
  region size 1024K, 4 young (4096K), 4 survivors (4096K)
 Metaspace       used 58427K, committed 58944K, reserved 1114112K
  class space    used 7764K, committed 8000K, reserved 1048576K
}
Event: 3839.810 GC heap before
{Heap before GC invocations=23 (full 3):
 garbage-first heap   total 86016K, used 64911K [0x0000000081600000, 0x0000000100000000)
  region size 1024K, 41 young (41984K), 4 survivors (4096K)
 Metaspace       used 58552K, committed 59008K, reserved 1114112K
  class space    used 7790K, committed 8000K, reserved 1048576K
}

Deoptimization events (20 events):
Event: 3830.591 Thread 0x00000282328fb8e0 DEOPT PACKING pc=0x0000028221da2309 sp=0x000000d41d2fdcf0
Event: 3830.591 Thread 0x00000282328fb8e0 DEOPT UNPACKING pc=0x0000028221182b43 sp=0x000000d41d2fd1a8 mode 1
Event: 3831.088 Thread 0x00000282328f8d90 DEOPT PACKING pc=0x0000028221da2309 sp=0x000000d41d1fe620
Event: 3831.088 Thread 0x00000282328f8d90 DEOPT UNPACKING pc=0x0000028221182b43 sp=0x000000d41d1fdad8 mode 1
Event: 3831.097 Thread 0x00000282328fb8e0 DEOPT PACKING pc=0x0000028221f6a444 sp=0x000000d41d2fdcb0
Event: 3831.097 Thread 0x00000282328fb8e0 DEOPT UNPACKING pc=0x0000028221182b43 sp=0x000000d41d2fd250 mode 1
Event: 3831.098 Thread 0x00000282328fb8e0 DEOPT PACKING pc=0x0000028221f6a444 sp=0x000000d41d2fdcb0
Event: 3831.098 Thread 0x00000282328fb8e0 DEOPT UNPACKING pc=0x0000028221182b43 sp=0x000000d41d2fd250 mode 1
Event: 3831.098 Thread 0x00000282328fb8e0 DEOPT PACKING pc=0x0000028221da2309 sp=0x000000d41d2fdcf0
Event: 3831.098 Thread 0x00000282328fb8e0 DEOPT UNPACKING pc=0x0000028221182b43 sp=0x000000d41d2fd1a8 mode 1
Event: 3831.334 Thread 0x00000282328f8d90 DEOPT PACKING pc=0x0000028221da2309 sp=0x000000d41d1fe620
Event: 3831.334 Thread 0x00000282328f8d90 DEOPT UNPACKING pc=0x0000028221182b43 sp=0x000000d41d1fdad8 mode 1
Event: 3831.343 Thread 0x00000282328fb8e0 DEOPT PACKING pc=0x0000028221f6a444 sp=0x000000d41d2fdcb0
Event: 3831.343 Thread 0x00000282328fb8e0 DEOPT UNPACKING pc=0x0000028221182b43 sp=0x000000d41d2fd250 mode 1
Event: 3831.343 Thread 0x00000282328fb8e0 DEOPT PACKING pc=0x0000028221f6a444 sp=0x000000d41d2fdcb0
Event: 3831.343 Thread 0x00000282328fb8e0 DEOPT UNPACKING pc=0x0000028221182b43 sp=0x000000d41d2fd250 mode 1
Event: 3831.344 Thread 0x00000282328fb8e0 DEOPT PACKING pc=0x0000028221da2309 sp=0x000000d41d2fdcf0
Event: 3831.344 Thread 0x00000282328fb8e0 DEOPT UNPACKING pc=0x0000028221182b43 sp=0x000000d41d2fd1a8 mode 1
Event: 3839.807 Thread 0x00000282328f9c00 DEOPT PACKING pc=0x0000028221da2309 sp=0x000000d41d1fe620
Event: 3839.807 Thread 0x00000282328f9c00 DEOPT UNPACKING pc=0x0000028221182b43 sp=0x000000d41d1fdad8 mode 1

Classes loaded (20 events):
Event: 149.679 Loading class sun/security/ssl/Alert
Event: 149.680 Loading class sun/security/ssl/Alert done
Event: 149.680 Loading class sun/security/ssl/Alert$AlertConsumer
Event: 149.680 Loading class sun/security/ssl/Alert$AlertConsumer done
Event: 149.680 Loading class sun/security/ssl/Alert$Level
Event: 149.680 Loading class sun/security/ssl/Alert$Level done
Event: 149.681 Loading class sun/net/ConnectionResetException
Event: 149.681 Loading class sun/net/ConnectionResetException done
Event: 149.726 Loading class java/lang/ref/Finalizer$2
Event: 149.726 Loading class java/lang/ref/Finalizer$2 done
Event: 149.728 Loading class java/lang/ref/Finalizer$1
Event: 149.728 Loading class java/lang/ref/Finalizer$1 done
Event: 169.680 Loading class java/util/ArrayList$SubList$2
Event: 169.696 Loading class java/util/ArrayList$SubList$2 done
Event: 169.708 Loading class java/time/format/DateTimeFormatterBuilder$ZoneTextPrinterParser
Event: 169.709 Loading class java/time/format/DateTimeFormatterBuilder$ZoneTextPrinterParser done
Event: 169.709 Loading class java/time/format/DateTimeFormatterBuilder$ReducedPrinterParser
Event: 169.710 Loading class java/time/format/DateTimeFormatterBuilder$ReducedPrinterParser done
Event: 266.039 Loading class java/lang/invoke/WrongMethodTypeException
Event: 266.039 Loading class java/lang/invoke/WrongMethodTypeException done

Classes unloaded (20 events):
Event: 151.783 Thread 0x000002822bdedab0 Unloading class 0x0000000800c0c400 'java/lang/invoke/LambdaForm$MH+0x0000000800c0c400'
Event: 151.783 Thread 0x000002822bdedab0 Unloading class 0x0000000800c0b800 'java/lang/invoke/LambdaForm$MH+0x0000000800c0b800'
Event: 151.783 Thread 0x000002822bdedab0 Unloading class 0x0000000800c0b400 'java/lang/invoke/LambdaForm$MH+0x0000000800c0b400'
Event: 151.783 Thread 0x000002822bdedab0 Unloading class 0x0000000800c0b000 'java/lang/invoke/LambdaForm$MH+0x0000000800c0b000'
Event: 151.783 Thread 0x000002822bdedab0 Unloading class 0x0000000800c0ac00 'java/lang/invoke/LambdaForm$MH+0x0000000800c0ac00'
Event: 151.783 Thread 0x000002822bdedab0 Unloading class 0x0000000800c0a800 'java/lang/invoke/LambdaForm$MH+0x0000000800c0a800'
Event: 151.783 Thread 0x000002822bdedab0 Unloading class 0x0000000800c0a400 'java/lang/invoke/LambdaForm$MH+0x0000000800c0a400'
Event: 151.783 Thread 0x000002822bdedab0 Unloading class 0x0000000800c09400 'java/lang/invoke/LambdaForm$MH+0x0000000800c09400'
Event: 151.783 Thread 0x000002822bdedab0 Unloading class 0x0000000800c09000 'java/lang/invoke/LambdaForm$MH+0x0000000800c09000'
Event: 151.783 Thread 0x000002822bdedab0 Unloading class 0x0000000800c08800 'java/lang/invoke/LambdaForm$MH+0x0000000800c08800'
Event: 151.783 Thread 0x000002822bdedab0 Unloading class 0x0000000800c08000 'java/lang/invoke/LambdaForm$MH+0x0000000800c08000'
Event: 151.783 Thread 0x000002822bdedab0 Unloading class 0x0000000800c07800 'java/lang/invoke/LambdaForm$MH+0x0000000800c07800'
Event: 151.783 Thread 0x000002822bdedab0 Unloading class 0x0000000800c07000 'java/lang/invoke/LambdaForm$MH+0x0000000800c07000'
Event: 151.783 Thread 0x000002822bdedab0 Unloading class 0x0000000800c06800 'java/lang/invoke/LambdaForm$MH+0x0000000800c06800'
Event: 151.783 Thread 0x000002822bdedab0 Unloading class 0x0000000800c05000 'java/lang/invoke/LambdaForm$MH+0x0000000800c05000'
Event: 151.783 Thread 0x000002822bdedab0 Unloading class 0x0000000800c04c00 'java/lang/invoke/LambdaForm$MH+0x0000000800c04c00'
Event: 151.783 Thread 0x000002822bdedab0 Unloading class 0x0000000800c04800 'java/lang/invoke/LambdaForm$MH+0x0000000800c04800'
Event: 151.783 Thread 0x000002822bdedab0 Unloading class 0x0000000800c04400 'java/lang/invoke/LambdaForm$MH+0x0000000800c04400'
Event: 151.783 Thread 0x000002822bdedab0 Unloading class 0x0000000800c01400 'java/lang/invoke/LambdaForm$MH+0x0000000800c01400'
Event: 265.596 Thread 0x000002822bdedab0 Unloading class 0x00000008013e5800 'org/apache/catalina/loader/JdbcLeakPrevention'

Classes redefined (9 events):
Event: 148.802 Thread 0x000002822bdedab0 redefined class name=com.test.managementsite.controller.newmember.AddNewMember, count=1
Event: 1833.836 Thread 0x000002822bdedab0 redefined class name=com.test.managementsite.controller.membermanagement.UpdateMember, count=1
Event: 1833.836 Thread 0x000002822bdedab0 redefined class name=com.test.managementsite.controller.membermanagement.UpdateMember, count=1
Event: 1833.836 Thread 0x000002822bdedab0 redefined class name=com.test.managementsite.controller.membermanagement.UpdateMember, count=1
Event: 1833.836 Thread 0x000002822bdedab0 redefined class name=com.test.managementsite.controller.membermanagement.UpdateMember, count=1
Event: 1842.598 Thread 0x000002822bdedab0 redefined class name=com.test.managementsite.controller.membermanagement.UpdateMember, count=2
Event: 1842.598 Thread 0x000002822bdedab0 redefined class name=com.test.managementsite.controller.membermanagement.UpdateMember, count=2
Event: 1842.598 Thread 0x000002822bdedab0 redefined class name=com.test.managementsite.controller.membermanagement.UpdateMember, count=2
Event: 1842.598 Thread 0x000002822bdedab0 redefined class name=com.test.managementsite.controller.membermanagement.UpdateMember, count=2

Internal exceptions (20 events):
Event: 265.949 Thread 0x00000282328fcc20 Exception <a 'java/io/FileNotFoundException'{0x0000000084b36208}> (0x0000000084b36208) 
thrown [s\open\src\hotspot\share\prims\jni.cpp, line 516]
Event: 266.013 Thread 0x00000282328fcc20 Implicit null exception at 0x0000028221f8241a to 0x0000028221f83f64
Event: 2026.856 Thread 0x00000282328f7a50 Exception <a 'java/net/SocketException'{0x000000008597a000}: Connection reset by peer: shutdown> (0x000000008597a000) 
thrown [s\open\src\hotspot\share\prims\jni.cpp, line 535]
Event: 2031.342 Thread 0x00000282328f7a50 Exception <a 'java/io/IOException'{0x000000008597bc70}> (0x000000008597bc70) 
thrown [s\open\src\hotspot\share\prims\jni.cpp, line 516]
Event: 2043.902 Thread 0x00000282328f8d90 Exception <a 'java/io/IOException'{0x00000000857df5e0}> (0x00000000857df5e0) 
thrown [s\open\src\hotspot\share\prims\jni.cpp, line 516]
Event: 2044.696 Thread 0x00000282328f8d90 Exception <a 'java/net/SocketException'{0x00000000857e1930}: Connection reset by peer: shutdown> (0x00000000857e1930) 
thrown [s\open\src\hotspot\share\prims\jni.cpp, line 535]
Event: 2057.025 Thread 0x00000282328fd5c0 Exception <a 'java/net/SocketException'{0x0000000085443108}: Connection reset by peer: shutdown> (0x0000000085443108) 
thrown [s\open\src\hotspot\share\prims\jni.cpp, line 535]
Event: 2059.679 Thread 0x00000282328fd5c0 Exception <a 'java/io/IOException'{0x0000000085444d78}> (0x0000000085444d78) 
thrown [s\open\src\hotspot\share\prims\jni.cpp, line 516]
Event: 2060.322 Thread 0x00000282328fd5c0 Exception <a 'java/io/IOException'{0x0000000085447310}> (0x0000000085447310) 
thrown [s\open\src\hotspot\share\prims\jni.cpp, line 516]
Event: 2060.858 Thread 0x00000282328fd5c0 Exception <a 'java/io/IOException'{0x0000000085449380}> (0x0000000085449380) 
thrown [s\open\src\hotspot\share\prims\jni.cpp, line 516]
Event: 2060.858 Thread 0x00000282328fd5c0 Exception <a 'java/io/IOException'{0x000000008544a040}> (0x000000008544a040) 
thrown [s\open\src\hotspot\share\prims\jni.cpp, line 516]
Event: 3809.335 Thread 0x00000282328f8d90 Exception <a 'java/io/IOException'{0x0000000084d29c30}> (0x0000000084d29c30) 
thrown [s\open\src\hotspot\share\prims\jni.cpp, line 516]
Event: 3809.340 Thread 0x00000282328f8d90 Exception <a 'java/io/IOException'{0x0000000084d2a8f0}> (0x0000000084d2a8f0) 
thrown [s\open\src\hotspot\share\prims\jni.cpp, line 516]
Event: 3815.393 Thread 0x00000282328f7580 Exception <a 'java/io/IOException'{0x0000000084c80920}> (0x0000000084c80920) 
thrown [s\open\src\hotspot\share\prims\jni.cpp, line 516]
Event: 3823.631 Thread 0x00000282328f8d90 Exception <a 'java/net/SocketException'{0x0000000084bbf8e8}: Connection reset by peer: shutdown> (0x0000000084bbf8e8) 
thrown [s\open\src\hotspot\share\prims\jni.cpp, line 535]
Event: 3828.419 Thread 0x00000282328f8d90 Exception <a 'java/net/SocketException'{0x0000000084bc1310}: Connection reset by peer: shutdown> (0x0000000084bc1310) 
thrown [s\open\src\hotspot\share\prims\jni.cpp, line 535]
Event: 3830.581 Thread 0x00000282328f8d90 Exception <a 'java/net/SocketException'{0x0000000084bc2d38}: Connection reset by peer: shutdown> (0x0000000084bc2d38) 
thrown [s\open\src\hotspot\share\prims\jni.cpp, line 535]
Event: 3831.089 Thread 0x00000282328f8d90 Exception <a 'java/net/SocketException'{0x0000000084bc4760}: Connection reset by peer: shutdown> (0x0000000084bc4760) 
thrown [s\open\src\hotspot\share\prims\jni.cpp, line 535]
Event: 3831.334 Thread 0x00000282328f8d90 Exception <a 'java/net/SocketException'{0x0000000084bc6188}: Connection reset by peer: shutdown> (0x0000000084bc6188) 
thrown [s\open\src\hotspot\share\prims\jni.cpp, line 535]
Event: 3839.807 Thread 0x00000282328f9c00 Exception <a 'java/net/SocketException'{0x0000000084560cc8}: Connection reset by peer: shutdown> (0x0000000084560cc8) 
thrown [s\open\src\hotspot\share\prims\jni.cpp, line 535]

VM Operations (20 events):
Event: 3769.617 Executing VM operation: GetObjectMonitorUsage done
Event: 3769.617 Executing VM operation: GetObjectMonitorUsage
Event: 3769.617 Executing VM operation: GetObjectMonitorUsage done
Event: 3769.617 Executing VM operation: GetObjectMonitorUsage
Event: 3769.618 Executing VM operation: GetObjectMonitorUsage done
Event: 3773.244 Executing VM operation: GetObjectMonitorUsage
Event: 3773.244 Executing VM operation: GetObjectMonitorUsage done
Event: 3773.244 Executing VM operation: GetObjectMonitorUsage
Event: 3773.245 Executing VM operation: GetObjectMonitorUsage done
Event: 3773.245 Executing VM operation: GetObjectMonitorUsage
Event: 3773.245 Executing VM operation: GetObjectMonitorUsage done
Event: 3773.245 Executing VM operation: GetObjectMonitorUsage
Event: 3773.245 Executing VM operation: GetObjectMonitorUsage done
Event: 3815.608 Executing VM operation: Cleanup
Event: 3815.608 Executing VM operation: Cleanup done
Event: 3823.702 Executing VM operation: Cleanup
Event: 3823.702 Executing VM operation: Cleanup done
Event: 3830.781 Executing VM operation: Cleanup
Event: 3830.781 Executing VM operation: Cleanup done
Event: 3839.810 Executing VM operation: G1CollectForAllocation

Events (20 events):
Event: 2049.700 Thread 0x00000282328f8d90 Thread exited: 0x00000282328f8d90
Event: 2049.716 Thread 0x00000282328faf40 Thread exited: 0x00000282328faf40
Event: 2056.887 Thread 0x00000282328fd5c0 Thread added: 0x00000282328fd5c0
Event: 2056.887 Thread 0x00000282328fd0f0 Thread added: 0x00000282328fd0f0
Event: 2069.181 Thread 0x00000282328fd5c0 Thread exited: 0x00000282328fd5c0
Event: 2069.196 Thread 0x00000282328fd0f0 Thread exited: 0x00000282328fd0f0
Event: 3809.330 Thread 0x00000282328f8d90 Thread added: 0x00000282328f8d90
Event: 3809.330 Thread 0x00000282328fe430 Thread added: 0x00000282328fe430
Event: 3814.346 Thread 0x00000282328f8d90 Thread exited: 0x00000282328f8d90
Event: 3814.376 Thread 0x00000282328fe430 Thread exited: 0x00000282328fe430
Event: 3815.391 Thread 0x00000282328f7580 Thread added: 0x00000282328f7580
Event: 3815.391 Thread 0x00000282328fa0d0 Thread added: 0x00000282328fa0d0
Event: 3820.404 Thread 0x00000282328f7580 Thread exited: 0x00000282328f7580
Event: 3820.419 Thread 0x00000282328fa0d0 Thread exited: 0x00000282328fa0d0
Event: 3823.628 Thread 0x00000282328f8d90 Thread added: 0x00000282328f8d90
Event: 3823.628 Thread 0x00000282328fb8e0 Thread added: 0x00000282328fb8e0
Event: 3836.342 Thread 0x00000282328f8d90 Thread exited: 0x00000282328f8d90
Event: 3836.357 Thread 0x00000282328fb8e0 Thread exited: 0x00000282328fb8e0
Event: 3839.807 Thread 0x00000282328f9c00 Thread added: 0x00000282328f9c00
Event: 3839.807 Thread 0x00000282328fd0f0 Thread added: 0x00000282328fd0f0


Dynamic libraries:
0x00007ff739fb0000 - 0x00007ff739fbe000 	C:\jdk\jdk-18.0.1.1\bin\javaw.exe
0x00007ffe3e7d0000 - 0x00007ffe3e9c5000 	C:\Windows\SYSTEM32\ntdll.dll
0x00007ffe3ce80000 - 0x00007ffe3cf3e000 	C:\Windows\System32\KERNEL32.DLL
0x00007ffe3c450000 - 0x00007ffe3c718000 	C:\Windows\System32\KERNELBASE.dll
0x00007ffe3c2a0000 - 0x00007ffe3c3a0000 	C:\Windows\System32\ucrtbase.dll
0x00007ffe1eb70000 - 0x00007ffe1eb87000 	C:\jdk\jdk-18.0.1.1\bin\jli.dll
0x00007ffe1eb50000 - 0x00007ffe1eb6a000 	C:\jdk\jdk-18.0.1.1\bin\VCRUNTIME140.dll
0x00007ffe3c830000 - 0x00007ffe3c9d0000 	C:\Windows\System32\USER32.dll
0x00007ffe33350000 - 0x00007ffe335ea000 	C:\Windows\WinSxS\amd64_microsoft.windows.common-controls_6595b64144ccf1df_6.0.19041.1110_none_60b5254171f9507e\COMCTL32.dll
0x00007ffe3c080000 - 0x00007ffe3c0a2000 	C:\Windows\System32\win32u.dll
0x00007ffe3c9d0000 - 0x00007ffe3ca6e000 	C:\Windows\System32\msvcrt.dll
0x00007ffe3dd90000 - 0x00007ffe3ddba000 	C:\Windows\System32\GDI32.dll
0x00007ffe3c720000 - 0x00007ffe3c82b000 	C:\Windows\System32\gdi32full.dll
0x00007ffe3bfe0000 - 0x00007ffe3c07d000 	C:\Windows\System32\msvcp_win.dll
0x00007ffe3d260000 - 0x00007ffe3d290000 	C:\Windows\System32\IMM32.DLL
0x00007ffe39180000 - 0x00007ffe3918c000 	C:\jdk\jdk-18.0.1.1\bin\vcruntime140_1.dll
0x00007ffdf6820000 - 0x00007ffdf68ad000 	C:\jdk\jdk-18.0.1.1\bin\msvcp140.dll
0x00007ffdd8a50000 - 0x00007ffdd9660000 	C:\jdk\jdk-18.0.1.1\bin\server\jvm.dll
0x00007ffe3d5f0000 - 0x00007ffe3d69e000 	C:\Windows\System32\ADVAPI32.dll
0x00007ffe3cfa0000 - 0x00007ffe3d03c000 	C:\Windows\System32\sechost.dll
0x00007ffe3d050000 - 0x00007ffe3d175000 	C:\Windows\System32\RPCRT4.dll
0x00007ffe3d040000 - 0x00007ffe3d048000 	C:\Windows\System32\PSAPI.DLL
0x00007ffe301e0000 - 0x00007ffe301e9000 	C:\Windows\SYSTEM32\WSOCK32.dll
0x00007ffe30100000 - 0x00007ffe30127000 	C:\Windows\SYSTEM32\WINMM.dll
0x00007ffe361f0000 - 0x00007ffe361fa000 	C:\Windows\SYSTEM32\VERSION.dll
0x00007ffe3d180000 - 0x00007ffe3d1eb000 	C:\Windows\System32\WS2_32.dll
0x00007ffe39e20000 - 0x00007ffe39e32000 	C:\Windows\SYSTEM32\kernel.appcore.dll
0x00007ffe374f0000 - 0x00007ffe374fa000 	C:\jdk\jdk-18.0.1.1\bin\jimage.dll
0x00007ffe31240000 - 0x00007ffe31424000 	C:\Windows\SYSTEM32\DBGHELP.DLL
0x00007ffe31580000 - 0x00007ffe315ac000 	C:\Windows\SYSTEM32\dbgcore.DLL
0x00007ffe3c0b0000 - 0x00007ffe3c132000 	C:\Windows\System32\bcryptPrimitives.dll
0x00007ffdfa3f0000 - 0x00007ffdfa42b000 	C:\jdk\jdk-18.0.1.1\bin\jdwp.dll
0x00007ffe301f0000 - 0x00007ffe301fe000 	C:\jdk\jdk-18.0.1.1\bin\instrument.dll
0x00007ffe0f230000 - 0x00007ffe0f255000 	C:\jdk\jdk-18.0.1.1\bin\java.dll
0x00007ffdf5990000 - 0x00007ffdf5a66000 	C:\jdk\jdk-18.0.1.1\bin\jsvml.dll
0x00007ffe3df40000 - 0x00007ffe3e684000 	C:\Windows\System32\SHELL32.dll
0x00007ffe3a020000 - 0x00007ffe3a7b4000 	C:\Windows\SYSTEM32\windows.storage.dll
0x00007ffe3d290000 - 0x00007ffe3d5e4000 	C:\Windows\System32\combase.dll
0x00007ffe3b8e0000 - 0x00007ffe3b90c000 	C:\Windows\SYSTEM32\Wldp.dll
0x00007ffe3cd10000 - 0x00007ffe3cdbd000 	C:\Windows\System32\SHCORE.dll
0x00007ffe3dee0000 - 0x00007ffe3df35000 	C:\Windows\System32\shlwapi.dll
0x00007ffe3be30000 - 0x00007ffe3be4f000 	C:\Windows\SYSTEM32\profapi.dll
0x00007ffe2fdd0000 - 0x00007ffe2fddc000 	C:\jdk\jdk-18.0.1.1\bin\dt_socket.dll
0x00007ffe3b340000 - 0x00007ffe3b37b000 	C:\Windows\SYSTEM32\IPHLPAPI.DLL
0x00007ffe3b650000 - 0x00007ffe3b6ba000 	C:\Windows\system32\mswsock.dll
0x00007ffe3b380000 - 0x00007ffe3b44b000 	C:\Windows\SYSTEM32\DNSAPI.dll
0x00007ffe3d1f0000 - 0x00007ffe3d1f8000 	C:\Windows\System32\NSI.dll
0x00007ffe33cd0000 - 0x00007ffe33cda000 	C:\Windows\System32\rasadhlp.dll
0x00007ffe33cf0000 - 0x00007ffe33d6f000 	C:\Windows\System32\fwpuclnt.dll
0x00007ffe3bfb0000 - 0x00007ffe3bfd7000 	C:\Windows\System32\bcrypt.dll
0x00007ffe16640000 - 0x00007ffe16658000 	C:\jdk\jdk-18.0.1.1\bin\zip.dll
0x00007ffe0fef0000 - 0x00007ffe0ff03000 	C:\jdk\jdk-18.0.1.1\bin\net.dll
0x00007ffe33ed0000 - 0x00007ffe33fda000 	C:\Windows\SYSTEM32\WINHTTP.dll
0x00007ffe0f160000 - 0x00007ffe0f176000 	C:\jdk\jdk-18.0.1.1\bin\nio.dll
0x00007ffe2c6f0000 - 0x00007ffe2c6f9000 	C:\jdk\jdk-18.0.1.1\bin\management.dll
0x00007ffe29e60000 - 0x00007ffe29e6b000 	C:\jdk\jdk-18.0.1.1\bin\management_ext.dll
0x00007ffe2b8e0000 - 0x00007ffe2b8f7000 	C:\Windows\system32\napinsp.dll
0x00007ffe29fd0000 - 0x00007ffe29feb000 	C:\Windows\system32\pnrpnsp.dll
0x00007ffe29fb0000 - 0x00007ffe29fc5000 	C:\Windows\system32\wshbth.dll
0x00007ffe37900000 - 0x00007ffe3791d000 	C:\Windows\system32\NLAapi.dll
0x00007ffe29f90000 - 0x00007ffe29fa2000 	C:\Windows\System32\winrnr.dll
0x00007ffe3b840000 - 0x00007ffe3b858000 	C:\Windows\SYSTEM32\CRYPTSP.dll
0x00007ffe3afd0000 - 0x00007ffe3b004000 	C:\Windows\system32\rsaenh.dll
0x00007ffe3bdb0000 - 0x00007ffe3bdde000 	C:\Windows\SYSTEM32\USERENV.dll
0x00007ffe3bc20000 - 0x00007ffe3bc2c000 	C:\Windows\SYSTEM32\CRYPTBASE.dll
0x00007ffe36000000 - 0x00007ffe36017000 	C:\Windows\SYSTEM32\dhcpcsvc6.DLL
0x00007ffe36210000 - 0x00007ffe3622d000 	C:\Windows\SYSTEM32\dhcpcsvc.DLL
0x00007ffe29960000 - 0x00007ffe29970000 	C:\jdk\jdk-18.0.1.1\bin\verify.dll
0x00007ffe20c50000 - 0x00007ffe20c5e000 	C:\jdk\jdk-18.0.1.1\bin\sunmscapi.dll
0x00007ffe3c140000 - 0x00007ffe3c296000 	C:\Windows\System32\CRYPT32.dll
0x00007ffe3b950000 - 0x00007ffe3b977000 	C:\Windows\SYSTEM32\ncrypt.dll
0x00007ffe3b910000 - 0x00007ffe3b94b000 	C:\Windows\SYSTEM32\NTASN1.dll

dbghelp: loaded successfully - version: 4.0.5 - missing functions: none
symbol engine: initialized successfully - sym options: 0x614 - pdb path: .;C:\jdk\jdk-18.0.1.1\bin;C:\Windows\SYSTEM32;C:\Windows\WinSxS\amd64_microsoft.windows.common-controls_6595b64144ccf1df_6.0.19041.1110_none_60b5254171f9507e;C:\jdk\jdk-18.0.1.1\bin\server

VM Arguments:
jvm_args: -XX:+ShowCodeDetailsInExceptionMessages -agentlib:jdwp=transport=dt_socket,suspend=y,address=localhost:49538 -Dcom.sun.management.jmxremote -Dcom.sun.management.jmxremote.port=49536 -Dcom.sun.management.jmxremote.authenticate=false -Dcom.sun.management.jmxremote.ssl=false -Djava.rmi.server.hostname=localhost -Dspring.jmx.enabled=true -Dspring.application.admin.enabled=true -XX:TieredStopAtLevel=1 -Dspring.boot.project.name=test -javaagent:C:\pleiades\2022-03\eclipse\configuration\org.eclipse.osgi\225\0\.cp\lib\javaagent-shaded.jar -Dfile.encoding=MS932 
java_command: com.test.managementsite.ManagementSiteApplication
java_class_path (initial): C:\Users\user\Desktop\yang\test\managementsite\target\classes;C:\Users\user\.m2\repository\org\springframework\boot\spring-boot-starter-data-jpa\2.6.7\spring-boot-starter-data-jpa-2.6.7.jar;C:\Users\user\.m2\repository\org\springframework\boot\spring-boot-starter-aop\2.6.7\spring-boot-starter-aop-2.6.7.jar;C:\Users\user\.m2\repository\org\springframework\spring-aop\5.3.19\spring-aop-5.3.19.jar;C:\Users\user\.m2\repository\org\aspectj\aspectjweaver\1.9.7\aspectjweaver-1.9.7.jar;C:\Users\user\.m2\repository\org\springframework\boot\spring-boot-starter-jdbc\2.6.7\spring-boot-starter-jdbc-2.6.7.jar;C:\Users\user\.m2\repository\com\zaxxer\HikariCP\4.0.3\HikariCP-4.0.3.jar;C:\Users\user\.m2\repository\org\springframework\spring-jdbc\5.3.19\spring-jdbc-5.3.19.jar;C:\Users\user\.m2\repository\jakarta\transaction\jakarta.transaction-api\1.3.3\jakarta.transaction-api-1.3.3.jar;C:\Users\user\.m2\repository\jakarta\persistence\jakarta.persistence-api\2.2.3\jakarta.persistence-api-2.2.3.jar;C:\Users\user\.m2\repository\org\hibernate\hibernate-core\5.6.8.Final\hibernate-core-5.6.8.Final.jar;C:\Users\user\.m2\repository\org\jboss\logging\jboss-logging\3.4.3.Final\jboss-logging-3.4.3.Final.jar;C:\Users\user\.m2\repository\net\bytebuddy\byte-buddy\1.11.22\byte-buddy-1.11.22.jar;C:\Users\user\.m2\repository\antlr\antlr\2.7.7\antlr-2.7.7.jar;C:\Users\user\.m2\repository\org\jboss\jandex\2.4.2.Final\jandex-2.4.2.Final.jar;C:\Users\user\.m2\repository\com\fasterxml\classmate\1.5.1\classmate-1.5.1.jar;C:\Users\user\.m2\repository\org\hibernate\common\hibernate-commons-annotations\5.1.2.Final\hibernate-commons-annotations-5.1.2.Final.jar;C:\Users\user\.m2\repository\org\glassfish\jaxb\jaxb-runtime\2.3.6\jaxb-runtime-2.3.6.jar;C:\Users\user\.m2\repository\org\glassfish\jaxb\txw2\2.3.6\txw2-2.3.6.jar;C:\Users\user\.m2\repository\com\sun\istack\istack-commons-runtime\3.0.12\istack-commons-runtime-3.0.12.jar;C:\Users\user\.m2\repository\com\sun\activation\jakarta.activation\1.2.2\jakarta.activation-1.2.2.jar;C:\Users\user\.m2\repository\org\springframework\data\spring-data-jpa\2.6.4\spring-data-jpa-2.6.4.jar;C:\Users\user\.m2\repository\org\springframework\data\spring-data-commons\2.6.4\spring-data-commons-2.6.4.jar;C:\Users\user\.m2\repository\org\springframework\spring-orm\5.3.19\spring-orm-5.3.19.jar;C:\Users\user\.m2\repository\org\springframework\spring-context\5.3.19\spring-context-5.3.19.jar;C:\Users\user\.m2\repository\org\springframework\spring-tx\5.3.19\spring-tx-5.3.19.jar;C:\Users\user\.m2\repository\org\springframework\spring-beans\5.3.19\spring-beans-5.3.19.jar;C:\Users\user\.m2\repository\org\slf4j\slf4j-api\1.7.36\slf4j-api-1.7.36.jar;C:\Users\user\.m2\repository\org\springframework\spring-aspects\5.3.19\spring-aspects-5.3.19.jar;C:\Users\user\.m2\repository\org\springframework\boot\spring-boot-starter-thymeleaf\2.6.7\spring-boot-starter-thymeleaf-2.6.7.jar;C:\Users\user\.m2\repository\org\springframework\boot\spring-boot-starter\2.6.7\spring-boot-starter-2.6.7.jar;C:\Users\user\.m2\repository\org\springframework\boot\spring-boot-starter-logging\2.6.7\spring-boot-starter-logging-2.6.7.jar;C:\Users\user\.m2\repository\ch\qos\logback\logback-classic\1.2.11\logback-classic-1.2.11.jar;C:\Users\user\.m2\repository\ch\qos\logback\logback-core\1.2.11\logback-core-1.2.11.jar;C:\Users\user\.m2\repository\org\apache\logging\log4j\log4j-to-slf4j\2.17.2\log4j-to-slf4j-2.17.2.jar;C:\Users\user\.m2\repository\org\apache\logging\log4j\log4j-api\2.17.2\log4j-api-2.17.2.jar;C:\Users\user\.m2\repository\org\slf4j\jul-to-slf4j\1.7.36\jul-to-slf4j-1.7.36.jar;C:\Users\user\.m2\repository\jakarta\annotation\jakarta.annotation-api\1.3.5\jakarta.annotation-api-1.3.5.jar;C:\Users\user\.m2\repository\org\yaml\snakeyaml\1.29\snakeyaml-1.29.jar;C:\Users\user\.m2\repository\org\thymeleaf\thymeleaf-spring5\3.0.15.RELEASE\thymeleaf-spring5-3.0.15.RELEASE.jar;C:\Users\user\.m2\repository\org\thymeleaf\thymeleaf\3.0.15.RELEASE\thymeleaf-3.0.15.RELEASE.jar;C:\Users\user\.m2\repository\org\attoparser\attoparser\2.0.5.RELEASE\attoparser-2.0.5.RELEASE.jar;C:\Users\user\.m2\repository\org\unbescape\unbescape\1.1.6.RELEASE\unbescape-1.1.6.RELEASE.jar;C:\Users\user\.m2\repository\org\thymeleaf\extras\thymeleaf-extras-java8time\3.0.4.RELEASE\thymeleaf-extras-java8time-3.0.4.RELEASE.jar;C:\Users\user\.m2\repository\org\springframework\boot\spring-boot-starter-web\2.6.7\spring-boot-starter-web-2.6.7.jar;C:\Users\user\.m2\repository\org\springframework\boot\spring-boot-starter-json\2.6.7\spring-boot-starter-json-2.6.7.jar;C:\Users\user\.m2\repository\com\fasterxml\jackson\core\jackson-databind\2.13.2.1\jackson-databind-2.13.2.1.jar;C:\Users\user\.m2\repository\com\fasterxml\jackson\core\jackson-annotations\2.13.2\jackson-annotations-2.13.2.jar;C:\Users\user\.m2\repository\com\fasterxml\jackson\core\jackson-core\2.13.2\jackson-core-2.13.2.jar;C:\Users\user\.m2\repository\com\fasterxml\jackson\datatype\jackson-datatype-jdk8\2.13.2\jackson-datatype-jdk8-2.13.2.jar;C:\Users\user\.m2\repository\com\fasterxml\jackson\datatype\jackson-datatype-jsr310\2.13.2\jackson-datatype-jsr310-2.13.2.jar;C:\Users\user\.m2\repository\com\fasterxml\jackson\module\jackson-module-parameter-names\2.13.2\jackson-module-parameter-names-2.13.2.jar;C:\Users\user\.m2\repository\org\springframework\boot\spring-boot-starter-tomcat\2.6.7\spring-boot-starter-tomcat-2.6.7.jar;C:\Users\user\.m2\repository\org\apache\tomcat\embed\tomcat-embed-core\9.0.62\tomcat-embed-core-9.0.62.jar;C:\Users\user\.m2\repository\org\apache\tomcat\embed\tomcat-embed-websocket\9.0.62\tomcat-embed-websocket-9.0.62.jar;C:\Users\user\.m2\repository\org\springframework\spring-web\5.3.19\spring-web-5.3.19.jar;C:\Users\user\.m2\repository\org\springframework\spring-webmvc\5.3.19\spring-webmvc-5.3.19.jar;C:\Users\user\.m2\repository\org\springframework\spring-expression\5.3.19\spring-expression-5.3.19.jar;C:\Users\user\.m2\repository\org\mybatis\spring\boot\mybatis-spring-boot-starter\2.2.2\mybatis-spring-boot-starter-2.2.2.jar;C:\Users\user\.m2\repository\org\mybatis\spring\boot\mybatis-spring-boot-autoconfigure\2.2.2\mybatis-spring-boot-autoconfigure-2.2.2.jar;C:\Users\user\.m2\repository\org\mybatis\mybatis\3.5.9\mybatis-3.5.9.jar;C:\Users\user\.m2\repository\org\mybatis\mybatis-spring\2.0.7\mybatis-spring-2.0.7.jar;C:\Users\user\.m2\repository\org\springframework\boot\spring-boot-devtools\2.6.7\spring-boot-devtools-2.6.7.jar;C:\Users\user\.m2\repository\org\springframework\boot\spring-boot\2.6.7\spring-boot-2.6.7.jar;C:\Users\user\.m2\repository\org\springframework\boot\spring-boot-autoconfigure\2.6.7\spring-boot-autoconfigure-2.6.7.jar;C:\Users\user\.m2\repository\mysql\mysql-connector-java\8.0.28\mysql-connector-java-8.0.28.jar;C:\Users\user\.m2\repository\org\projectlombok\lombok\1.18.24\lombok-1.18.24.jar;C:\Users\user\.m2\repository\jakarta\xml\bind\jakarta.xml.bind-api\2.3.3\jakarta.xml.bind-api-2.3.3.jar;C:\Users\user\.m2\repository\jakarta\activation\jakarta.activation-api\1.2.2\jakarta.activation-api-1.2.2.jar;C:\Users\user\.m2\repository\org\springframework\spring-core\5.3.19\spring-core-5.3.19.jar;C:\Users\user\.m2\repository\org\springframework\spring-jcl\5.3.19\spring-jcl-5.3.19.jar;C:\Users\user\.m2\repository\javax\validation\validation-api\2.0.1.Final\validation-api-2.0.1.Final.jar;C:\Users\user\.m2\repository\org\jetbrains\annotations\23.0.0\annotations-23.0.0.jar;C:\Users\user\.m2\repository\org\springframework\boot\spring-boot-starter-validation\2.6.7\spring-boot-starter-validation-2.6.7.jar;C:\Users\user\.m2\repository\org\apache\tomcat\embed\tomcat-embed-el\9.0.62\tomcat-embed-el-9.0.62.jar;C:\Users\user\.m2\repository\org\hibernate\validator\hibernate-validator\6.2.3.Final\hibernate-validator-6.2.3.Final.jar;C:\Users\user\.m2\repository\jakarta\validation\jakarta.validation-api\2.0.2\jakarta.validation-api-2.0.2.jar
Launcher Type: SUN_STANDARD

[Global flags]
     intx CICompilerCount                          = 4                                         {product} {ergonomic}
     uint ConcGCThreads                            = 2                                         {product} {ergonomic}
     uint G1ConcRefinementThreads                  = 8                                         {product} {ergonomic}
   size_t G1HeapRegionSize                         = 1048576                                   {product} {ergonomic}
    uintx GCDrainStackTargetSize                   = 64                                        {product} {ergonomic}
   size_t InitialHeapSize                          = 134217728                                 {product} {ergonomic}
     bool ManagementServer                         = true                                      {product} {command line}
   size_t MarkStackSize                            = 4194304                                   {product} {ergonomic}
   size_t MaxHeapSize                              = 2124414976                                {product} {ergonomic}
   size_t MaxNewSize                               = 1274019840                                {product} {ergonomic}
   size_t MinHeapDeltaBytes                        = 1048576                                   {product} {ergonomic}
   size_t MinHeapSize                              = 8388608                                   {product} {ergonomic}
    uintx NonProfiledCodeHeapSize                  = 0                                      {pd product} {ergonomic}
     bool ProfileInterpreter                       = false                                  {pd product} {command line}
    uintx ProfiledCodeHeapSize                     = 0                                      {pd product} {ergonomic}
     bool ShowCodeDetailsInExceptionMessages       = true                                   {manageable} {command line}
   size_t SoftMaxHeapSize                          = 2124414976                             {manageable} {ergonomic}
     intx TieredStopAtLevel                        = 1                                         {product} {command line}
     bool UseCompressedClassPointers               = true                           {product lp64_product} {ergonomic}
     bool UseCompressedOops                        = true                           {product lp64_product} {ergonomic}
     bool UseG1GC                                  = true                                      {product} {ergonomic}
     bool UseLargePagesIndividualAllocation        = false                                  {pd product} {ergonomic}

Logging:
Log output configuration:
 #0: stdout all=warning uptime,level,tags foldmultilines=false
 #1: stderr all=off uptime,level,tags foldmultilines=false

Environment Variables:
PATH=C:/pleiades/2022-03/java/17/bin/server;C:/pleiades/2022-03/java/17/bin;C:\Program Files\Common Files\Oracle\Java\javapath;C:\Windows\system32;C:\Windows;C:\Windows\System32\Wbem;C:\Windows\System32\WindowsPowerShell\v1.0\;C:\Windows\System32\OpenSSH\;C:\Program Files\Git\cmd;C:\Program Files\nodejs\;C:\Program Files (x86)\Yarn\bin\;C:\jdk\openjdk-14.0.1_windows-x64_bin\jdk-14.0.1\bin;C:\Program Files\Bandizip\;D:\apache-maven-3.8.5\bin;C:\Program Files\MySQL\MySQL Server 8.0\bin;C:\Users\user\AppData\Local\Programs\Python\Python310\Scripts\;C:\Users\user\AppData\Local\Programs\Python\Python310\;C:\Program Files\MySQL\MySQL Shell 8.0\bin\;C:\Users\user\AppData\Local\Microsoft\WindowsApps;C:\Users\user\AppData\Local\GitHubDesktop\bin;C:\Users\user\AppData\Roaming\npm;C:\Users\user\AppData\Local\Programs\Microsoft VS Code\bin;C:\Users\user\AppData\Local\Yarn\bin;C:\Program Files\JetBrains\IntelliJ IDEA Community Edition 2022.1\bin;;C:\Program Files\MySQL\MySQL Server 8.0\bin;;C:\pleiades\2022-03\eclipse;
USERNAME=user
OS=Windows_NT
PROCESSOR_IDENTIFIER=Intel64 Family 6 Model 158 Stepping 9, GenuineIntel



---------------  S Y S T E M  ---------------

OS:
 Windows 10 , 64 bit Build 19041 (10.0.19041.1645)
OS uptime: 1 days 2:47 hours

CPU: total 8 (initial active 8) (4 cores per cpu, 2 threads per core) family 6 model 158 stepping 9 microcode 0xb4, cx8, cmov, fxsr, ht, mmx, 3dnowpref, sse, sse2, sse3, ssse3, sse4.1, sse4.2, popcnt, lzcnt, tsc, tscinvbit, avx, avx2, aes, erms, clmul, bmi1, bmi2, rtm, adx, fma, vzeroupper, clflush, clflushopt

Memory: 4k page, system-wide physical 8099M (1237M free)
TotalPageFile size 13219M (AvailPageFile size 3948M)
current process WorkingSet (physical memory assigned to process): 223M, peak: 258M
current process commit charge ("private bytes"): 270M, peak: 338M

vm_info: OpenJDK 64-Bit Server VM (18.0.1.1+2-6) for windows-amd64 JRE (18.0.1.1+2-6), built on Apr 25 2022 21:50:56 by "mach5one" with MS VC++ 16.8 / 16.9 (VS2019)

END.
