#
# A fatal error has been detected by the Java Runtime Environment:
#
#  EXCEPTION_ACCESS_VIOLATION (0xc0000005) at pc=0x0000000084200870, pid=12476, tid=14444
#
# JRE version: OpenJDK Runtime Environment (18.0.1.1+2) (build 18.0.1.1+2-6)
# Java VM: OpenJDK 64-Bit Server VM (18.0.1.1+2-6, mixed mode, emulated-client, sharing, tiered, compressed oops, compressed class ptrs, g1 gc, windows-amd64)
# Problematic frame:
# C  0x0000000084200870
#
# No core dump will be written. Minidumps are not enabled by default on client versions of Windows
#
# If you would like to submit a bug report, please visit:
#   https://bugreport.java.com/bugreport/crash.jsp
#

---------------  S U M M A R Y ------------

Command Line: -XX:+ShowCodeDetailsInExceptionMessages -agentlib:jdwp=transport=dt_socket,suspend=y,address=localhost:56466 -Dcom.sun.management.jmxremote -Dcom.sun.management.jmxremote.port=56465 -Dcom.sun.management.jmxremote.authenticate=false -Dcom.sun.management.jmxremote.ssl=false -Djava.rmi.server.hostname=localhost -Dspring.jmx.enabled=true -Dspring.application.admin.enabled=true -XX:TieredStopAtLevel=1 -Dspring.boot.project.name=test -javaagent:C:\pleiades\2022-03\eclipse\configuration\org.eclipse.osgi\225\0\.cp\lib\javaagent-shaded.jar -Dfile.encoding=MS932 com.test.managementsite.ManagementSiteApplication

Host: Intel(R) Core(TM) i7-7700 CPU @ 3.60GHz, 8 cores, 7G,  Windows 10 , 64 bit Build 19041 (10.0.19041.1645)
Time: Fri May 13 09:30:00 2022  Windows 10 , 64 bit Build 19041 (10.0.19041.1645) elapsed time: 642.376004 seconds (0d 0h 10m 42s)

---------------  T H R E A D  ---------------

Current thread (0x0000022b6c70c8d0):  JavaThread "restartedMain" [_thread_in_Java, id=14444, stack(0x000000a987300000,0x000000a987400000)]

Stack: [0x000000a987300000,0x000000a987400000],  sp=0x000000a9873fd698,  free space=1013k
Native frames: (J=compiled Java code, j=interpreted, Vv=VM code, C=native code)
C  0x0000000084200870


siginfo: EXCEPTION_ACCESS_VIOLATION (0xc0000005), data execution prevention violation at address 0x0000000084200870


Register to memory mapping:

RIP=0x0000000084200870 is an oop: java.util.concurrent.ConcurrentHashMap 
{0x0000000084200870} - klass: 'java/util/concurrent/ConcurrentHashMap'
 - ---- fields (total size 8 words):
 - transient 'keySet' 'Ljava/util/Set;' @12  NULL (0)
 - transient 'values' 'Ljava/util/Collection;' @16  NULL (0)
 - private volatile transient 'sizeCtl' 'I' @20  384 (180)
 - private volatile transient 'baseCount' 'J' @24  137 (89 0)
 - private volatile transient 'transferIndex' 'I' @32  0
 - private volatile transient 'cellsBusy' 'I' @36  0
 - volatile transient 'table' '[Ljava/util/concurrent/ConcurrentHashMap$Node;' @40  a 'java/util/concurrent/ConcurrentHashMap$Node'[512] {0x00000000842008b0} (842008b0)
 - private volatile transient 'nextTable' '[Ljava/util/concurrent/ConcurrentHashMap$Node;' @44  NULL (0)
 - private volatile transient 'counterCells' '[Ljava/util/concurrent/ConcurrentHashMap$CounterCell;' @48  NULL (0)
 - private transient 'keySet' 'Ljava/util/concurrent/ConcurrentHashMap$KeySetView;' @52  NULL (0)
 - private transient 'values' 'Ljava/util/concurrent/ConcurrentHashMap$ValuesView;' @56  NULL (0)
 - private transient 'entrySet' 'Ljava/util/concurrent/ConcurrentHashMap$EntrySetView;' @60  NULL (0)
RAX=0x0000022b5b659dd2 is at code_begin+3186 in an Interpreter codelet
return entry points  [0x0000022b5b659160, 0x0000022b5b65b0a0]  8000 bytes
RBX=0x00000000842007e8 is an oop: org.springframework.boot.convert.ApplicationConversionService 
{0x00000000842007e8} - klass: 'org/springframework/boot/convert/ApplicationConversionService'
 - ---- fields (total size 5 words):
 - private final 'converters' 'Lorg/springframework/core/convert/support/GenericConversionService$Converters;' @12  a 'org/springframework/core/convert/support/GenericConversionService$Converters'{0x0000000084200810} (84200810)
 - private final 'converterCache' 'Ljava/util/Map;' @16  a 'org/springframework/util/ConcurrentReferenceHashMap'{0x0000000084208da8} (84208da8)
 - private 'embeddedValueResolver' 'Lorg/springframework/util/StringValueResolver;' @20  NULL (0)
 - private final 'cachedPrinters' 'Ljava/util/Map;' @24  a 'java/util/concurrent/ConcurrentHashMap'{0x000000008420a7d0} (8420a7d0)
 - private final 'cachedParsers' 'Ljava/util/Map;' @28  a 'java/util/concurrent/ConcurrentHashMap'{0x000000008420a810} (8420a810)
 - private final 'unmodifiable' 'Z' @32  false
RCX=0x000000a9873fd6a8 is pointing into the stack for thread: 0x0000022b6c70c8d0
RDX=0x0000000000000003 is an unknown value
RSP=0x000000a9873fd698 is pointing into the stack for thread: 0x0000022b6c70c8d0
RBP=0x000000a9873fd6f0 is pointing into the stack for thread: 0x0000022b6c70c8d0
RSI=0x0000022b6cc44a98 points into unknown readable memory: 0x88001f001fc766f6 | f6 66 c7 1f 00 1f 00 88
RDI=0x0000022b6bf592c0 points into unknown readable memory: 0x0000002000000080 | 80 00 00 00 20 00 00 00
R8 =0x0000000000000004 is an unknown value
R9 =0x0000000000000004 is an unknown value
R10=0x00007ffdfb5c7930 jvm.dll
R11={method} {0x00000008000c84e8} 'newInvokeSpecial' '(Ljava/lang/Object;Ljava/lang/Object;)Ljava/lang/Object;' in 'java/lang/invoke/DirectMethodHandle$Holder'
R12=0x0 is NULL
R13=0x000000a9873fd698 is pointing into the stack for thread: 0x0000022b6c70c8d0
R14=0x000000a9873fd718 is pointing into the stack for thread: 0x0000022b6c70c8d0
R15=0x0000022b6c70c8d0 is a thread


Registers:
RAX=0x0000022b5b659dd2, RBX=0x00000000842007e8, RCX=0x000000a9873fd6a8, RDX=0x0000000000000003
RSP=0x000000a9873fd698, RBP=0x000000a9873fd6f0, RSI=0x0000022b6cc44a98, RDI=0x0000022b6bf592c0
R8 =0x0000000000000004, R9 =0x0000000000000004, R10=0x00007ffdfb5c7930, R11=0x00000008000c84e0
R12=0x0000000000000000, R13=0x000000a9873fd698, R14=0x000000a9873fd718, R15=0x0000022b6c70c8d0
RIP=0x0000000084200870, EFLAGS=0x0000000000010202

Top of Stack: (sp=0x000000a9873fd698)
0x000000a9873fd698:   0000022b5b659dd2 0000000086d8adc0
0x000000a9873fd6a8:   000000a9873fd6a8 00000008006ddfd8
0x000000a9873fd6b8:   000000a9873fd718 00000008000c4240
0x000000a9873fd6c8:   0000022b5b9e5593 0000000081a647b8
0x000000a9873fd6d8:   00000008000c84e0 000000a9873fd698
0x000000a9873fd6e8:   000000a9873fd720 000000a9873fdb10
0x000000a9873fd6f8:   0000022b5c1e0316 0000000086d8ab50
0x000000a9873fd708:   0000000086d8adc0 0000000086d78530
0x000000a9873fd718:   0000000086d8ab80 0000000086d8a978
0x000000a9873fd728:   0000022b5c5d0edc 000000a9873fdb10
0x000000a9873fd738:   0000022b5ba55844 0000000086d8ad80
0x000000a9873fd748:   0000000086d78530 0000000086d8ad30
0x000000a9873fd758:   0000000086d8ab80 0000000086d78530
0x000000a9873fd768:   0000022b5c1e0234 000000a9873fdb10
0x000000a9873fd778:   0000022b5bc23cb6 000000a9873fdc38
0x000000a9873fd788:   0000022b5bbd9dfc 0000000084269358 

Instructions: (pc=0x0000000084200870)
0x0000000084200770:   00 00 00 00 01 00 00 00 01 00 00 00 01 00 00 00
0x0000000084200780:   00 00 40 3f b8 fc 1b 84 a8 fc 1b 84 00 00 00 00
0x0000000084200790:   80 fc 1b 84 80 fc 1b 84 09 00 00 00 00 00 00 00
0x00000000842007a0:   c0 0f e2 00 01 01 00 00 e8 07 20 84 00 00 00 00
0x00000000842007b0:   50 a8 20 84 00 00 00 00 00 00 00 00 00 00 00 00
0x00000000842007c0:   48 85 d7 86 00 00 00 00 ff ff ff 7f 30 85 d7 86
0x00000000842007d0:   f0 66 aa 81 30 85 d7 86 00 00 00 00 00 00 00 00
0x00000000842007e0:   00 00 00 00 00 00 00 00 09 00 00 00 00 00 00 00
0x00000000842007f0:   f0 1c d1 00 10 08 20 84 a8 8d 20 84 00 00 00 00
0x0000000084200800:   d0 a7 20 84 10 a8 20 84 00 00 00 00 00 00 00 00
0x0000000084200810:   09 00 00 00 00 00 00 00 48 35 d1 00 28 08 20 84
0x0000000084200820:   70 08 20 84 00 00 00 00 09 00 00 00 00 00 00 00
0x0000000084200830:   40 25 d4 00 38 08 20 84 09 00 00 00 00 00 00 00
0x0000000084200840:   d0 0e 21 00 50 08 20 84 60 08 20 84 00 00 00 00
0x0000000084200850:   09 00 00 00 00 00 00 00 08 0d 00 00 00 00 00 00
0x0000000084200860:   09 00 00 00 00 00 00 00 d0 10 00 00 00 00 00 00
0x0000000084200870:   09 00 00 00 00 00 00 00 80 53 07 00 00 00 00 00
0x0000000084200880:   00 00 00 00 80 01 00 00 89 00 00 00 00 00 00 00
0x0000000084200890:   00 00 00 00 00 00 00 00 b0 08 20 84 00 00 00 00
0x00000000842008a0:   00 00 00 00 00 00 00 00 00 00 00 00 00 00 00 00
0x00000000842008b0:   09 00 00 00 00 00 00 00 58 9f 17 00 00 02 00 00
0x00000000842008c0:   00 00 00 00 00 00 00 00 00 00 00 00 00 00 00 00
0x00000000842008d0:   00 00 00 00 00 00 00 00 90 12 20 84 c0 10 20 84
0x00000000842008e0:   00 00 00 00 00 00 00 00 00 00 00 00 00 00 00 00
0x00000000842008f0:   88 1f 20 84 b8 1d 20 84 00 00 00 00 00 00 00 00
0x0000000084200900:   00 00 00 00 00 00 00 00 00 00 00 00 00 00 00 00
0x0000000084200910:   00 00 00 00 00 00 00 00 00 00 00 00 08 1d 20 84
0x0000000084200920:   00 00 00 00 00 00 00 00 00 00 00 00 00 00 00 00
0x0000000084200930:   00 00 00 00 00 00 00 00 00 00 00 00 00 00 00 00
0x0000000084200940:   00 00 00 00 00 00 00 00 00 00 00 00 88 1b 20 84
0x0000000084200950:   b8 19 20 84 00 00 00 00 00 00 00 00 f8 18 20 84
0x0000000084200960:   00 00 00 00 00 00 00 00 e8 17 20 84 00 00 00 00 


Stack slot to memory mapping:
stack at sp + 0 slots: 0x0000022b5b659dd2 is at code_begin+3186 in an Interpreter codelet
return entry points  [0x0000022b5b659160, 0x0000022b5b65b0a0]  8000 bytes
stack at sp + 1 slots: 0x0000000086d8adc0 is an oop: com.test.managementsite.controller.newmember.AddNewMember 
{0x0000000086d8adc0} - klass: 'com/test/managementsite/controller/newmember/AddNewMember'
 - ---- fields (total size 2 words):
 - private final 'memberManager' 'Lcom/test/managementsite/service/IMemberManager;' @12  NULL (0)
stack at sp + 2 slots: 0x000000a9873fd6a8 is pointing into the stack for thread: 0x0000022b6c70c8d0
stack at sp + 3 slots: 0x00000008006ddfd8 is pointing into metadata
stack at sp + 4 slots: 0x000000a9873fd718 is pointing into the stack for thread: 0x0000022b6c70c8d0
stack at sp + 5 slots: 0x00000008000c4240 is pointing into metadata
stack at sp + 6 slots: 0x0000022b5b9e5593 is at entry_point+243 in (nmethod*)0x0000022b5b9e5310
Compiled method (n/a)  643139  589     n 0       java.lang.Class::isAssignableFrom (native)
 total in heap  [0x0000022b5b9e5310,0x0000022b5b9e56e8] = 984
 relocation     [0x0000022b5b9e5468,0x0000022b5b9e5498] = 48
 main code      [0x0000022b5b9e54a0,0x0000022b5b9e56e8] = 584
stack at sp + 7 slots: 0x0000000081a647b8 is an oop: java.lang.Class 
{0x0000000081a647b8} - klass: 'java/lang/Class'
 - ---- fields (total size 14 words):
 - private volatile transient 'classRedefinedCount' 'I' @12  0
 - abstract internal 'klass' 'J' @16  34360540768 (c3e60 8)
 - abstract internal 'array_klass' 'J' @24  0 (0 0)
 - abstract internal 'oop_size' 'I' @32  14 (e)
 - abstract internal 'static_oop_field_count' 'I' @36  0
 - private volatile transient 'cachedConstructor' 'Ljava/lang/reflect/Constructor;' @40  NULL (0)
 - private transient 'name' 'Ljava/lang/String;' @44  NULL (0)
 - private transient 'module' 'Ljava/lang/Module;' @48  a 'java/lang/Module'{0x0000000081a95008} (81a95008)
 - private final 'classLoader' 'Ljava/lang/ClassLoader;' @52  NULL (0)
 - private transient 'classData' 'Ljava/lang/Object;' @56  NULL (0)
 - private transient 'packageName' 'Ljava/lang/String;' @60  NULL (0)
 - private final 'componentType' 'Ljava/lang/Class;' @64  NULL (0)
 - private volatile transient 'reflectionData' 'Ljava/lang/ref/SoftReference;' @68  NULL (0)
 - private volatile transient 'genericInfo' 'Lsun/reflect/generics/repository/ClassRepository;' @72  NULL (0)
 - private volatile transient 'enumConstants' '[Ljava/lang/Object;' @76  NULL (0)
 - private volatile transient 'enumConstantDirectory' 'Ljava/util/Map;' @80  NULL (0)
 - private volatile transient 'annotationData' 'Ljava/lang/Class$AnnotationData;' @84  NULL (0)
 - private volatile transient 'annotationType' 'Lsun/reflect/annotation/AnnotationType;' @88  NULL (0)
 - transient 'classValueMap' 'Ljava/lang/ClassValue$ClassValueMap;' @92  NULL (0)
 - abstract internal 'protection_domain' 'Ljava/lang/Object;' @96  NULL (0)
 - abstract internal 'signers_name' 'Ljava/lang/Object;' @100  NULL (0)
 - abstract internal 'source_file' 'Ljava/lang/Object;' @104  NULL (0)
 - signature: Ljava/lang/invoke/DirectMethodHandle$Holder;
 - ---- static fields (0):


---------------  P R O C E S S  ---------------

Threads class SMR info:
_java_thread_list=0x0000022b6cc2cb00, length=25, elements={
0x0000022b65cb4f90, 0x0000022b65cb5b00, 0x0000022b65cced60, 0x0000022b65ccf610,
0x0000022b65cd0000, 0x0000022b65cd5f00, 0x0000022b65cd68f0, 0x0000022b65ce0340,
0x0000022b65d3d8a0, 0x0000022b6a109ba0, 0x0000022b6a10f6f0, 0x0000022b6a111d40,
0x0000022b6a952420, 0x0000022b6a9a7e80, 0x0000022b6aa1bd80, 0x0000022b6aac0ae0,
0x0000022b6afac390, 0x0000022b6c70b590, 0x0000022b6c708f10, 0x0000022b6c70e5b0,
0x0000022b6c70c8d0, 0x0000022b6c709d80, 0x0000022b6c70a720, 0x0000022b6c70cda0,
0x0000022b6c708a40
}

Java Threads: ( => current thread )
  0x0000022b65cb4f90 JavaThread "Reference Handler" daemon [_thread_blocked, id=10436, stack(0x000000a985600000,0x000000a985700000)]
  0x0000022b65cb5b00 JavaThread "Finalizer" daemon [_thread_blocked, id=10040, stack(0x000000a985700000,0x000000a985800000)]
  0x0000022b65cced60 JavaThread "Signal Dispatcher" daemon [_thread_blocked, id=5184, stack(0x000000a985800000,0x000000a985900000)]
  0x0000022b65ccf610 JavaThread "Attach Listener" daemon [_thread_blocked, id=10900, stack(0x000000a985900000,0x000000a985a00000)]
  0x0000022b65cd0000 JavaThread "Service Thread" daemon [_thread_blocked, id=6780, stack(0x000000a985a00000,0x000000a985b00000)]
  0x0000022b65cd5f00 JavaThread "Monitor Deflation Thread" daemon [_thread_blocked, id=13164, stack(0x000000a985b00000,0x000000a985c00000)]
  0x0000022b65cd68f0 JavaThread "C1 CompilerThread0" daemon [_thread_blocked, id=9544, stack(0x000000a985c00000,0x000000a985d00000)]
  0x0000022b65ce0340 JavaThread "Sweeper thread" daemon [_thread_blocked, id=9872, stack(0x000000a985d00000,0x000000a985e00000)]
  0x0000022b65d3d8a0 JavaThread "Common-Cleaner" daemon [_thread_blocked, id=15420, stack(0x000000a985e00000,0x000000a985f00000)]
  0x0000022b6a109ba0 JavaThread "JDWP Transport Listener: dt_socket" daemon [_thread_blocked, id=12460, stack(0x000000a986100000,0x000000a986200000)]
  0x0000022b6a10f6f0 JavaThread "JDWP Event Helper Thread" daemon [_thread_blocked, id=4412, stack(0x000000a986200000,0x000000a986300000)]
  0x0000022b6a111d40 JavaThread "JDWP Command Reader" daemon [_thread_in_native, id=15068, stack(0x000000a986300000,0x000000a986400000)]
  0x0000022b6a952420 JavaThread "Notification Thread" daemon [_thread_blocked, id=5744, stack(0x000000a986500000,0x000000a986600000)]
  0x0000022b6a9a7e80 JavaThread "RMI TCP Accept-0" daemon [_thread_in_native, id=12116, stack(0x000000a986600000,0x000000a986700000)]
  0x0000022b6aa1bd80 JavaThread "RMI TCP Accept-56465" daemon [_thread_in_native, id=15912, stack(0x000000a986700000,0x000000a986800000)]
  0x0000022b6aac0ae0 JavaThread "RMI TCP Accept-0" daemon [_thread_in_native, id=2332, stack(0x000000a986800000,0x000000a986900000)]
  0x0000022b6afac390 JavaThread "mysql-cj-abandoned-connection-cleanup" daemon [_thread_blocked, id=3924, stack(0x000000a987700000,0x000000a987800000)]
  0x0000022b6c70b590 JavaThread "Live Reload Server" daemon [_thread_in_native, id=14612, stack(0x000000a987e00000,0x000000a987f00000)]
  0x0000022b6c708f10 JavaThread "DestroyJavaVM" [_thread_blocked, id=1156, stack(0x000000a984f00000,0x000000a985000000)]
  0x0000022b6c70e5b0 JavaThread "Thread-35" [_thread_blocked, id=12524, stack(0x000000a984e00000,0x000000a984f00000)]
=>0x0000022b6c70c8d0 JavaThread "restartedMain" [_thread_in_Java, id=14444, stack(0x000000a987300000,0x000000a987400000)]
  0x0000022b6c709d80 JavaThread "Catalina-utility-1" [_thread_blocked, id=12900, stack(0x000000a986000000,0x000000a986100000)]
  0x0000022b6c70a720 JavaThread "Catalina-utility-2" [_thread_blocked, id=13244, stack(0x000000a987400000,0x000000a987500000)]
  0x0000022b6c70cda0 JavaThread "container-0" [_thread_blocked, id=13984, stack(0x000000a987500000,0x000000a987600000)]
  0x0000022b6c708a40 JavaThread "HikariPool-10 housekeeper" daemon [_thread_blocked, id=15424, stack(0x000000a987600000,0x000000a987700000)]

Other Threads:
  0x0000022b65cae070 VMThread "VM Thread" [stack: 0x000000a985500000,0x000000a985600000] [id=7416] _threads_hazard_ptr=0x0000022b6cc2cb00
  0x0000022b6aac11b0 WatcherThread "VM Periodic Task Thread" [stack: 0x000000a986900000,0x000000a986a00000] [id=6652]
  0x0000022b53d81970 WorkerThread "GC Thread#0" [stack: 0x000000a985000000,0x000000a985100000] [id=8028]
  0x0000022b53d25a50 WorkerThread "GC Thread#1" [stack: 0x000000a986a00000,0x000000a986b00000] [id=12160]
  0x0000022b6abfa4f0 WorkerThread "GC Thread#2" [stack: 0x000000a986b00000,0x000000a986c00000] [id=10612]
  0x0000022b6aafdc10 WorkerThread "GC Thread#3" [stack: 0x000000a986c00000,0x000000a986d00000] [id=14124]
  0x0000022b6ac44f60 WorkerThread "GC Thread#4" [stack: 0x000000a986d00000,0x000000a986e00000] [id=14708]
  0x0000022b6ac45200 WorkerThread "GC Thread#5" [stack: 0x000000a986e00000,0x000000a986f00000] [id=2272]
  0x0000022b6ac454a0 WorkerThread "GC Thread#6" [stack: 0x000000a986f00000,0x000000a987000000] [id=14116]
  0x0000022b6ac45740 WorkerThread "GC Thread#7" [stack: 0x000000a987000000,0x000000a987100000] [id=7672]
  0x0000022b51bed660 ConcurrentGCThread "G1 Main Marker" [stack: 0x000000a985100000,0x000000a985200000] [id=11268]
  0x0000022b53d91f20 WorkerThread "G1 Conc#0" [stack: 0x000000a985200000,0x000000a985300000] [id=6560]
  0x0000022b6af54630 WorkerThread "G1 Conc#1" [stack: 0x000000a986400000,0x000000a986500000] [id=12648]
  0x0000022b53ddebf0 ConcurrentGCThread "G1 Refine#0" [stack: 0x000000a985300000,0x000000a985400000] [id=5048]
  0x0000022b6aafd830 ConcurrentGCThread "G1 Refine#1" [stack: 0x000000a987100000,0x000000a987200000] [id=7800]
  0x0000022b6ac459e0 ConcurrentGCThread "G1 Refine#2" [stack: 0x000000a987200000,0x000000a987300000] [id=10432]
  0x0000022b65b67b00 ConcurrentGCThread "G1 Service" [stack: 0x000000a985400000,0x000000a985500000] [id=8340]

Threads with active compile tasks:

VM state: synchronizing (normal execution)

VM Mutex/Monitor currently owned by a thread:  ([mutex/lock_event])
[0x0000022b53d21570] Threads_lock - owner thread: 0x0000022b65cae070

Heap address: 0x0000000081600000, size: 2026 MB, Compressed Oops mode: 32-bit

CDS archive(s) mapped at: [0x0000000800000000-0x0000000800b90000-0x0000000800b90000), size 12124160, SharedBaseAddress: 0x0000000800000000, ArchiveRelocationMode: 0.
Compressed class space mapped at: 0x0000000800c00000-0x0000000840c00000, reserved size: 1073741824
Narrow klass base: 0x0000000800000000, Narrow klass shift: 0, Narrow klass range: 0x100000000

GC Precious Log:
 CardTable entry size: 512
 Card Set container configuration: InlinePtr #cards 5 size 8 Array Of Cards #cards 12 size 40 Howl #buckets 4 coarsen threshold 1843 Howl Bitmap #cards 512 size 80 coarsen threshold 460 Card regions per heap region 1 cards per card region 2048
 CPUs: 8 total, 8 available
 Memory: 8099M
 Large Page Support: Disabled
 NUMA Support: Disabled
 Compressed Oops: Enabled (32-bit)
 Heap Region Size: 1M
 Heap Min Capacity: 8M
 Heap Initial Capacity: 128M
 Heap Max Capacity: 2026M
 Pre-touch: Disabled
 Parallel Workers: 8
 Concurrent Workers: 2
 Concurrent Refinement Workers: 8
 Periodic GC: Disabled

Heap:
 garbage-first heap   total 92160K, used 40837K [0x0000000081600000, 0x0000000100000000)
  region size 1024K, 18 young (18432K), 4 survivors (4096K)
 Metaspace       used 61321K, committed 62016K, reserved 1114112K
  class space    used 8193K, committed 8512K, reserved 1048576K

Heap Regions: E=young(eden), S=young(survivor), O=old, HS=humongous(starts), HC=humongous(continues), CS=collection set, F=free, OA=open archive, CA=closed archive, TAMS=top-at-mark-start (previous, next)
|   0|0x0000000081600000, 0x0000000081700000, 0x0000000081700000|100%|HS|  |TAMS 0x0000000081700000, 0x0000000081600000| Complete 
|   1|0x0000000081700000, 0x0000000081800000, 0x0000000081800000|100%| O|  |TAMS 0x0000000081800000, 0x0000000081700000| Untracked 
|   2|0x0000000081800000, 0x00000000818f63e8, 0x0000000081900000| 96%| O|  |TAMS 0x00000000818f63e8, 0x0000000081800000| Untracked 
|   3|0x0000000081900000, 0x00000000819fffe8, 0x0000000081a00000| 99%| O|  |TAMS 0x00000000819fffe8, 0x0000000081900000| Untracked 
|   4|0x0000000081a00000, 0x0000000081afffd8, 0x0000000081b00000| 99%| O|  |TAMS 0x0000000081afffd8, 0x0000000081a00000| Untracked 
|   5|0x0000000081b00000, 0x0000000081bfffc8, 0x0000000081c00000| 99%| O|  |TAMS 0x0000000081bfffc8, 0x0000000081b00000| Untracked 
|   6|0x0000000081c00000, 0x0000000081d00000, 0x0000000081d00000|100%| O|  |TAMS 0x0000000081d00000, 0x0000000081c00000| Untracked 
|   7|0x0000000081d00000, 0x0000000081dfffb0, 0x0000000081e00000| 99%| O|  |TAMS 0x0000000081dfffb0, 0x0000000081d00000| Untracked 
|   8|0x0000000081e00000, 0x0000000081efffe8, 0x0000000081f00000| 99%| O|  |TAMS 0x0000000081efffe8, 0x0000000081e00000| Untracked 
|   9|0x0000000081f00000, 0x0000000081ffff88, 0x0000000082000000| 99%| O|  |TAMS 0x0000000081ffff88, 0x0000000081f00000| Untracked 
|  10|0x0000000082000000, 0x0000000082100000, 0x0000000082100000|100%| O|  |TAMS 0x0000000082100000, 0x0000000082000000| Untracked 
|  11|0x0000000082100000, 0x00000000821ffff0, 0x0000000082200000| 99%| O|  |TAMS 0x00000000821ffff0, 0x0000000082100000| Untracked 
|  12|0x0000000082200000, 0x0000000082300000, 0x0000000082300000|100%| O|  |TAMS 0x0000000082300000, 0x0000000082200000| Untracked 
|  13|0x0000000082300000, 0x00000000823ffff8, 0x0000000082400000| 99%| O|  |TAMS 0x00000000823ffff8, 0x0000000082300000| Untracked 
|  14|0x0000000082400000, 0x0000000082500000, 0x0000000082500000|100%| O|  |TAMS 0x0000000082500000, 0x0000000082400000| Untracked 
|  15|0x0000000082500000, 0x00000000825ff8d0, 0x0000000082600000| 99%| O|  |TAMS 0x00000000825ff8d0, 0x0000000082500000| Untracked 
|  16|0x0000000082600000, 0x00000000826fffe0, 0x0000000082700000| 99%| O|  |TAMS 0x00000000826fffe0, 0x0000000082600000| Untracked 
|  17|0x0000000082700000, 0x00000000827fffd0, 0x0000000082800000| 99%| O|  |TAMS 0x00000000827fffd0, 0x0000000082700000| Untracked 
|  18|0x0000000082800000, 0x00000000828fff98, 0x0000000082900000| 99%| O|  |TAMS 0x00000000828fff98, 0x0000000082800000| Untracked 
|  19|0x0000000082900000, 0x00000000829fd920, 0x0000000082a00000| 99%| O|  |TAMS 0x00000000829fd920, 0x0000000082900000| Untracked 
|  20|0x0000000082a00000, 0x0000000082aff870, 0x0000000082b00000| 99%| O|  |TAMS 0x0000000082aff870, 0x0000000082a00000| Untracked 
|  21|0x0000000082b00000, 0x0000000082bff800, 0x0000000082c00000| 99%| O|  |TAMS 0x0000000082bff800, 0x0000000082b00000| Untracked 
|  22|0x0000000082c00000, 0x0000000082cd2410, 0x0000000082d00000| 82%| O|  |TAMS 0x0000000082cd2410, 0x0000000082c00000| Untracked 
|  23|0x0000000082d00000, 0x0000000082d00000, 0x0000000082e00000|  0%| F|  |TAMS 0x0000000082d00000, 0x0000000082d00000| Untracked 
|  24|0x0000000082e00000, 0x0000000082e00000, 0x0000000082f00000|  0%| F|  |TAMS 0x0000000082e00000, 0x0000000082e00000| Untracked 
|  25|0x0000000082f00000, 0x0000000082f00000, 0x0000000083000000|  0%| F|  |TAMS 0x0000000082f00000, 0x0000000082f00000| Untracked 
|  26|0x0000000083000000, 0x0000000083000000, 0x0000000083100000|  0%| F|  |TAMS 0x0000000083000000, 0x0000000083000000| Untracked 
|  27|0x0000000083100000, 0x0000000083100000, 0x0000000083200000|  0%| F|  |TAMS 0x0000000083100000, 0x0000000083100000| Untracked 
|  28|0x0000000083200000, 0x0000000083200000, 0x0000000083300000|  0%| F|  |TAMS 0x0000000083200000, 0x0000000083200000| Untracked 
|  29|0x0000000083300000, 0x0000000083300000, 0x0000000083400000|  0%| F|  |TAMS 0x0000000083300000, 0x0000000083300000| Untracked 
|  30|0x0000000083400000, 0x0000000083400000, 0x0000000083500000|  0%| F|  |TAMS 0x0000000083400000, 0x0000000083400000| Untracked 
|  31|0x0000000083500000, 0x0000000083500000, 0x0000000083600000|  0%| F|  |TAMS 0x0000000083500000, 0x0000000083500000| Untracked 
|  32|0x0000000083600000, 0x0000000083600000, 0x0000000083700000|  0%| F|  |TAMS 0x0000000083600000, 0x0000000083600000| Untracked 
|  33|0x0000000083700000, 0x0000000083700000, 0x0000000083800000|  0%| F|  |TAMS 0x0000000083700000, 0x0000000083700000| Untracked 
|  34|0x0000000083800000, 0x0000000083800000, 0x0000000083900000|  0%| F|  |TAMS 0x0000000083800000, 0x0000000083800000| Untracked 
|  35|0x0000000083900000, 0x0000000083900000, 0x0000000083a00000|  0%| F|  |TAMS 0x0000000083900000, 0x0000000083900000| Untracked 
|  36|0x0000000083a00000, 0x0000000083a00000, 0x0000000083b00000|  0%| F|  |TAMS 0x0000000083a00000, 0x0000000083a00000| Untracked 
|  37|0x0000000083b00000, 0x0000000083b00000, 0x0000000083c00000|  0%| F|  |TAMS 0x0000000083b00000, 0x0000000083b00000| Untracked 
|  38|0x0000000083c00000, 0x0000000083c00000, 0x0000000083d00000|  0%| F|  |TAMS 0x0000000083c00000, 0x0000000083c00000| Untracked 
|  39|0x0000000083d00000, 0x0000000083d11740, 0x0000000083e00000|  6%| S|CS|TAMS 0x0000000083d00000, 0x0000000083d00000| Complete 
|  40|0x0000000083e00000, 0x0000000083e50f28, 0x0000000083f00000| 31%| O|  |TAMS 0x0000000083e50f28, 0x0000000083e00000| Untracked 
|  41|0x0000000083f00000, 0x0000000083f80eb8, 0x0000000084000000| 50%| O|  |TAMS 0x0000000083f80eb8, 0x0000000083f00000| Untracked 
|  42|0x0000000084000000, 0x0000000084100000, 0x0000000084100000|100%| S|CS|TAMS 0x0000000084000000, 0x0000000084000000| Complete 
|  43|0x0000000084100000, 0x0000000084200000, 0x0000000084200000|100%| S|CS|TAMS 0x0000000084100000, 0x0000000084100000| Complete 
|  44|0x0000000084200000, 0x0000000084300000, 0x0000000084300000|100%| S|CS|TAMS 0x0000000084200000, 0x0000000084200000| Complete 
|  45|0x0000000084300000, 0x000000008431e238, 0x0000000084400000| 11%| O|  |TAMS 0x000000008431e238, 0x0000000084300000| Untracked 
|  46|0x0000000084400000, 0x0000000084400000, 0x0000000084500000|  0%| F|  |TAMS 0x0000000084400000, 0x0000000084400000| Untracked 
|  47|0x0000000084500000, 0x0000000084500000, 0x0000000084600000|  0%| F|  |TAMS 0x0000000084500000, 0x0000000084500000| Untracked 
|  48|0x0000000084600000, 0x0000000084600000, 0x0000000084700000|  0%| F|  |TAMS 0x0000000084600000, 0x0000000084600000| Untracked 
|  49|0x0000000084700000, 0x0000000084700000, 0x0000000084800000|  0%| F|  |TAMS 0x0000000084700000, 0x0000000084700000| Untracked 
|  50|0x0000000084800000, 0x0000000084800000, 0x0000000084900000|  0%| F|  |TAMS 0x0000000084800000, 0x0000000084800000| Untracked 
|  51|0x0000000084900000, 0x0000000084900000, 0x0000000084a00000|  0%| F|  |TAMS 0x0000000084900000, 0x0000000084900000| Untracked 
|  52|0x0000000084a00000, 0x0000000084a00000, 0x0000000084b00000|  0%| F|  |TAMS 0x0000000084a00000, 0x0000000084a00000| Untracked 
|  53|0x0000000084b00000, 0x0000000084b00000, 0x0000000084c00000|  0%| F|  |TAMS 0x0000000084b00000, 0x0000000084b00000| Untracked 
|  54|0x0000000084c00000, 0x0000000084c00000, 0x0000000084d00000|  0%| F|  |TAMS 0x0000000084c00000, 0x0000000084c00000| Untracked 
|  55|0x0000000084d00000, 0x0000000084d00000, 0x0000000084e00000|  0%| F|  |TAMS 0x0000000084d00000, 0x0000000084d00000| Untracked 
|  56|0x0000000084e00000, 0x0000000084e00000, 0x0000000084f00000|  0%| F|  |TAMS 0x0000000084e00000, 0x0000000084e00000| Untracked 
|  57|0x0000000084f00000, 0x0000000084f00000, 0x0000000085000000|  0%| F|  |TAMS 0x0000000084f00000, 0x0000000084f00000| Untracked 
|  58|0x0000000085000000, 0x0000000085000000, 0x0000000085100000|  0%| F|  |TAMS 0x0000000085000000, 0x0000000085000000| Untracked 
|  59|0x0000000085100000, 0x0000000085100000, 0x0000000085200000|  0%| F|  |TAMS 0x0000000085100000, 0x0000000085100000| Untracked 
|  60|0x0000000085200000, 0x0000000085200000, 0x0000000085300000|  0%| F|  |TAMS 0x0000000085200000, 0x0000000085200000| Untracked 
|  61|0x0000000085300000, 0x0000000085300000, 0x0000000085400000|  0%| F|  |TAMS 0x0000000085300000, 0x0000000085300000| Untracked 
|  62|0x0000000085400000, 0x0000000085400000, 0x0000000085500000|  0%| F|  |TAMS 0x0000000085400000, 0x0000000085400000| Untracked 
|  63|0x0000000085500000, 0x0000000085500000, 0x0000000085600000|  0%| F|  |TAMS 0x0000000085500000, 0x0000000085500000| Untracked 
|  64|0x0000000085600000, 0x0000000085600000, 0x0000000085700000|  0%| F|  |TAMS 0x0000000085600000, 0x0000000085600000| Untracked 
|  65|0x0000000085700000, 0x0000000085700000, 0x0000000085800000|  0%| F|  |TAMS 0x0000000085700000, 0x0000000085700000| Untracked 
|  66|0x0000000085800000, 0x0000000085800000, 0x0000000085900000|  0%| F|  |TAMS 0x0000000085800000, 0x0000000085800000| Untracked 
|  67|0x0000000085900000, 0x0000000085900000, 0x0000000085a00000|  0%| F|  |TAMS 0x0000000085900000, 0x0000000085900000| Untracked 
|  68|0x0000000085a00000, 0x0000000085a00000, 0x0000000085b00000|  0%| F|  |TAMS 0x0000000085a00000, 0x0000000085a00000| Untracked 
|  69|0x0000000085b00000, 0x0000000085b00000, 0x0000000085c00000|  0%| F|  |TAMS 0x0000000085b00000, 0x0000000085b00000| Untracked 
|  70|0x0000000085c00000, 0x0000000085c00000, 0x0000000085d00000|  0%| F|  |TAMS 0x0000000085c00000, 0x0000000085c00000| Untracked 
|  71|0x0000000085d00000, 0x0000000085d00000, 0x0000000085e00000|  0%| F|  |TAMS 0x0000000085d00000, 0x0000000085d00000| Untracked 
|  72|0x0000000085e00000, 0x0000000085e00000, 0x0000000085f00000|  0%| F|  |TAMS 0x0000000085e00000, 0x0000000085e00000| Untracked 
|  73|0x0000000085f00000, 0x0000000085f00000, 0x0000000086000000|  0%| F|  |TAMS 0x0000000085f00000, 0x0000000085f00000| Untracked 
|  74|0x0000000086000000, 0x0000000086000000, 0x0000000086100000|  0%| F|  |TAMS 0x0000000086000000, 0x0000000086000000| Untracked 
|  75|0x0000000086100000, 0x0000000086126960, 0x0000000086200000| 15%| E|  |TAMS 0x0000000086100000, 0x0000000086100000| Complete 
|  76|0x0000000086200000, 0x0000000086300000, 0x0000000086300000|100%| E|CS|TAMS 0x0000000086200000, 0x0000000086200000| Complete 
|  77|0x0000000086300000, 0x000000008631b4a0, 0x0000000086400000| 10%| O|  |TAMS 0x000000008631b4a0, 0x0000000086300000| Untracked 
|  78|0x0000000086400000, 0x0000000086500000, 0x0000000086500000|100%| E|CS|TAMS 0x0000000086400000, 0x0000000086400000| Complete 
|  79|0x0000000086500000, 0x0000000086600000, 0x0000000086600000|100%| E|CS|TAMS 0x0000000086500000, 0x0000000086500000| Complete 
|  80|0x0000000086600000, 0x0000000086700000, 0x0000000086700000|100%| E|CS|TAMS 0x0000000086600000, 0x0000000086600000| Complete 
|  81|0x0000000086700000, 0x0000000086800000, 0x0000000086800000|100%| E|CS|TAMS 0x0000000086700000, 0x0000000086700000| Complete 
|  82|0x0000000086800000, 0x0000000086900000, 0x0000000086900000|100%| E|CS|TAMS 0x0000000086800000, 0x0000000086800000| Complete 
|  83|0x0000000086900000, 0x0000000086a00000, 0x0000000086a00000|100%| E|CS|TAMS 0x0000000086900000, 0x0000000086900000| Complete 
|  84|0x0000000086a00000, 0x0000000086b00000, 0x0000000086b00000|100%| E|CS|TAMS 0x0000000086a00000, 0x0000000086a00000| Complete 
|  85|0x0000000086b00000, 0x0000000086c00000, 0x0000000086c00000|100%| E|CS|TAMS 0x0000000086b00000, 0x0000000086b00000| Complete 
|  86|0x0000000086c00000, 0x0000000086d00000, 0x0000000086d00000|100%| E|CS|TAMS 0x0000000086c00000, 0x0000000086c00000| Complete 
|  87|0x0000000086d00000, 0x0000000086e00000, 0x0000000086e00000|100%| E|CS|TAMS 0x0000000086d00000, 0x0000000086d00000| Complete 
|  88|0x0000000086e00000, 0x0000000086f00000, 0x0000000086f00000|100%| E|CS|TAMS 0x0000000086e00000, 0x0000000086e00000| Complete 
|  89|0x0000000086f00000, 0x0000000087000000, 0x0000000087000000|100%| E|CS|TAMS 0x0000000086f00000, 0x0000000086f00000| Complete 

Card table byte_map: [0x0000022b5eb60000,0x0000022b5ef60000] _byte_map_base: 0x0000022b5e755000

Marking Bits (Prev, Next): (CMBitMap*) 0x0000022b51becfe0, (CMBitMap*) 0x0000022b51becfa0
 Prev Bits: [0x0000022b61310000, 0x0000022b632b8000)
 Next Bits: [0x0000022b5f360000, 0x0000022b61308000)

Polling page: 0x0000022b51c50000

Metaspace:

Usage:
  Non-class:     51.88 MB used.
      Class:      8.00 MB used.
       Both:     59.88 MB used.

Virtual space:
  Non-class space:       64.00 MB reserved,      52.25 MB ( 82%) committed,  1 nodes.
      Class space:        1.00 GB reserved,       8.31 MB ( <1%) committed,  1 nodes.
             Both:        1.06 GB reserved,      60.56 MB (  6%) committed. 

Chunk freelists:
   Non-Class:  3.17 MB
       Class:  3.64 MB
        Both:  6.82 MB

MaxMetaspaceSize: unlimited
CompressedClassSpaceSize: 1.00 GB
Initial GC threshold: 21.00 MB
Current GC threshold: 100.75 MB
CDS: on
MetaspaceReclaimPolicy: balanced
 - commit_granule_bytes: 65536.
 - commit_granule_words: 8192.
 - virtual_space_node_default_size: 8388608.
 - enlarge_chunks_in_place: 1.
 - new_chunks_are_fully_committed: 0.
 - uncommit_free_chunks: 1.
 - use_allocation_guard: 0.


Internal statistics:

num_allocs_failed_limit: 6.
num_arena_births: 956.
num_arena_deaths: 334.
num_vsnodes_births: 2.
num_vsnodes_deaths: 0.
num_space_committed: 969.
num_space_uncommitted: 0.
num_chunks_returned_to_freelist: 357.
num_chunks_taken_from_freelist: 3166.
num_chunk_merges: 77.
num_chunk_splits: 2099.
num_chunks_enlarged: 1686.
num_inconsistent_stats: 0.

CodeCache: size=49152Kb used=18216Kb max_used=18785Kb free=30935Kb
 bounds [0x0000022b5b650000, 0x0000022b5c8d0000, 0x0000022b5e650000]
 total_blobs=9967 nmethods=9304 adapters=590
 compilation: enabled
              stopped_count=0, restarted_count=0
 full_count=0

Compilation events (20 events):
Event: 634.786 Thread 0x0000022b65cd68f0 9295       1       sun.security.ssl.SSLSecretDerivation::<init> (39 bytes)
Event: 634.786 Thread 0x0000022b65cd68f0 nmethod 9295 0x0000022b5c727610 code [0x0000022b5c7277c0, 0x0000022b5c727a18]
Event: 634.786 Thread 0x0000022b65cd68f0 9296       1       javax.crypto.Cipher::implInit (145 bytes)
Event: 634.787 Thread 0x0000022b65cd68f0 nmethod 9296 0x0000022b5c726a10 code [0x0000022b5c726c80, 0x0000022b5c727318]
Event: 634.787 Thread 0x0000022b65cd68f0 9297       1       sun.security.ssl.SessionId::<init> (38 bytes)
Event: 634.787 Thread 0x0000022b65cd68f0 nmethod 9297 0x0000022b5c726310 code [0x0000022b5c7264c0, 0x0000022b5c7268a8]
Event: 634.787 Thread 0x0000022b65cd68f0 9298       1       sun.security.ssl.RandomCookie::<init> (21 bytes)
Event: 634.787 Thread 0x0000022b65cd68f0 nmethod 9298 0x0000022b5c725e90 code [0x0000022b5c726040, 0x0000022b5c726228]
Event: 634.787 Thread 0x0000022b65cd68f0 9299       1       javax.net.ssl.ExtendedSSLSession::<init> (5 bytes)
Event: 634.787 Thread 0x0000022b65cd68f0 nmethod 9299 0x0000022b5c725b90 code [0x0000022b5c725d20, 0x0000022b5c725dd8]
Event: 634.787 Thread 0x0000022b65cd68f0 9300       1       com.mysql.cj.jdbc.DatabaseMetaData::setMetadataEncoding (6 bytes)
Event: 634.787 Thread 0x0000022b65cd68f0 nmethod 9300 0x0000022b5c725890 code [0x0000022b5c725a20, 0x0000022b5c725b38]
Event: 634.787 Thread 0x0000022b65cd68f0 9301       1       com.mysql.cj.NativeCharsetSettings::getMetadataCollationIndex (5 bytes)
Event: 634.788 Thread 0x0000022b65cd68f0 nmethod 9301 0x0000022b5c725590 code [0x0000022b5c725720, 0x0000022b5c7257f8]
Event: 634.788 Thread 0x0000022b65cd68f0 9302       1       com.mysql.cj.jdbc.DatabaseMetaData::setMetadataCollationIndex (6 bytes)
Event: 634.788 Thread 0x0000022b65cd68f0 nmethod 9302 0x0000022b5c725290 code [0x0000022b5c725420, 0x0000022b5c7254f8]
Event: 634.788 Thread 0x0000022b65cd68f0 9303       1       java.util.regex.Pattern::namedGroups (25 bytes)
Event: 634.788 Thread 0x0000022b65cd68f0 nmethod 9303 0x0000022b5c724e10 code [0x0000022b5c724fe0, 0x0000022b5c7251a8]
Event: 634.827 Thread 0x0000022b65cd68f0 9304       1       sun.security.ssl.SSLConfiguration::getEnabledExtensions (131 bytes)
Event: 634.828 Thread 0x0000022b65cd68f0 nmethod 9304 0x0000022b5c724010 code [0x0000022b5c724240, 0x0000022b5c724918]

GC Heap History (20 events):
Event: 611.658 GC heap before
{Heap before GC invocations=56 (full 4):
 garbage-first heap   total 103424K, used 48766K [0x0000000081600000, 0x0000000100000000)
  region size 1024K, 23 young (23552K), 1 survivors (1024K)
 Metaspace       used 60753K, committed 61376K, reserved 1114112K
  class space    used 8114K, committed 8384K, reserved 1048576K
}
Event: 611.696 GC heap after
{Heap after GC invocations=57 (full 5):
 garbage-first heap   total 92160K, used 23947K [0x0000000081600000, 0x0000000100000000)
  region size 1024K, 0 young (0K), 0 survivors (0K)
 Metaspace       used 60750K, committed 61376K, reserved 1114112K
  class space    used 8114K, committed 8384K, reserved 1048576K
}
Event: 612.273 GC heap before
{Heap before GC invocations=57 (full 5):
 garbage-first heap   total 92160K, used 66955K [0x0000000081600000, 0x0000000100000000)
  region size 1024K, 42 young (43008K), 0 survivors (0K)
 Metaspace       used 60830K, committed 61440K, reserved 1114112K
  class space    used 8127K, committed 8384K, reserved 1048576K
}
Event: 612.276 GC heap after
{Heap after GC invocations=58 (full 5):
 garbage-first heap   total 92160K, used 27160K [0x0000000081600000, 0x0000000100000000)
  region size 1024K, 4 young (4096K), 4 survivors (4096K)
 Metaspace       used 60830K, committed 61440K, reserved 1114112K
  class space    used 8127K, committed 8384K, reserved 1048576K
}
Event: 620.007 GC heap before
{Heap before GC invocations=58 (full 5):
 garbage-first heap   total 92160K, used 55832K [0x0000000081600000, 0x0000000100000000)
  region size 1024K, 34 young (34816K), 4 survivors (4096K)
 Metaspace       used 60870K, committed 61504K, reserved 1114112K
  class space    used 8131K, committed 8448K, reserved 1048576K
}
Event: 620.036 GC heap after
{Heap after GC invocations=59 (full 6):
 garbage-first heap   total 89088K, used 24238K [0x0000000081600000, 0x0000000100000000)
  region size 1024K, 0 young (0K), 0 survivors (0K)
 Metaspace       used 60867K, committed 61504K, reserved 1114112K
  class space    used 8131K, committed 8448K, reserved 1048576K
}
Event: 620.474 GC heap before
{Heap before GC invocations=59 (full 6):
 garbage-first heap   total 89088K, used 65198K [0x0000000081600000, 0x0000000100000000)
  region size 1024K, 41 young (41984K), 0 survivors (0K)
 Metaspace       used 60949K, committed 61568K, reserved 1114112K
  class space    used 8143K, committed 8448K, reserved 1048576K
}
Event: 620.477 GC heap after
{Heap after GC invocations=60 (full 6):
 garbage-first heap   total 89088K, used 27310K [0x0000000081600000, 0x0000000100000000)
  region size 1024K, 3 young (3072K), 3 survivors (3072K)
 Metaspace       used 60949K, committed 61568K, reserved 1114112K
  class space    used 8143K, committed 8448K, reserved 1048576K
}
Event: 622.070 GC heap before
{Heap before GC invocations=61 (full 6):
 garbage-first heap   total 89088K, used 54958K [0x0000000081600000, 0x0000000100000000)
  region size 1024K, 32 young (32768K), 3 survivors (3072K)
 Metaspace       used 60980K, committed 61632K, reserved 1114112K
  class space    used 8147K, committed 8448K, reserved 1048576K
}
Event: 622.096 GC heap after
{Heap after GC invocations=62 (full 7):
 garbage-first heap   total 89088K, used 24165K [0x0000000081600000, 0x0000000100000000)
  region size 1024K, 0 young (0K), 0 survivors (0K)
 Metaspace       used 60977K, committed 61632K, reserved 1114112K
  class space    used 8146K, committed 8448K, reserved 1048576K
}
Event: 622.466 GC heap before
{Heap before GC invocations=62 (full 7):
 garbage-first heap   total 89088K, used 64101K [0x0000000081600000, 0x0000000100000000)
  region size 1024K, 40 young (40960K), 0 survivors (0K)
 Metaspace       used 61055K, committed 61760K, reserved 1114112K
  class space    used 8159K, committed 8512K, reserved 1048576K
}
Event: 622.469 GC heap after
{Heap after GC invocations=63 (full 7):
 garbage-first heap   total 89088K, used 27237K [0x0000000081600000, 0x0000000100000000)
  region size 1024K, 3 young (3072K), 3 survivors (3072K)
 Metaspace       used 61055K, committed 61760K, reserved 1114112K
  class space    used 8159K, committed 8512K, reserved 1048576K
}
Event: 625.058 GC heap before
{Heap before GC invocations=64 (full 7):
 garbage-first heap   total 89088K, used 55909K [0x0000000081600000, 0x0000000100000000)
  region size 1024K, 33 young (33792K), 3 survivors (3072K)
 Metaspace       used 61093K, committed 61760K, reserved 1114112K
  class space    used 8162K, committed 8512K, reserved 1048576K
}
Event: 625.097 GC heap after
{Heap after GC invocations=65 (full 8):
 garbage-first heap   total 89088K, used 24273K [0x0000000081600000, 0x0000000100000000)
  region size 1024K, 0 young (0K), 0 survivors (0K)
 Metaspace       used 61090K, committed 61760K, reserved 1114112K
  class space    used 8162K, committed 8512K, reserved 1048576K
}
Event: 625.472 GC heap before
{Heap before GC invocations=65 (full 8):
 garbage-first heap   total 89088K, used 65233K [0x0000000081600000, 0x0000000100000000)
  region size 1024K, 41 young (41984K), 0 survivors (0K)
 Metaspace       used 61181K, committed 61888K, reserved 1114112K
  class space    used 8176K, committed 8512K, reserved 1048576K
}
Event: 625.474 GC heap after
{Heap after GC invocations=66 (full 8):
 garbage-first heap   total 107520K, used 27483K [0x0000000081600000, 0x0000000100000000)
  region size 1024K, 4 young (4096K), 4 survivors (4096K)
 Metaspace       used 61181K, committed 61888K, reserved 1114112K
  class space    used 8176K, committed 8512K, reserved 1048576K
}
Event: 634.198 GC heap before
{Heap before GC invocations=67 (full 8):
 garbage-first heap   total 107520K, used 57179K [0x0000000081600000, 0x0000000100000000)
  region size 1024K, 34 young (34816K), 4 survivors (4096K)
 Metaspace       used 61212K, committed 61888K, reserved 1114112K
  class space    used 8180K, committed 8512K, reserved 1048576K
}
Event: 634.229 GC heap after
{Heap after GC invocations=68 (full 9):
 garbage-first heap   total 92160K, used 24383K [0x0000000081600000, 0x0000000100000000)
  region size 1024K, 0 young (0K), 0 survivors (0K)
 Metaspace       used 61209K, committed 61888K, reserved 1114112K
  class space    used 8179K, committed 8512K, reserved 1048576K
}
Event: 634.652 GC heap before
{Heap before GC invocations=68 (full 9):
 garbage-first heap   total 92160K, used 67391K [0x0000000081600000, 0x0000000100000000)
  region size 1024K, 43 young (44032K), 0 survivors (0K)
 Metaspace       used 61300K, committed 61952K, reserved 1114112K
  class space    used 8192K, committed 8512K, reserved 1048576K
}
Event: 634.654 GC heap after
{Heap after GC invocations=69 (full 9):
 garbage-first heap   total 92160K, used 27525K [0x0000000081600000, 0x0000000100000000)
  region size 1024K, 4 young (4096K), 4 survivors (4096K)
 Metaspace       used 61300K, committed 61952K, reserved 1114112K
  class space    used 8192K, committed 8512K, reserved 1048576K
}

Deoptimization events (20 events):
Event: 634.835 Thread 0x0000022b6c7080a0 DEOPT PACKING pc=0x0000022b5c49e344 sp=0x000000a9878fd5e0
Event: 634.835 Thread 0x0000022b6c7080a0 DEOPT UNPACKING pc=0x0000022b5b6a2b43 sp=0x000000a9878fcb70 mode 1
Event: 634.835 Thread 0x0000022b6c7080a0 DEOPT PACKING pc=0x0000022b5c79d824 sp=0x000000a9878fd730
Event: 634.835 Thread 0x0000022b6c7080a0 DEOPT UNPACKING pc=0x0000022b5b6a2b43 sp=0x000000a9878fccd0 mode 1
Event: 634.835 Thread 0x0000022b6c7080a0 DEOPT PACKING pc=0x0000022b5c49e344 sp=0x000000a9878fd5e0
Event: 634.835 Thread 0x0000022b6c7080a0 DEOPT UNPACKING pc=0x0000022b5b6a2b43 sp=0x000000a9878fcb70 mode 1
Event: 634.835 Thread 0x0000022b6c7080a0 DEOPT PACKING pc=0x0000022b5c79d824 sp=0x000000a9878fd730
Event: 634.835 Thread 0x0000022b6c7080a0 DEOPT UNPACKING pc=0x0000022b5b6a2b43 sp=0x000000a9878fccd0 mode 1
Event: 634.835 Thread 0x0000022b6c7080a0 DEOPT PACKING pc=0x0000022b5c6f66c4 sp=0x000000a9878fd9b0
Event: 634.836 Thread 0x0000022b6c7080a0 DEOPT UNPACKING pc=0x0000022b5b6a2b43 sp=0x000000a9878fced0 mode 1
Event: 634.836 Thread 0x0000022b6c7080a0 DEOPT PACKING pc=0x0000022b5c6f713c sp=0x000000a9878fdaa0
Event: 634.836 Thread 0x0000022b6c7080a0 DEOPT UNPACKING pc=0x0000022b5b6a2b43 sp=0x000000a9878fcf58 mode 1
Event: 634.836 Thread 0x0000022b6c7080a0 DEOPT PACKING pc=0x0000022b5c3d8209 sp=0x000000a9878fd5c0
Event: 634.836 Thread 0x0000022b6c7080a0 DEOPT UNPACKING pc=0x0000022b5b6a2b43 sp=0x000000a9878fca78 mode 1
Event: 634.836 Thread 0x0000022b6c7080a0 DEOPT PACKING pc=0x0000022b5c6f66c4 sp=0x000000a9878fd6e0
Event: 634.836 Thread 0x0000022b6c7080a0 DEOPT UNPACKING pc=0x0000022b5b6a2b43 sp=0x000000a9878fcc00 mode 1
Event: 634.836 Thread 0x0000022b6c7080a0 DEOPT PACKING pc=0x0000022b5c6f713c sp=0x000000a9878fd7d0
Event: 634.836 Thread 0x0000022b6c7080a0 DEOPT UNPACKING pc=0x0000022b5b6a2b43 sp=0x000000a9878fcc88 mode 1
Event: 641.313 Thread 0x0000022b6c70c8d0 DEOPT PACKING pc=0x0000022b5bbf018c sp=0x000000a9873fd6a0
Event: 641.313 Thread 0x0000022b6c70c8d0 DEOPT UNPACKING pc=0x0000022b5b6a2b43 sp=0x000000a9873fcb58 mode 0

Classes loaded (20 events):
Event: 574.996 Loading class javax/management/ObjectName$PatternProperty
Event: 575.011 Loading class javax/management/ObjectName$PatternProperty done
Event: 575.015 Loading class java/util/AbstractMap$2
Event: 575.027 Loading class java/util/AbstractMap$2 done
Event: 575.028 Loading class java/util/AbstractMap$2$1
Event: 575.028 Loading class java/util/AbstractMap$2$1 done
Event: 575.031 Loading class sun/security/ssl/Alert
Event: 575.057 Loading class sun/security/ssl/Alert done
Event: 575.057 Loading class sun/security/ssl/Alert$AlertConsumer
Event: 575.058 Loading class sun/security/ssl/Alert$AlertConsumer done
Event: 575.058 Loading class sun/security/ssl/Alert$Level
Event: 575.058 Loading class sun/security/ssl/Alert$Level done
Event: 575.059 Loading class sun/net/ConnectionResetException
Event: 575.114 Loading class sun/net/ConnectionResetException done
Event: 575.166 Loading class java/lang/ref/Finalizer$2
Event: 575.191 Loading class java/lang/ref/Finalizer$2 done
Event: 575.192 Loading class java/lang/ref/Finalizer$1
Event: 575.192 Loading class java/lang/ref/Finalizer$1 done
Event: 576.040 Loading class java/time/DurationEditor
Event: 576.040 Loading class java/time/DurationEditor done

Classes unloaded (20 events):
Event: 578.732 Thread 0x0000022b65cae070 Unloading class 0x0000000801251400 'java/lang/invoke/LambdaForm$MH+0x0000000801251400'
Event: 578.732 Thread 0x0000022b65cae070 Unloading class 0x000000080102a800 'java/lang/invoke/LambdaForm$MH+0x000000080102a800'
Event: 578.732 Thread 0x0000022b65cae070 Unloading class 0x000000080102a400 'java/lang/invoke/LambdaForm$MH+0x000000080102a400'
Event: 578.732 Thread 0x0000022b65cae070 Unloading class 0x0000000801028800 'java/lang/invoke/LambdaForm$MH+0x0000000801028800'
Event: 578.732 Thread 0x0000022b65cae070 Unloading class 0x0000000800fdcc00 'java/lang/invoke/LambdaForm$MH+0x0000000800fdcc00'
Event: 578.732 Thread 0x0000022b65cae070 Unloading class 0x0000000800fc4c00 'java/lang/invoke/LambdaForm$MH+0x0000000800fc4c00'
Event: 578.732 Thread 0x0000022b65cae070 Unloading class 0x0000000800fa8c00 'java/lang/invoke/LambdaForm$MH+0x0000000800fa8c00'
Event: 578.732 Thread 0x0000022b65cae070 Unloading class 0x0000000800f9c800 'java/lang/invoke/LambdaForm$MH+0x0000000800f9c800'
Event: 578.732 Thread 0x0000022b65cae070 Unloading class 0x0000000800f90800 'java/lang/invoke/LambdaForm$MH+0x0000000800f90800'
Event: 578.732 Thread 0x0000022b65cae070 Unloading class 0x0000000800f88000 'java/lang/invoke/LambdaForm$MH+0x0000000800f88000'
Event: 578.732 Thread 0x0000022b65cae070 Unloading class 0x0000000800d3d000 'java/lang/invoke/LambdaForm$MH+0x0000000800d3d000'
Event: 578.732 Thread 0x0000022b65cae070 Unloading class 0x0000000800d29400 'java/lang/invoke/LambdaForm$MH+0x0000000800d29400'
Event: 578.732 Thread 0x0000022b65cae070 Unloading class 0x0000000800c00400 'java/lang/invoke/LambdaForm$MH+0x0000000800c00400'
Event: 605.422 Thread 0x0000022b65cae070 Unloading class 0x0000000801431000 'org/apache/catalina/loader/JdbcLeakPrevention'
Event: 609.545 Thread 0x0000022b65cae070 Unloading class 0x00000008012dd000 'org/apache/catalina/loader/JdbcLeakPrevention'
Event: 611.670 Thread 0x0000022b65cae070 Unloading class 0x0000000800d29400 'org/apache/catalina/loader/JdbcLeakPrevention'
Event: 620.017 Thread 0x0000022b65cae070 Unloading class 0x000000080143c000 'org/apache/catalina/loader/JdbcLeakPrevention'
Event: 622.079 Thread 0x0000022b65cae070 Unloading class 0x0000000801444c00 'org/apache/catalina/loader/JdbcLeakPrevention'
Event: 625.075 Thread 0x0000022b65cae070 Unloading class 0x000000080144c800 'org/apache/catalina/loader/JdbcLeakPrevention'
Event: 634.208 Thread 0x0000022b65cae070 Unloading class 0x0000000801450c00 'org/apache/catalina/loader/JdbcLeakPrevention'

Classes redefined (20 events):
Event: 623.302 Thread 0x0000022b65cae070 redefined class name=com.test.managementsite.controller.newmember.AddNewMember, count=4
Event: 633.267 Thread 0x0000022b65cae070 redefined class name=com.test.managementsite.controller.newmember.AddNewMember, count=6
Event: 633.267 Thread 0x0000022b65cae070 redefined class name=com.test.managementsite.controller.newmember.AddNewMember, count=7
Event: 633.267 Thread 0x0000022b65cae070 redefined class name=com.test.managementsite.controller.newmember.AddNewMember, count=8
Event: 633.267 Thread 0x0000022b65cae070 redefined class name=com.test.managementsite.controller.newmember.AddNewMember, count=9
Event: 633.267 Thread 0x0000022b65cae070 redefined class name=com.test.managementsite.controller.newmember.AddNewMember, count=1
Event: 633.267 Thread 0x0000022b65cae070 redefined class name=com.test.managementsite.controller.newmember.AddNewMember, count=2
Event: 633.267 Thread 0x0000022b65cae070 redefined class name=com.test.managementsite.controller.newmember.AddNewMember, count=3
Event: 633.267 Thread 0x0000022b65cae070 redefined class name=com.test.managementsite.controller.newmember.AddNewMember, count=4
Event: 633.267 Thread 0x0000022b65cae070 redefined class name=com.test.managementsite.controller.newmember.AddNewMember, count=5
Event: 641.335 Thread 0x0000022b65cae070 redefined class name=com.test.managementsite.controller.newmember.AddNewMember, count=7
Event: 641.335 Thread 0x0000022b65cae070 redefined class name=com.test.managementsite.controller.newmember.AddNewMember, count=8
Event: 641.335 Thread 0x0000022b65cae070 redefined class name=com.test.managementsite.controller.newmember.AddNewMember, count=9
Event: 641.335 Thread 0x0000022b65cae070 redefined class name=com.test.managementsite.controller.newmember.AddNewMember, count=10
Event: 641.335 Thread 0x0000022b65cae070 redefined class name=com.test.managementsite.controller.newmember.AddNewMember, count=1
Event: 641.335 Thread 0x0000022b65cae070 redefined class name=com.test.managementsite.controller.newmember.AddNewMember, count=2
Event: 641.335 Thread 0x0000022b65cae070 redefined class name=com.test.managementsite.controller.newmember.AddNewMember, count=3
Event: 641.335 Thread 0x0000022b65cae070 redefined class name=com.test.managementsite.controller.newmember.AddNewMember, count=4
Event: 641.335 Thread 0x0000022b65cae070 redefined class name=com.test.managementsite.controller.newmember.AddNewMember, count=5
Event: 641.335 Thread 0x0000022b65cae070 redefined class name=com.test.managementsite.controller.newmember.AddNewMember, count=6

Internal exceptions (20 events):
Event: 634.196 Thread 0x0000022b6c709d80 Exception <a 'java/net/SocketException'{0x000000008616edf0}: Connection reset by peer: shutdown> (0x000000008616edf0) 
thrown [s\open\src\hotspot\share\prims\jni.cpp, line 535]
Event: 634.196 Thread 0x0000022b6c709d80 Exception <a 'java/net/SocketException'{0x00000000861707a8}: Connection reset by peer: shutdown> (0x00000000861707a8) 
thrown [s\open\src\hotspot\share\prims\jni.cpp, line 535]
Event: 634.196 Thread 0x0000022b6c709d80 Exception <a 'java/net/SocketException'{0x0000000086172160}: Connection reset by peer: shutdown> (0x0000000086172160) 
thrown [s\open\src\hotspot\share\prims\jni.cpp, line 535]
Event: 634.197 Thread 0x0000022b6c709d80 Exception <a 'java/net/SocketException'{0x0000000086173b18}: Connection reset by peer: shutdown> (0x0000000086173b18) 
thrown [s\open\src\hotspot\share\prims\jni.cpp, line 535]
Event: 634.197 Thread 0x0000022b6c709d80 Exception <a 'java/net/SocketException'{0x00000000861754d0}: Connection reset by peer: shutdown> (0x00000000861754d0) 
thrown [s\open\src\hotspot\share\prims\jni.cpp, line 535]
Event: 634.197 Thread 0x0000022b6c709d80 Exception <a 'java/net/SocketException'{0x0000000086176e88}: Connection reset by peer: shutdown> (0x0000000086176e88) 
thrown [s\open\src\hotspot\share\prims\jni.cpp, line 535]
Event: 634.197 Thread 0x0000022b6c709d80 Exception <a 'java/io/IOException'{0x00000000861784e8}> (0x00000000861784e8) 
thrown [s\open\src\hotspot\share\prims\jni.cpp, line 516]
Event: 634.198 Thread 0x0000022b6c709d80 Exception <a 'java/io/IOException'{0x00000000861791a8}> (0x00000000861791a8) 
thrown [s\open\src\hotspot\share\prims\jni.cpp, line 516]
Event: 634.243 Thread 0x0000022b6c70c8d0 Exception <a 'sun/nio/fs/WindowsException'{0x0000000086fa9a20}> (0x0000000086fa9a20) 
thrown [s\open\src\hotspot\share\prims\jni.cpp, line 516]
Event: 634.493 Thread 0x0000022b6c70c8d0 Exception <a 'java/lang/NoClassDefFoundError'{0x0000000085833438}: org/flywaydb/core/Flyway> (0x0000000085833438) 
thrown [s\open\src\hotspot\share\oops\constantPool.cpp, line 836]
Event: 634.493 Thread 0x0000022b6c70c8d0 Exception <a 'java/lang/NoClassDefFoundError'{0x0000000085833a88}: liquibase/integration/spring/SpringLiquibase> (0x0000000085833a88) 
thrown [s\open\src\hotspot\share\oops\constantPool.cpp, line 836]
Event: 634.498 Thread 0x0000022b6c70c8d0 Exception <a 'java/lang/NoClassDefFoundError'{0x000000008588fbe8}: org/jooq/DSLContext> (0x000000008588fbe8) 
thrown [s\open\src\hotspot\share\oops\constantPool.cpp, line 836]
Event: 634.498 Thread 0x0000022b6c70c8d0 Exception <a 'java/lang/NoClassDefFoundError'{0x000000008589a488}: org/springframework/batch/core/repository/JobRepository> (0x000000008589a488) 
thrown [s\open\src\hotspot\share\oops\constantPool.cpp, line 836]
Event: 634.499 Thread 0x0000022b6c70c8d0 Exception <a 'java/lang/NoClassDefFoundError'{0x000000008589aad0}: org/quartz/Scheduler> (0x000000008589aad0) 
thrown [s\open\src\hotspot\share\oops\constantPool.cpp, line 836]
Event: 634.499 Thread 0x0000022b6c70c8d0 Exception <a 'java/lang/NoClassDefFoundError'{0x000000008589b140}: org/springframework/session/jdbc/JdbcIndexedSessionRepository> (0x000000008589b140) 
thrown [s\open\src\hotspot\share\oops\constantPool.cpp, line 836]
Event: 634.530 Thread 0x0000022b6c70c8d0 Exception <a 'sun/nio/fs/WindowsException'{0x00000000852896c0}> (0x00000000852896c0) 
thrown [s\open\src\hotspot\share\prims\jni.cpp, line 516]
Event: 634.530 Thread 0x0000022b6c70c8d0 Exception <a 'sun/nio/fs/WindowsException'{0x0000000085289cc8}> (0x0000000085289cc8) 
thrown [s\open\src\hotspot\share\prims\jni.cpp, line 516]
Event: 634.530 Thread 0x0000022b6c70c8d0 Exception <a 'sun/nio/fs/WindowsException'{0x000000008528a3a0}> (0x000000008528a3a0) 
thrown [s\open\src\hotspot\share\prims\jni.cpp, line 516]
Event: 634.539 Thread 0x0000022b6c70c8d0 Exception <a 'java/io/FileNotFoundException'{0x00000000852c2f98}> (0x00000000852c2f98) 
thrown [s\open\src\hotspot\share\prims\jni.cpp, line 516]
Event: 634.555 Thread 0x0000022b6c70c8d0 Exception <a 'java/io/FileNotFoundException'{0x000000008504c080}> (0x000000008504c080) 
thrown [s\open\src\hotspot\share\prims\jni.cpp, line 516]

VM Operations (20 events):
Event: 636.190 Executing VM operation: get/set locals
Event: 636.190 Executing VM operation: get/set locals done
Event: 636.225 Executing VM operation: GetObjectMonitorUsage
Event: 636.225 Executing VM operation: GetObjectMonitorUsage done
Event: 636.226 Executing VM operation: GetObjectMonitorUsage
Event: 636.226 Executing VM operation: GetObjectMonitorUsage done
Event: 636.226 Executing VM operation: GetObjectMonitorUsage
Event: 636.226 Executing VM operation: GetObjectMonitorUsage done
Event: 636.226 Executing VM operation: GetObjectMonitorUsage
Event: 636.227 Executing VM operation: GetObjectMonitorUsage done
Event: 636.310 Executing VM operation: get/set locals
Event: 636.310 Executing VM operation: get/set locals done
Event: 641.279 Executing VM operation: ChangeSingleStep
Event: 641.279 Executing VM operation: ChangeSingleStep done
Event: 641.313 Executing VM operation: ChangeSingleStep
Event: 641.313 Executing VM operation: ChangeSingleStep done
Event: 641.326 Executing VM operation: RedefineClasses
Event: 641.352 Executing VM operation: RedefineClasses done
Event: 641.661 Executing VM operation: ChangeSingleStep
Event: 641.661 Executing VM operation: ChangeSingleStep done

Events (20 events):
Event: 634.192 Thread 0x0000022b6c70bf30 Thread exited: 0x0000022b6c70bf30
Event: 634.192 Thread 0x0000022b6c70c400 Thread exited: 0x0000022b6c70c400
Event: 634.192 Thread 0x0000022b6c7080a0 Thread exited: 0x0000022b6c7080a0
Event: 634.192 Thread 0x0000022b6c70c8d0 Thread exited: 0x0000022b6c70c8d0
Event: 634.193 Thread 0x0000022b6c709d80 Thread exited: 0x0000022b6c709d80
Event: 634.193 Thread 0x0000022b6afac860 Thread exited: 0x0000022b6afac860
Event: 634.194 Thread 0x0000022b6c709d80 Thread added: 0x0000022b6c709d80
Event: 634.194 Thread 0x0000022b6c70a250 Thread exited: 0x0000022b6c70a250
Event: 634.198 Thread 0x0000022b6c709d80 Thread exited: 0x0000022b6c709d80
Event: 634.229 Thread 0x0000022b6c70f8f0 Thread added: 0x0000022b6c70f8f0
Event: 634.229 Thread 0x0000022b6c70f8f0 Thread exited: 0x0000022b6c70f8f0
Event: 634.230 Thread 0x0000022b6c70c8d0 Thread added: 0x0000022b6c70c8d0
Event: 634.285 Thread 0x0000022b6c709d80 Thread added: 0x0000022b6c709d80
Event: 634.321 Thread 0x0000022b6c709d80 Thread exited: 0x0000022b6c709d80
Event: 634.555 Thread 0x0000022b6c709d80 Thread added: 0x0000022b6c709d80
Event: 634.556 Thread 0x0000022b6c70a720 Thread added: 0x0000022b6c70a720
Event: 634.556 Thread 0x0000022b6c70cda0 Thread added: 0x0000022b6c70cda0
Event: 634.616 Thread 0x0000022b6c708a40 Thread added: 0x0000022b6c708a40
Event: 634.727 Thread 0x0000022b6c7080a0 Thread added: 0x0000022b6c7080a0
Event: 639.852 Thread 0x0000022b6c7080a0 Thread exited: 0x0000022b6c7080a0


Dynamic libraries:
0x00007ff735f90000 - 0x00007ff735f9e000 	C:\jdk\jdk-18.0.1.1\bin\javaw.exe
0x00007ffe3e7d0000 - 0x00007ffe3e9c5000 	C:\Windows\SYSTEM32\ntdll.dll
0x00007ffe3ce80000 - 0x00007ffe3cf3e000 	C:\Windows\System32\KERNEL32.DLL
0x00007ffe3c450000 - 0x00007ffe3c718000 	C:\Windows\System32\KERNELBASE.dll
0x00007ffe3c2a0000 - 0x00007ffe3c3a0000 	C:\Windows\System32\ucrtbase.dll
0x00007ffe2ff30000 - 0x00007ffe2ff47000 	C:\jdk\jdk-18.0.1.1\bin\jli.dll
0x00007ffe3c830000 - 0x00007ffe3c9d0000 	C:\Windows\System32\USER32.dll
0x00007ffe33350000 - 0x00007ffe335ea000 	C:\Windows\WinSxS\amd64_microsoft.windows.common-controls_6595b64144ccf1df_6.0.19041.1110_none_60b5254171f9507e\COMCTL32.dll
0x00007ffe3c080000 - 0x00007ffe3c0a2000 	C:\Windows\System32\win32u.dll
0x00007ffe3dd90000 - 0x00007ffe3ddba000 	C:\Windows\System32\GDI32.dll
0x00007ffe3c9d0000 - 0x00007ffe3ca6e000 	C:\Windows\System32\msvcrt.dll
0x00007ffe3c720000 - 0x00007ffe3c82b000 	C:\Windows\System32\gdi32full.dll
0x00007ffe3bfe0000 - 0x00007ffe3c07d000 	C:\Windows\System32\msvcp_win.dll
0x00007ffe2ff10000 - 0x00007ffe2ff2a000 	C:\jdk\jdk-18.0.1.1\bin\VCRUNTIME140.dll
0x00007ffe3d260000 - 0x00007ffe3d290000 	C:\Windows\System32\IMM32.DLL
0x00007ffe2ff00000 - 0x00007ffe2ff0c000 	C:\jdk\jdk-18.0.1.1\bin\vcruntime140_1.dll
0x00007ffe0fbb0000 - 0x00007ffe0fc3d000 	C:\jdk\jdk-18.0.1.1\bin\msvcp140.dll
0x00007ffdfaa70000 - 0x00007ffdfb680000 	C:\jdk\jdk-18.0.1.1\bin\server\jvm.dll
0x00007ffe3d5f0000 - 0x00007ffe3d69e000 	C:\Windows\System32\ADVAPI32.dll
0x00007ffe3cfa0000 - 0x00007ffe3d03c000 	C:\Windows\System32\sechost.dll
0x00007ffe3d050000 - 0x00007ffe3d175000 	C:\Windows\System32\RPCRT4.dll
0x00007ffe3d040000 - 0x00007ffe3d048000 	C:\Windows\System32\PSAPI.DLL
0x00007ffe37500000 - 0x00007ffe37509000 	C:\Windows\SYSTEM32\WSOCK32.dll
0x00007ffe2d610000 - 0x00007ffe2d637000 	C:\Windows\SYSTEM32\WINMM.dll
0x00007ffe361f0000 - 0x00007ffe361fa000 	C:\Windows\SYSTEM32\VERSION.dll
0x00007ffe3d180000 - 0x00007ffe3d1eb000 	C:\Windows\System32\WS2_32.dll
0x00007ffe39e20000 - 0x00007ffe39e32000 	C:\Windows\SYSTEM32\kernel.appcore.dll
0x00007ffe2fef0000 - 0x00007ffe2fefa000 	C:\jdk\jdk-18.0.1.1\bin\jimage.dll
0x00007ffe31240000 - 0x00007ffe31424000 	C:\Windows\SYSTEM32\DBGHELP.DLL
0x00007ffe31580000 - 0x00007ffe315ac000 	C:\Windows\SYSTEM32\dbgcore.DLL
0x00007ffe3c0b0000 - 0x00007ffe3c132000 	C:\Windows\System32\bcryptPrimitives.dll
0x00007ffe14760000 - 0x00007ffe1479b000 	C:\jdk\jdk-18.0.1.1\bin\jdwp.dll
0x00007ffe2ff60000 - 0x00007ffe2ff6e000 	C:\jdk\jdk-18.0.1.1\bin\instrument.dll
0x00007ffe16a10000 - 0x00007ffe16a35000 	C:\jdk\jdk-18.0.1.1\bin\java.dll
0x00007ffe0cb60000 - 0x00007ffe0cc36000 	C:\jdk\jdk-18.0.1.1\bin\jsvml.dll
0x00007ffe3df40000 - 0x00007ffe3e684000 	C:\Windows\System32\SHELL32.dll
0x00007ffe3a020000 - 0x00007ffe3a7b4000 	C:\Windows\SYSTEM32\windows.storage.dll
0x00007ffe3d290000 - 0x00007ffe3d5e4000 	C:\Windows\System32\combase.dll
0x00007ffe3b8e0000 - 0x00007ffe3b90c000 	C:\Windows\SYSTEM32\Wldp.dll
0x00007ffe3cd10000 - 0x00007ffe3cdbd000 	C:\Windows\System32\SHCORE.dll
0x00007ffe3dee0000 - 0x00007ffe3df35000 	C:\Windows\System32\shlwapi.dll
0x00007ffe3be30000 - 0x00007ffe3be4f000 	C:\Windows\SYSTEM32\profapi.dll
0x00007ffe2ff50000 - 0x00007ffe2ff5c000 	C:\jdk\jdk-18.0.1.1\bin\dt_socket.dll
0x00007ffe3b340000 - 0x00007ffe3b37b000 	C:\Windows\SYSTEM32\IPHLPAPI.DLL
0x00007ffe3b650000 - 0x00007ffe3b6ba000 	C:\Windows\system32\mswsock.dll
0x00007ffe3b380000 - 0x00007ffe3b44b000 	C:\Windows\SYSTEM32\DNSAPI.dll
0x00007ffe3d1f0000 - 0x00007ffe3d1f8000 	C:\Windows\System32\NSI.dll
0x00007ffe33cd0000 - 0x00007ffe33cda000 	C:\Windows\System32\rasadhlp.dll
0x00007ffe33cf0000 - 0x00007ffe33d6f000 	C:\Windows\System32\fwpuclnt.dll
0x00007ffe3bfb0000 - 0x00007ffe3bfd7000 	C:\Windows\System32\bcrypt.dll
0x00007ffe1fbb0000 - 0x00007ffe1fbc8000 	C:\jdk\jdk-18.0.1.1\bin\zip.dll
0x00007ffe1f4c0000 - 0x00007ffe1f4d3000 	C:\jdk\jdk-18.0.1.1\bin\net.dll
0x00007ffe33ed0000 - 0x00007ffe33fda000 	C:\Windows\SYSTEM32\WINHTTP.dll
0x00007ffe1bd70000 - 0x00007ffe1bd86000 	C:\jdk\jdk-18.0.1.1\bin\nio.dll
0x00007ffe2fee0000 - 0x00007ffe2fee9000 	C:\jdk\jdk-18.0.1.1\bin\management.dll
0x00007ffe2d7b0000 - 0x00007ffe2d7bb000 	C:\jdk\jdk-18.0.1.1\bin\management_ext.dll
0x00007ffe2b8e0000 - 0x00007ffe2b8f7000 	C:\Windows\system32\napinsp.dll
0x00007ffe29fd0000 - 0x00007ffe29feb000 	C:\Windows\system32\pnrpnsp.dll
0x00007ffe29fb0000 - 0x00007ffe29fc5000 	C:\Windows\system32\wshbth.dll
0x00007ffe37900000 - 0x00007ffe3791d000 	C:\Windows\system32\NLAapi.dll
0x00007ffe29f90000 - 0x00007ffe29fa2000 	C:\Windows\System32\winrnr.dll
0x00007ffe3b840000 - 0x00007ffe3b858000 	C:\Windows\SYSTEM32\CRYPTSP.dll
0x00007ffe3afd0000 - 0x00007ffe3b004000 	C:\Windows\system32\rsaenh.dll
0x00007ffe3bdb0000 - 0x00007ffe3bdde000 	C:\Windows\SYSTEM32\USERENV.dll
0x00007ffe3bc20000 - 0x00007ffe3bc2c000 	C:\Windows\SYSTEM32\CRYPTBASE.dll
0x00007ffe36000000 - 0x00007ffe36017000 	C:\Windows\SYSTEM32\dhcpcsvc6.DLL
0x00007ffe36210000 - 0x00007ffe3622d000 	C:\Windows\SYSTEM32\dhcpcsvc.DLL
0x00007ffe2e3e0000 - 0x00007ffe2e3f0000 	C:\jdk\jdk-18.0.1.1\bin\verify.dll
0x00007ffe2d280000 - 0x00007ffe2d28e000 	C:\jdk\jdk-18.0.1.1\bin\sunmscapi.dll
0x00007ffe3c140000 - 0x00007ffe3c296000 	C:\Windows\System32\CRYPT32.dll
0x00007ffe3b950000 - 0x00007ffe3b977000 	C:\Windows\SYSTEM32\ncrypt.dll
0x00007ffe3b910000 - 0x00007ffe3b94b000 	C:\Windows\SYSTEM32\NTASN1.dll

dbghelp: loaded successfully - version: 4.0.5 - missing functions: none
symbol engine: initialized successfully - sym options: 0x614 - pdb path: .;C:\jdk\jdk-18.0.1.1\bin;C:\Windows\SYSTEM32;C:\Windows\WinSxS\amd64_microsoft.windows.common-controls_6595b64144ccf1df_6.0.19041.1110_none_60b5254171f9507e;C:\jdk\jdk-18.0.1.1\bin\server

VM Arguments:
jvm_args: -XX:+ShowCodeDetailsInExceptionMessages -agentlib:jdwp=transport=dt_socket,suspend=y,address=localhost:56466 -Dcom.sun.management.jmxremote -Dcom.sun.management.jmxremote.port=56465 -Dcom.sun.management.jmxremote.authenticate=false -Dcom.sun.management.jmxremote.ssl=false -Djava.rmi.server.hostname=localhost -Dspring.jmx.enabled=true -Dspring.application.admin.enabled=true -XX:TieredStopAtLevel=1 -Dspring.boot.project.name=test -javaagent:C:\pleiades\2022-03\eclipse\configuration\org.eclipse.osgi\225\0\.cp\lib\javaagent-shaded.jar -Dfile.encoding=MS932 
java_command: com.test.managementsite.ManagementSiteApplication
java_class_path (initial): C:\Users\user\Desktop\yang\test\managementsite\target\classes;C:\Users\user\.m2\repository\org\springframework\boot\spring-boot-starter-data-jpa\2.6.7\spring-boot-starter-data-jpa-2.6.7.jar;C:\Users\user\.m2\repository\org\springframework\boot\spring-boot-starter-aop\2.6.7\spring-boot-starter-aop-2.6.7.jar;C:\Users\user\.m2\repository\org\springframework\spring-aop\5.3.19\spring-aop-5.3.19.jar;C:\Users\user\.m2\repository\org\aspectj\aspectjweaver\1.9.7\aspectjweaver-1.9.7.jar;C:\Users\user\.m2\repository\org\springframework\boot\spring-boot-starter-jdbc\2.6.7\spring-boot-starter-jdbc-2.6.7.jar;C:\Users\user\.m2\repository\com\zaxxer\HikariCP\4.0.3\HikariCP-4.0.3.jar;C:\Users\user\.m2\repository\org\springframework\spring-jdbc\5.3.19\spring-jdbc-5.3.19.jar;C:\Users\user\.m2\repository\jakarta\transaction\jakarta.transaction-api\1.3.3\jakarta.transaction-api-1.3.3.jar;C:\Users\user\.m2\repository\jakarta\persistence\jakarta.persistence-api\2.2.3\jakarta.persistence-api-2.2.3.jar;C:\Users\user\.m2\repository\org\hibernate\hibernate-core\5.6.8.Final\hibernate-core-5.6.8.Final.jar;C:\Users\user\.m2\repository\org\jboss\logging\jboss-logging\3.4.3.Final\jboss-logging-3.4.3.Final.jar;C:\Users\user\.m2\repository\net\bytebuddy\byte-buddy\1.11.22\byte-buddy-1.11.22.jar;C:\Users\user\.m2\repository\antlr\antlr\2.7.7\antlr-2.7.7.jar;C:\Users\user\.m2\repository\org\jboss\jandex\2.4.2.Final\jandex-2.4.2.Final.jar;C:\Users\user\.m2\repository\com\fasterxml\classmate\1.5.1\classmate-1.5.1.jar;C:\Users\user\.m2\repository\org\hibernate\common\hibernate-commons-annotations\5.1.2.Final\hibernate-commons-annotations-5.1.2.Final.jar;C:\Users\user\.m2\repository\org\glassfish\jaxb\jaxb-runtime\2.3.6\jaxb-runtime-2.3.6.jar;C:\Users\user\.m2\repository\org\glassfish\jaxb\txw2\2.3.6\txw2-2.3.6.jar;C:\Users\user\.m2\repository\com\sun\istack\istack-commons-runtime\3.0.12\istack-commons-runtime-3.0.12.jar;C:\Users\user\.m2\repository\com\sun\activation\jakarta.activation\1.2.2\jakarta.activation-1.2.2.jar;C:\Users\user\.m2\repository\org\springframework\data\spring-data-jpa\2.6.4\spring-data-jpa-2.6.4.jar;C:\Users\user\.m2\repository\org\springframework\data\spring-data-commons\2.6.4\spring-data-commons-2.6.4.jar;C:\Users\user\.m2\repository\org\springframework\spring-orm\5.3.19\spring-orm-5.3.19.jar;C:\Users\user\.m2\repository\org\springframework\spring-context\5.3.19\spring-context-5.3.19.jar;C:\Users\user\.m2\repository\org\springframework\spring-tx\5.3.19\spring-tx-5.3.19.jar;C:\Users\user\.m2\repository\org\springframework\spring-beans\5.3.19\spring-beans-5.3.19.jar;C:\Users\user\.m2\repository\org\slf4j\slf4j-api\1.7.36\slf4j-api-1.7.36.jar;C:\Users\user\.m2\repository\org\springframework\spring-aspects\5.3.19\spring-aspects-5.3.19.jar;C:\Users\user\.m2\repository\org\springframework\boot\spring-boot-starter-thymeleaf\2.6.7\spring-boot-starter-thymeleaf-2.6.7.jar;C:\Users\user\.m2\repository\org\springframework\boot\spring-boot-starter\2.6.7\spring-boot-starter-2.6.7.jar;C:\Users\user\.m2\repository\org\springframework\boot\spring-boot-starter-logging\2.6.7\spring-boot-starter-logging-2.6.7.jar;C:\Users\user\.m2\repository\ch\qos\logback\logback-classic\1.2.11\logback-classic-1.2.11.jar;C:\Users\user\.m2\repository\ch\qos\logback\logback-core\1.2.11\logback-core-1.2.11.jar;C:\Users\user\.m2\repository\org\apache\logging\log4j\log4j-to-slf4j\2.17.2\log4j-to-slf4j-2.17.2.jar;C:\Users\user\.m2\repository\org\apache\logging\log4j\log4j-api\2.17.2\log4j-api-2.17.2.jar;C:\Users\user\.m2\repository\org\slf4j\jul-to-slf4j\1.7.36\jul-to-slf4j-1.7.36.jar;C:\Users\user\.m2\repository\jakarta\annotation\jakarta.annotation-api\1.3.5\jakarta.annotation-api-1.3.5.jar;C:\Users\user\.m2\repository\org\yaml\snakeyaml\1.29\snakeyaml-1.29.jar;C:\Users\user\.m2\repository\org\thymeleaf\thymeleaf-spring5\3.0.15.RELEASE\thymeleaf-spring5-3.0.15.RELEASE.jar;C:\Users\user\.m2\repository\org\thymeleaf\thymeleaf\3.0.15.RELEASE\thymeleaf-3.0.15.RELEASE.jar;C:\Users\user\.m2\repository\org\attoparser\attoparser\2.0.5.RELEASE\attoparser-2.0.5.RELEASE.jar;C:\Users\user\.m2\repository\org\unbescape\unbescape\1.1.6.RELEASE\unbescape-1.1.6.RELEASE.jar;C:\Users\user\.m2\repository\org\thymeleaf\extras\thymeleaf-extras-java8time\3.0.4.RELEASE\thymeleaf-extras-java8time-3.0.4.RELEASE.jar;C:\Users\user\.m2\repository\org\springframework\boot\spring-boot-starter-web\2.6.7\spring-boot-starter-web-2.6.7.jar;C:\Users\user\.m2\repository\org\springframework\boot\spring-boot-starter-json\2.6.7\spring-boot-starter-json-2.6.7.jar;C:\Users\user\.m2\repository\com\fasterxml\jackson\core\jackson-databind\2.13.2.1\jackson-databind-2.13.2.1.jar;C:\Users\user\.m2\repository\com\fasterxml\jackson\core\jackson-annotations\2.13.2\jackson-annotations-2.13.2.jar;C:\Users\user\.m2\repository\com\fasterxml\jackson\core\jackson-core\2.13.2\jackson-core-2.13.2.jar;C:\Users\user\.m2\repository\com\fasterxml\jackson\datatype\jackson-datatype-jdk8\2.13.2\jackson-datatype-jdk8-2.13.2.jar;C:\Users\user\.m2\repository\com\fasterxml\jackson\datatype\jackson-datatype-jsr310\2.13.2\jackson-datatype-jsr310-2.13.2.jar;C:\Users\user\.m2\repository\com\fasterxml\jackson\module\jackson-module-parameter-names\2.13.2\jackson-module-parameter-names-2.13.2.jar;C:\Users\user\.m2\repository\org\springframework\boot\spring-boot-starter-tomcat\2.6.7\spring-boot-starter-tomcat-2.6.7.jar;C:\Users\user\.m2\repository\org\apache\tomcat\embed\tomcat-embed-core\9.0.62\tomcat-embed-core-9.0.62.jar;C:\Users\user\.m2\repository\org\apache\tomcat\embed\tomcat-embed-websocket\9.0.62\tomcat-embed-websocket-9.0.62.jar;C:\Users\user\.m2\repository\org\springframework\spring-web\5.3.19\spring-web-5.3.19.jar;C:\Users\user\.m2\repository\org\springframework\spring-webmvc\5.3.19\spring-webmvc-5.3.19.jar;C:\Users\user\.m2\repository\org\springframework\spring-expression\5.3.19\spring-expression-5.3.19.jar;C:\Users\user\.m2\repository\org\mybatis\spring\boot\mybatis-spring-boot-starter\2.2.2\mybatis-spring-boot-starter-2.2.2.jar;C:\Users\user\.m2\repository\org\mybatis\spring\boot\mybatis-spring-boot-autoconfigure\2.2.2\mybatis-spring-boot-autoconfigure-2.2.2.jar;C:\Users\user\.m2\repository\org\mybatis\mybatis\3.5.9\mybatis-3.5.9.jar;C:\Users\user\.m2\repository\org\mybatis\mybatis-spring\2.0.7\mybatis-spring-2.0.7.jar;C:\Users\user\.m2\repository\org\springframework\boot\spring-boot-devtools\2.6.7\spring-boot-devtools-2.6.7.jar;C:\Users\user\.m2\repository\org\springframework\boot\spring-boot\2.6.7\spring-boot-2.6.7.jar;C:\Users\user\.m2\repository\org\springframework\boot\spring-boot-autoconfigure\2.6.7\spring-boot-autoconfigure-2.6.7.jar;C:\Users\user\.m2\repository\mysql\mysql-connector-java\8.0.28\mysql-connector-java-8.0.28.jar;C:\Users\user\.m2\repository\org\projectlombok\lombok\1.18.24\lombok-1.18.24.jar;C:\Users\user\.m2\repository\jakarta\xml\bind\jakarta.xml.bind-api\2.3.3\jakarta.xml.bind-api-2.3.3.jar;C:\Users\user\.m2\repository\jakarta\activation\jakarta.activation-api\1.2.2\jakarta.activation-api-1.2.2.jar;C:\Users\user\.m2\repository\org\springframework\spring-core\5.3.19\spring-core-5.3.19.jar;C:\Users\user\.m2\repository\org\springframework\spring-jcl\5.3.19\spring-jcl-5.3.19.jar;C:\Users\user\.m2\repository\javax\validation\validation-api\2.0.1.Final\validation-api-2.0.1.Final.jar;C:\Users\user\.m2\repository\org\jetbrains\annotations\23.0.0\annotations-23.0.0.jar;C:\Users\user\.m2\repository\org\springframework\boot\spring-boot-starter-validation\2.6.7\spring-boot-starter-validation-2.6.7.jar;C:\Users\user\.m2\repository\org\apache\tomcat\embed\tomcat-embed-el\9.0.62\tomcat-embed-el-9.0.62.jar;C:\Users\user\.m2\repository\org\hibernate\validator\hibernate-validator\6.2.3.Final\hibernate-validator-6.2.3.Final.jar;C:\Users\user\.m2\repository\jakarta\validation\jakarta.validation-api\2.0.2\jakarta.validation-api-2.0.2.jar
Launcher Type: SUN_STANDARD

[Global flags]
     intx CICompilerCount                          = 4                                         {product} {ergonomic}
     uint ConcGCThreads                            = 2                                         {product} {ergonomic}
     uint G1ConcRefinementThreads                  = 8                                         {product} {ergonomic}
   size_t G1HeapRegionSize                         = 1048576                                   {product} {ergonomic}
    uintx GCDrainStackTargetSize                   = 64                                        {product} {ergonomic}
   size_t InitialHeapSize                          = 134217728                                 {product} {ergonomic}
     bool ManagementServer                         = true                                      {product} {command line}
   size_t MarkStackSize                            = 4194304                                   {product} {ergonomic}
   size_t MaxHeapSize                              = 2124414976                                {product} {ergonomic}
   size_t MaxNewSize                               = 1274019840                                {product} {ergonomic}
   size_t MinHeapDeltaBytes                        = 1048576                                   {product} {ergonomic}
   size_t MinHeapSize                              = 8388608                                   {product} {ergonomic}
    uintx NonProfiledCodeHeapSize                  = 0                                      {pd product} {ergonomic}
     bool ProfileInterpreter                       = false                                  {pd product} {command line}
    uintx ProfiledCodeHeapSize                     = 0                                      {pd product} {ergonomic}
     bool ShowCodeDetailsInExceptionMessages       = true                                   {manageable} {command line}
   size_t SoftMaxHeapSize                          = 2124414976                             {manageable} {ergonomic}
     intx TieredStopAtLevel                        = 1                                         {product} {command line}
     bool UseCompressedClassPointers               = true                           {product lp64_product} {ergonomic}
     bool UseCompressedOops                        = true                           {product lp64_product} {ergonomic}
     bool UseG1GC                                  = true                                      {product} {ergonomic}
     bool UseLargePagesIndividualAllocation        = false                                  {pd product} {ergonomic}

Logging:
Log output configuration:
 #0: stdout all=warning uptime,level,tags foldmultilines=false
 #1: stderr all=off uptime,level,tags foldmultilines=false

Environment Variables:
PATH=C:/pleiades/2022-03/java/17/bin/server;C:/pleiades/2022-03/java/17/bin;C:\Program Files\Common Files\Oracle\Java\javapath;C:\Windows\system32;C:\Windows;C:\Windows\System32\Wbem;C:\Windows\System32\WindowsPowerShell\v1.0\;C:\Windows\System32\OpenSSH\;C:\Program Files\Git\cmd;C:\Program Files\nodejs\;C:\Program Files (x86)\Yarn\bin\;C:\jdk\openjdk-14.0.1_windows-x64_bin\jdk-14.0.1\bin;C:\Program Files\Bandizip\;D:\apache-maven-3.8.5\bin;C:\Program Files\MySQL\MySQL Server 8.0\bin;C:\Users\user\AppData\Local\Programs\Python\Python310\Scripts\;C:\Users\user\AppData\Local\Programs\Python\Python310\;C:\Program Files\MySQL\MySQL Shell 8.0\bin\;C:\Users\user\AppData\Local\Microsoft\WindowsApps;C:\Users\user\AppData\Local\GitHubDesktop\bin;C:\Users\user\AppData\Roaming\npm;C:\Users\user\AppData\Local\Programs\Microsoft VS Code\bin;C:\Users\user\AppData\Local\Yarn\bin;C:\Program Files\JetBrains\IntelliJ IDEA Community Edition 2022.1\bin;;C:\Program Files\MySQL\MySQL Server 8.0\bin;;C:\pleiades\2022-03\eclipse;
USERNAME=user
OS=Windows_NT
PROCESSOR_IDENTIFIER=Intel64 Family 6 Model 158 Stepping 9, GenuineIntel



---------------  S Y S T E M  ---------------

OS:
 Windows 10 , 64 bit Build 19041 (10.0.19041.1645)
OS uptime: 1 days 20:09 hours

CPU: total 8 (initial active 8) (4 cores per cpu, 2 threads per core) family 6 model 158 stepping 9 microcode 0xb4, cx8, cmov, fxsr, ht, mmx, 3dnowpref, sse, sse2, sse3, ssse3, sse4.1, sse4.2, popcnt, lzcnt, tsc, tscinvbit, avx, avx2, aes, erms, clmul, bmi1, bmi2, rtm, adx, fma, vzeroupper, clflush, clflushopt

Memory: 4k page, system-wide physical 8099M (1237M free)
TotalPageFile size 13219M (AvailPageFile size 5182M)
current process WorkingSet (physical memory assigned to process): 245M, peak: 260M
current process commit charge ("private bytes"): 285M, peak: 316M

vm_info: OpenJDK 64-Bit Server VM (18.0.1.1+2-6) for windows-amd64 JRE (18.0.1.1+2-6), built on Apr 25 2022 21:50:56 by "mach5one" with MS VC++ 16.8 / 16.9 (VS2019)

END.
